[2026-06-24 14:49:16,334][__main__][INFO] - Original working directory: /media/Hulu/面部反应生成/baseline_react2026-main-v2
[2026-06-24 14:49:16,334][__main__][INFO] - Instantiating trainer
[2026-06-24 14:49:16,559][__main__][INFO] - Done instantiating trainer
[2026-06-24 14:49:16,559][__main__][INFO] - Instantiating data module
[2026-06-24 14:49:16,598][__main__][INFO] - Model Fitting ...
[2026-06-24 14:49:16,598][trainer.motion_diffusion][INFO] - Loading data module
[2026-06-24 14:49:16,757][trainer.motion_diffusion][INFO] - Data module loaded
[2026-06-24 14:49:16,757][trainer.motion_diffusion][INFO] - Loading criterion
[2026-06-24 14:49:16,760][trainer.motion_diffusion][INFO] - Criterion loaded
[2026-06-24 14:49:16,760][trainer.motion_diffusion][INFO] - Loading writer
[2026-06-24 14:49:16,761][trainer.motion_diffusion][INFO] - Writer loaded: tb_logs
[2026-06-24 14:49:17,152][trainer.motion_diffusion][INFO] - Starting warmup for 10 epochs: Freezing diffusion, training GRU predictor only.
[2026-06-24 14:49:36,893][root][INFO] - Warmup Epoch: 1  pred_loss: 0.28931
[2026-06-24 14:49:56,366][root][INFO] - Warmup Epoch: 2  pred_loss: 0.27394
[2026-06-24 14:50:15,960][root][INFO] - Warmup Epoch: 3  pred_loss: 0.27632
[2026-06-24 14:50:35,700][root][INFO] - Warmup Epoch: 4  pred_loss: 0.27627
[2026-06-24 14:50:55,472][root][INFO] - Warmup Epoch: 5  pred_loss: 0.27374
[2026-06-24 14:51:14,926][root][INFO] - Warmup Epoch: 6  pred_loss: 0.25956
[2026-06-24 14:51:34,801][root][INFO] - Warmup Epoch: 7  pred_loss: 0.25451
[2026-06-24 14:51:54,482][root][INFO] - Warmup Epoch: 8  pred_loss: 0.26040
[2026-06-24 14:52:14,168][root][INFO] - Warmup Epoch: 9  pred_loss: 0.25113
[2026-06-24 14:52:33,687][root][INFO] - Warmup Epoch: 10  pred_loss: 0.25439
[2026-06-24 14:52:40,297][root][INFO] - Warmup Validation Epoch: 10  val_pred_loss: 0.27661
[2026-06-24 14:52:40,297][trainer.motion_diffusion][INFO] - Warmup finished. Unfreezing all parameters for joint training.
[2026-06-24 14:53:33,421][root][INFO] - Epoch: 11  train_diff_loss: 1.71656  au_rec_loss: 0.13913  va_rec_loss: 0.13024  em_rec_loss: 0.12317  pred_loss: 0.25883
[2026-06-24 14:54:26,281][root][INFO] - Epoch: 12  train_diff_loss: 1.39296  au_rec_loss: 0.12970  va_rec_loss: 0.08216  em_rec_loss: 0.11179  pred_loss: 0.25156
[2026-06-24 14:55:19,142][root][INFO] - Epoch: 13  train_diff_loss: 1.33382  au_rec_loss: 0.12263  va_rec_loss: 0.07866  em_rec_loss: 0.10534  pred_loss: 0.25135
[2026-06-24 14:56:12,534][root][INFO] - Epoch: 14  train_diff_loss: 1.00647  au_rec_loss: 0.09304  va_rec_loss: 0.04716  em_rec_loss: 0.07791  pred_loss: 0.24901
[2026-06-24 14:57:05,985][root][INFO] - Epoch: 15  train_diff_loss: 0.87664  au_rec_loss: 0.07492  va_rec_loss: 0.03844  em_rec_loss: 0.06358  pred_loss: 0.25265
[2026-06-24 14:57:58,928][root][INFO] - Epoch: 16  train_diff_loss: 0.80904  au_rec_loss: 0.06715  va_rec_loss: 0.03567  em_rec_loss: 0.05698  pred_loss: 0.24083
[2026-06-24 14:58:51,800][root][INFO] - Epoch: 17  train_diff_loss: 0.78044  au_rec_loss: 0.06260  va_rec_loss: 0.03449  em_rec_loss: 0.05324  pred_loss: 0.24176
[2026-06-24 14:59:45,430][root][INFO] - Epoch: 18  train_diff_loss: 0.75546  au_rec_loss: 0.05991  va_rec_loss: 0.03355  em_rec_loss: 0.04983  pred_loss: 0.24180
[2026-06-24 15:00:38,321][root][INFO] - Epoch: 19  train_diff_loss: 0.74574  au_rec_loss: 0.05834  va_rec_loss: 0.03182  em_rec_loss: 0.04799  pred_loss: 0.25155
[2026-06-24 15:01:31,704][root][INFO] - Epoch: 20  train_diff_loss: 0.72960  au_rec_loss: 0.05685  va_rec_loss: 0.03289  em_rec_loss: 0.04676  pred_loss: 0.23849
[2026-06-24 15:01:38,446][root][INFO] - Epoch: 20  val_diff_loss: 0.77007  au_rec_loss: 0.05971  va_rec_loss: 0.03350  em_rec_loss: 0.04769  pred_loss: 0.26992
[2026-06-24 15:01:38,446][root][INFO] - New best diff_decoder_loss (0.77007) at epoch 20, saving checkpoint
[2026-06-24 15:02:40,539][root][INFO] - Epoch: 21  train_diff_loss: 0.72819  au_rec_loss: 0.05563  va_rec_loss: 0.03204  em_rec_loss: 0.04567  pred_loss: 0.24742
[2026-06-24 15:03:33,547][root][INFO] - Epoch: 22  train_diff_loss: 0.71137  au_rec_loss: 0.05410  va_rec_loss: 0.03165  em_rec_loss: 0.04503  pred_loss: 0.23736
[2026-06-24 15:04:26,574][root][INFO] - Epoch: 23  train_diff_loss: 0.70476  au_rec_loss: 0.05364  va_rec_loss: 0.03022  em_rec_loss: 0.04377  pred_loss: 0.24512
[2026-06-24 15:05:19,929][root][INFO] - Epoch: 24  train_diff_loss: 0.69724  au_rec_loss: 0.05277  va_rec_loss: 0.03033  em_rec_loss: 0.04302  pred_loss: 0.24204
[2026-06-24 15:06:13,138][root][INFO] - Epoch: 25  train_diff_loss: 0.69956  au_rec_loss: 0.05329  va_rec_loss: 0.02972  em_rec_loss: 0.04280  pred_loss: 0.24811
[2026-06-24 15:07:06,058][root][INFO] - Epoch: 26  train_diff_loss: 0.68039  au_rec_loss: 0.05266  va_rec_loss: 0.02954  em_rec_loss: 0.04189  pred_loss: 0.23505
[2026-06-24 15:07:58,966][root][INFO] - Epoch: 27  train_diff_loss: 0.67848  au_rec_loss: 0.05147  va_rec_loss: 0.02960  em_rec_loss: 0.04155  pred_loss: 0.23591
[2026-06-24 15:08:52,447][root][INFO] - Epoch: 28  train_diff_loss: 0.68337  au_rec_loss: 0.05155  va_rec_loss: 0.02943  em_rec_loss: 0.04123  pred_loss: 0.24378
[2026-06-24 15:09:45,595][root][INFO] - Epoch: 29  train_diff_loss: 0.68388  au_rec_loss: 0.05135  va_rec_loss: 0.02916  em_rec_loss: 0.04121  pred_loss: 0.24608
[2026-06-24 15:10:38,439][root][INFO] - Epoch: 30  train_diff_loss: 0.67866  au_rec_loss: 0.05164  va_rec_loss: 0.02976  em_rec_loss: 0.04118  pred_loss: 0.23785
[2026-06-24 15:10:45,680][root][INFO] - Epoch: 30  val_diff_loss: 0.73793  au_rec_loss: 0.05533  va_rec_loss: 0.03149  em_rec_loss: 0.04341  pred_loss: 0.27287
[2026-06-24 15:10:45,681][root][INFO] - New best diff_decoder_loss (0.73793) at epoch 30, saving checkpoint
[2026-06-24 15:11:47,717][root][INFO] - Epoch: 31  train_diff_loss: 0.65906  au_rec_loss: 0.04937  va_rec_loss: 0.02796  em_rec_loss: 0.03938  pred_loss: 0.23917
[2026-06-24 15:12:40,608][root][INFO] - Epoch: 32  train_diff_loss: 0.65017  au_rec_loss: 0.04880  va_rec_loss: 0.02764  em_rec_loss: 0.03934  pred_loss: 0.23263
[2026-06-24 15:13:34,206][root][INFO] - Epoch: 33  train_diff_loss: 0.65802  au_rec_loss: 0.04996  va_rec_loss: 0.02883  em_rec_loss: 0.03962  pred_loss: 0.23239
[2026-06-24 15:14:27,121][root][INFO] - Epoch: 34  train_diff_loss: 0.64600  au_rec_loss: 0.04866  va_rec_loss: 0.02820  em_rec_loss: 0.03891  pred_loss: 0.22792
[2026-06-24 15:15:19,979][root][INFO] - Epoch: 35  train_diff_loss: 0.65161  au_rec_loss: 0.04915  va_rec_loss: 0.02785  em_rec_loss: 0.03904  pred_loss: 0.23428
[2026-06-24 15:16:12,801][root][INFO] - Epoch: 36  train_diff_loss: 0.63552  au_rec_loss: 0.04867  va_rec_loss: 0.02715  em_rec_loss: 0.03809  pred_loss: 0.22757
[2026-06-24 15:17:06,040][root][INFO] - Epoch: 37  train_diff_loss: 0.64769  au_rec_loss: 0.04893  va_rec_loss: 0.02650  em_rec_loss: 0.03859  pred_loss: 0.24022
[2026-06-24 15:17:59,699][root][INFO] - Epoch: 38  train_diff_loss: 0.64887  au_rec_loss: 0.04768  va_rec_loss: 0.02741  em_rec_loss: 0.03818  pred_loss: 0.24067
[2026-06-24 15:18:52,912][root][INFO] - Epoch: 39  train_diff_loss: 0.64247  au_rec_loss: 0.04842  va_rec_loss: 0.02742  em_rec_loss: 0.03823  pred_loss: 0.23340
[2026-06-24 15:19:46,368][root][INFO] - Epoch: 40  train_diff_loss: 0.63462  au_rec_loss: 0.04775  va_rec_loss: 0.02610  em_rec_loss: 0.03812  pred_loss: 0.23299
[2026-06-24 15:19:53,691][root][INFO] - Epoch: 40  val_diff_loss: 0.72442  au_rec_loss: 0.05447  va_rec_loss: 0.03275  em_rec_loss: 0.04395  pred_loss: 0.25416
[2026-06-24 15:19:53,691][root][INFO] - New best diff_decoder_loss (0.72442) at epoch 40, saving checkpoint
[2026-06-24 15:21:06,820][root][INFO] - Epoch: 41  train_diff_loss: 0.63082  au_rec_loss: 0.04728  va_rec_loss: 0.02646  em_rec_loss: 0.03774  pred_loss: 0.23014
[2026-06-24 15:22:00,204][root][INFO] - Epoch: 42  train_diff_loss: 0.62114  au_rec_loss: 0.04724  va_rec_loss: 0.02485  em_rec_loss: 0.03713  pred_loss: 0.23110
[2026-06-24 15:22:53,515][root][INFO] - Epoch: 43  train_diff_loss: 0.62840  au_rec_loss: 0.04655  va_rec_loss: 0.02600  em_rec_loss: 0.03723  pred_loss: 0.23315
[2026-06-24 15:23:47,142][root][INFO] - Epoch: 44  train_diff_loss: 0.61972  au_rec_loss: 0.04697  va_rec_loss: 0.02535  em_rec_loss: 0.03718  pred_loss: 0.22776
[2026-06-24 15:24:45,934][root][INFO] - Epoch: 45  train_diff_loss: 0.61810  au_rec_loss: 0.04586  va_rec_loss: 0.02503  em_rec_loss: 0.03657  pred_loss: 0.23227
[2026-06-24 15:25:39,294][root][INFO] - Epoch: 46  train_diff_loss: 0.61793  au_rec_loss: 0.04696  va_rec_loss: 0.02522  em_rec_loss: 0.03680  pred_loss: 0.22906
[2026-06-24 15:26:32,348][root][INFO] - Epoch: 47  train_diff_loss: 0.62975  au_rec_loss: 0.04634  va_rec_loss: 0.02566  em_rec_loss: 0.03662  pred_loss: 0.23962
[2026-06-24 15:27:25,357][root][INFO] - Epoch: 48  train_diff_loss: 0.60992  au_rec_loss: 0.04652  va_rec_loss: 0.02453  em_rec_loss: 0.03645  pred_loss: 0.22648
[2026-06-24 15:28:18,465][root][INFO] - Epoch: 49  train_diff_loss: 0.61739  au_rec_loss: 0.04654  va_rec_loss: 0.02564  em_rec_loss: 0.03650  pred_loss: 0.22871
[2026-06-24 15:29:11,311][root][INFO] - Epoch: 50  train_diff_loss: 0.61500  au_rec_loss: 0.04641  va_rec_loss: 0.02515  em_rec_loss: 0.03611  pred_loss: 0.23064
[2026-06-24 15:29:18,543][root][INFO] - Epoch: 50  val_diff_loss: 0.70401  au_rec_loss: 0.05337  va_rec_loss: 0.03258  em_rec_loss: 0.04077  pred_loss: 0.25039
[2026-06-24 15:29:18,543][root][INFO] - New best diff_decoder_loss (0.70401) at epoch 50, saving checkpoint
[2026-06-24 15:30:21,327][root][INFO] - Epoch: 51  train_diff_loss: 0.60866  au_rec_loss: 0.04668  va_rec_loss: 0.02467  em_rec_loss: 0.03614  pred_loss: 0.22677
[2026-06-24 15:31:14,213][root][INFO] - Epoch: 52  train_diff_loss: 0.60367  au_rec_loss: 0.04597  va_rec_loss: 0.02406  em_rec_loss: 0.03596  pred_loss: 0.22716
[2026-06-24 15:32:07,755][root][INFO] - Epoch: 53  train_diff_loss: 0.60909  au_rec_loss: 0.04612  va_rec_loss: 0.02407  em_rec_loss: 0.03614  pred_loss: 0.23139
[2026-06-24 15:33:01,275][root][INFO] - Epoch: 54  train_diff_loss: 0.60342  au_rec_loss: 0.04532  va_rec_loss: 0.02468  em_rec_loss: 0.03577  pred_loss: 0.22437
[2026-06-24 15:33:54,118][root][INFO] - Epoch: 55  train_diff_loss: 0.59362  au_rec_loss: 0.04505  va_rec_loss: 0.02354  em_rec_loss: 0.03516  pred_loss: 0.22453
[2026-06-24 15:34:46,955][root][INFO] - Epoch: 56  train_diff_loss: 0.58962  au_rec_loss: 0.04410  va_rec_loss: 0.02339  em_rec_loss: 0.03491  pred_loss: 0.22339
[2026-06-24 15:35:39,928][root][INFO] - Epoch: 57  train_diff_loss: 0.59445  au_rec_loss: 0.04538  va_rec_loss: 0.02333  em_rec_loss: 0.03539  pred_loss: 0.22421
[2026-06-24 15:36:33,030][root][INFO] - Epoch: 58  train_diff_loss: 0.60044  au_rec_loss: 0.04428  va_rec_loss: 0.02328  em_rec_loss: 0.03489  pred_loss: 0.23434
[2026-06-24 15:37:26,522][root][INFO] - Epoch: 59  train_diff_loss: 0.60198  au_rec_loss: 0.04540  va_rec_loss: 0.02377  em_rec_loss: 0.03539  pred_loss: 0.23005
[2026-06-24 15:38:19,339][root][INFO] - Epoch: 60  train_diff_loss: 0.61244  au_rec_loss: 0.04595  va_rec_loss: 0.02388  em_rec_loss: 0.03536  pred_loss: 0.24030
[2026-06-24 15:38:26,598][root][INFO] - Epoch: 60  val_diff_loss: 0.69442  au_rec_loss: 0.05401  va_rec_loss: 0.03057  em_rec_loss: 0.04190  pred_loss: 0.24547
[2026-06-24 15:38:26,598][root][INFO] - New best diff_decoder_loss (0.69442) at epoch 60, saving checkpoint
[2026-06-24 15:39:28,427][root][INFO] - Epoch: 61  train_diff_loss: 0.59010  au_rec_loss: 0.04403  va_rec_loss: 0.02295  em_rec_loss: 0.03437  pred_loss: 0.22889
[2026-06-24 15:40:21,509][root][INFO] - Epoch: 62  train_diff_loss: 0.59085  au_rec_loss: 0.04497  va_rec_loss: 0.02399  em_rec_loss: 0.03503  pred_loss: 0.22068
[2026-06-24 15:41:14,394][root][INFO] - Epoch: 63  train_diff_loss: 0.59232  au_rec_loss: 0.04455  va_rec_loss: 0.02356  em_rec_loss: 0.03462  pred_loss: 0.22703
[2026-06-24 15:42:07,864][root][INFO] - Epoch: 64  train_diff_loss: 0.59606  au_rec_loss: 0.04427  va_rec_loss: 0.02366  em_rec_loss: 0.03438  pred_loss: 0.23163
[2026-06-24 15:43:00,990][root][INFO] - Epoch: 65  train_diff_loss: 0.58762  au_rec_loss: 0.04352  va_rec_loss: 0.02306  em_rec_loss: 0.03427  pred_loss: 0.22724
[2026-06-24 15:43:54,123][root][INFO] - Epoch: 66  train_diff_loss: 0.59571  au_rec_loss: 0.04511  va_rec_loss: 0.02343  em_rec_loss: 0.03490  pred_loss: 0.22816
[2026-06-24 15:44:46,925][root][INFO] - Epoch: 67  train_diff_loss: 0.59200  au_rec_loss: 0.04498  va_rec_loss: 0.02273  em_rec_loss: 0.03469  pred_loss: 0.22969
[2026-06-24 15:45:39,868][root][INFO] - Epoch: 68  train_diff_loss: 0.58174  au_rec_loss: 0.04445  va_rec_loss: 0.02247  em_rec_loss: 0.03400  pred_loss: 0.22552
[2026-06-24 15:46:32,797][root][INFO] - Epoch: 69  train_diff_loss: 0.58580  au_rec_loss: 0.04411  va_rec_loss: 0.02335  em_rec_loss: 0.03450  pred_loss: 0.22285
[2026-06-24 15:47:25,671][root][INFO] - Epoch: 70  train_diff_loss: 0.58922  au_rec_loss: 0.04396  va_rec_loss: 0.02307  em_rec_loss: 0.03429  pred_loss: 0.22844
[2026-06-24 15:47:33,041][root][INFO] - Epoch: 70  val_diff_loss: 0.67119  au_rec_loss: 0.05257  va_rec_loss: 0.02920  em_rec_loss: 0.04038  pred_loss: 0.23882
[2026-06-24 15:47:33,041][root][INFO] - New best diff_decoder_loss (0.67119) at epoch 70, saving checkpoint
[2026-06-24 15:48:35,440][root][INFO] - Epoch: 71  train_diff_loss: 0.58378  au_rec_loss: 0.04345  va_rec_loss: 0.02301  em_rec_loss: 0.03386  pred_loss: 0.22665
[2026-06-24 15:49:28,645][root][INFO] - Epoch: 72  train_diff_loss: 0.57844  au_rec_loss: 0.04394  va_rec_loss: 0.02287  em_rec_loss: 0.03426  pred_loss: 0.21924
[2026-06-24 15:50:22,025][root][INFO] - Epoch: 73  train_diff_loss: 0.57335  au_rec_loss: 0.04421  va_rec_loss: 0.02296  em_rec_loss: 0.03391  pred_loss: 0.21477
[2026-06-24 15:51:15,322][root][INFO] - Epoch: 74  train_diff_loss: 0.57104  au_rec_loss: 0.04348  va_rec_loss: 0.02205  em_rec_loss: 0.03357  pred_loss: 0.21989
[2026-06-24 15:52:08,218][root][INFO] - Epoch: 75  train_diff_loss: 0.57004  au_rec_loss: 0.04318  va_rec_loss: 0.02207  em_rec_loss: 0.03369  pred_loss: 0.21846
[2026-06-24 15:53:01,543][root][INFO] - Epoch: 76  train_diff_loss: 0.58131  au_rec_loss: 0.04350  va_rec_loss: 0.02260  em_rec_loss: 0.03371  pred_loss: 0.22610
[2026-06-24 15:53:54,924][root][INFO] - Epoch: 77  train_diff_loss: 0.58155  au_rec_loss: 0.04372  va_rec_loss: 0.02229  em_rec_loss: 0.03375  pred_loss: 0.22824
[2026-06-24 15:54:47,968][root][INFO] - Epoch: 78  train_diff_loss: 0.56822  au_rec_loss: 0.04354  va_rec_loss: 0.02210  em_rec_loss: 0.03365  pred_loss: 0.21649
[2026-06-24 15:55:41,205][root][INFO] - Epoch: 79  train_diff_loss: 0.57636  au_rec_loss: 0.04353  va_rec_loss: 0.02242  em_rec_loss: 0.03376  pred_loss: 0.22294
[2026-06-24 15:56:34,056][root][INFO] - Epoch: 80  train_diff_loss: 0.58245  au_rec_loss: 0.04356  va_rec_loss: 0.02271  em_rec_loss: 0.03377  pred_loss: 0.22722
[2026-06-24 15:56:41,091][root][INFO] - Epoch: 80  val_diff_loss: 0.68300  au_rec_loss: 0.05290  va_rec_loss: 0.03085  em_rec_loss: 0.04104  pred_loss: 0.23895
[2026-06-24 15:57:42,300][root][INFO] - Epoch: 81  train_diff_loss: 0.57453  au_rec_loss: 0.04303  va_rec_loss: 0.02145  em_rec_loss: 0.03348  pred_loss: 0.22723
[2026-06-24 15:58:35,606][root][INFO] - Epoch: 82  train_diff_loss: 0.58239  au_rec_loss: 0.04270  va_rec_loss: 0.02174  em_rec_loss: 0.03313  pred_loss: 0.23572
[2026-06-24 15:59:29,159][root][INFO] - Epoch: 83  train_diff_loss: 0.57344  au_rec_loss: 0.04299  va_rec_loss: 0.02223  em_rec_loss: 0.03347  pred_loss: 0.22296
[2026-06-24 16:00:21,978][root][INFO] - Epoch: 84  train_diff_loss: 0.57596  au_rec_loss: 0.04310  va_rec_loss: 0.02197  em_rec_loss: 0.03330  pred_loss: 0.22728
[2026-06-24 16:01:14,840][root][INFO] - Epoch: 85  train_diff_loss: 0.56476  au_rec_loss: 0.04197  va_rec_loss: 0.02210  em_rec_loss: 0.03300  pred_loss: 0.21795
[2026-06-24 16:02:08,384][root][INFO] - Epoch: 86  train_diff_loss: 0.57856  au_rec_loss: 0.04216  va_rec_loss: 0.02277  em_rec_loss: 0.03324  pred_loss: 0.22726
[2026-06-24 16:03:01,794][root][INFO] - Epoch: 87  train_diff_loss: 0.57189  au_rec_loss: 0.04350  va_rec_loss: 0.02239  em_rec_loss: 0.03367  pred_loss: 0.21990
[2026-06-24 16:03:55,301][root][INFO] - Epoch: 88  train_diff_loss: 0.56868  au_rec_loss: 0.04339  va_rec_loss: 0.02190  em_rec_loss: 0.03320  pred_loss: 0.22144
[2026-06-24 16:04:48,584][root][INFO] - Epoch: 89  train_diff_loss: 0.56541  au_rec_loss: 0.04253  va_rec_loss: 0.02177  em_rec_loss: 0.03315  pred_loss: 0.21975
[2026-06-24 16:05:41,406][root][INFO] - Epoch: 90  train_diff_loss: 0.56321  au_rec_loss: 0.04161  va_rec_loss: 0.02149  em_rec_loss: 0.03268  pred_loss: 0.22271
[2026-06-24 16:05:48,462][root][INFO] - Epoch: 90  val_diff_loss: 0.67353  au_rec_loss: 0.05008  va_rec_loss: 0.03009  em_rec_loss: 0.03929  pred_loss: 0.24515
[2026-06-24 16:06:47,946][root][INFO] - Epoch: 91  train_diff_loss: 0.55860  au_rec_loss: 0.04217  va_rec_loss: 0.02173  em_rec_loss: 0.03281  pred_loss: 0.21551
[2026-06-24 16:07:41,651][root][INFO] - Epoch: 92  train_diff_loss: 0.56579  au_rec_loss: 0.04231  va_rec_loss: 0.02139  em_rec_loss: 0.03282  pred_loss: 0.22391
[2026-06-24 16:08:34,776][root][INFO] - Epoch: 93  train_diff_loss: 0.55982  au_rec_loss: 0.04222  va_rec_loss: 0.02129  em_rec_loss: 0.03291  pred_loss: 0.21768
[2026-06-24 16:09:27,858][root][INFO] - Epoch: 94  train_diff_loss: 0.56676  au_rec_loss: 0.04217  va_rec_loss: 0.02169  em_rec_loss: 0.03287  pred_loss: 0.22351
[2026-06-24 16:10:21,114][root][INFO] - Epoch: 95  train_diff_loss: 0.56843  au_rec_loss: 0.04206  va_rec_loss: 0.02188  em_rec_loss: 0.03288  pred_loss: 0.22427
[2026-06-24 16:11:13,926][root][INFO] - Epoch: 96  train_diff_loss: 0.56119  au_rec_loss: 0.04273  va_rec_loss: 0.02124  em_rec_loss: 0.03263  pred_loss: 0.22049
[2026-06-24 16:12:07,492][root][INFO] - Epoch: 97  train_diff_loss: 0.55789  au_rec_loss: 0.04290  va_rec_loss: 0.02184  em_rec_loss: 0.03306  pred_loss: 0.21180
[2026-06-24 16:13:00,337][root][INFO] - Epoch: 98  train_diff_loss: 0.55768  au_rec_loss: 0.04194  va_rec_loss: 0.02102  em_rec_loss: 0.03261  pred_loss: 0.21890
[2026-06-24 16:13:53,654][root][INFO] - Epoch: 99  train_diff_loss: 0.56179  au_rec_loss: 0.04265  va_rec_loss: 0.02110  em_rec_loss: 0.03237  pred_loss: 0.22311
[2026-06-24 16:14:46,606][root][INFO] - Epoch: 100  train_diff_loss: 0.56030  au_rec_loss: 0.04225  va_rec_loss: 0.02160  em_rec_loss: 0.03270  pred_loss: 0.21830
[2026-06-24 16:14:53,466][root][INFO] - Epoch: 100  val_diff_loss: 0.66737  au_rec_loss: 0.05045  va_rec_loss: 0.02943  em_rec_loss: 0.03953  pred_loss: 0.24044
[2026-06-24 16:14:53,466][root][INFO] - New best diff_decoder_loss (0.66737) at epoch 100, saving checkpoint
[2026-06-24 16:15:55,340][root][INFO] - Epoch: 101  train_diff_loss: 0.56413  au_rec_loss: 0.04218  va_rec_loss: 0.02127  em_rec_loss: 0.03273  pred_loss: 0.22408
[2026-06-24 16:16:48,123][root][INFO] - Epoch: 102  train_diff_loss: 0.56297  au_rec_loss: 0.04205  va_rec_loss: 0.02174  em_rec_loss: 0.03238  pred_loss: 0.22208
[2026-06-24 16:17:40,963][root][INFO] - Epoch: 103  train_diff_loss: 0.55623  au_rec_loss: 0.04219  va_rec_loss: 0.02159  em_rec_loss: 0.03254  pred_loss: 0.21527
[2026-06-24 16:18:34,242][root][INFO] - Epoch: 104  train_diff_loss: 0.55659  au_rec_loss: 0.04225  va_rec_loss: 0.02066  em_rec_loss: 0.03204  pred_loss: 0.22277
[2026-06-24 16:19:27,091][root][INFO] - Epoch: 105  train_diff_loss: 0.55983  au_rec_loss: 0.04158  va_rec_loss: 0.02142  em_rec_loss: 0.03249  pred_loss: 0.22085
[2026-06-24 16:20:19,868][root][INFO] - Epoch: 106  train_diff_loss: 0.56073  au_rec_loss: 0.04195  va_rec_loss: 0.02135  em_rec_loss: 0.03234  pred_loss: 0.22181
[2026-06-24 16:21:13,181][root][INFO] - Epoch: 107  train_diff_loss: 0.55770  au_rec_loss: 0.04155  va_rec_loss: 0.02116  em_rec_loss: 0.03216  pred_loss: 0.22087
[2026-06-24 16:22:06,547][root][INFO] - Epoch: 108  train_diff_loss: 0.56653  au_rec_loss: 0.04232  va_rec_loss: 0.02136  em_rec_loss: 0.03246  pred_loss: 0.22792
[2026-06-24 16:22:59,346][root][INFO] - Epoch: 109  train_diff_loss: 0.56186  au_rec_loss: 0.04224  va_rec_loss: 0.02196  em_rec_loss: 0.03240  pred_loss: 0.21971
[2026-06-24 16:23:52,120][root][INFO] - Epoch: 110  train_diff_loss: 0.55315  au_rec_loss: 0.04119  va_rec_loss: 0.02085  em_rec_loss: 0.03224  pred_loss: 0.21803
[2026-06-24 16:23:59,006][root][INFO] - Epoch: 110  val_diff_loss: 0.67494  au_rec_loss: 0.05057  va_rec_loss: 0.02918  em_rec_loss: 0.03926  pred_loss: 0.25058
[2026-06-24 16:24:57,968][root][INFO] - Epoch: 111  train_diff_loss: 0.55288  au_rec_loss: 0.04186  va_rec_loss: 0.02088  em_rec_loss: 0.03195  pred_loss: 0.21884
[2026-06-24 16:25:51,266][root][INFO] - Epoch: 112  train_diff_loss: 0.54914  au_rec_loss: 0.04204  va_rec_loss: 0.02077  em_rec_loss: 0.03226  pred_loss: 0.21419
[2026-06-24 16:26:44,771][root][INFO] - Epoch: 113  train_diff_loss: 0.54985  au_rec_loss: 0.04122  va_rec_loss: 0.02055  em_rec_loss: 0.03185  pred_loss: 0.21902
[2026-06-24 16:27:38,037][root][INFO] - Epoch: 114  train_diff_loss: 0.54472  au_rec_loss: 0.04105  va_rec_loss: 0.02086  em_rec_loss: 0.03200  pred_loss: 0.21127
[2026-06-24 16:28:31,392][root][INFO] - Epoch: 115  train_diff_loss: 0.55604  au_rec_loss: 0.04196  va_rec_loss: 0.02088  em_rec_loss: 0.03229  pred_loss: 0.22051
[2026-06-24 16:29:24,273][root][INFO] - Epoch: 116  train_diff_loss: 0.55201  au_rec_loss: 0.04146  va_rec_loss: 0.02142  em_rec_loss: 0.03178  pred_loss: 0.21722
[2026-06-24 16:30:17,779][root][INFO] - Epoch: 117  train_diff_loss: 0.55417  au_rec_loss: 0.04108  va_rec_loss: 0.02048  em_rec_loss: 0.03190  pred_loss: 0.22353
[2026-06-24 16:31:11,034][root][INFO] - Epoch: 118  train_diff_loss: 0.54612  au_rec_loss: 0.04009  va_rec_loss: 0.02058  em_rec_loss: 0.03162  pred_loss: 0.21768
[2026-06-24 16:32:03,771][root][INFO] - Epoch: 119  train_diff_loss: 0.55262  au_rec_loss: 0.04089  va_rec_loss: 0.02063  em_rec_loss: 0.03149  pred_loss: 0.22277
[2026-06-24 16:32:56,636][root][INFO] - Epoch: 120  train_diff_loss: 0.54925  au_rec_loss: 0.04270  va_rec_loss: 0.02067  em_rec_loss: 0.03222  pred_loss: 0.21433
[2026-06-24 16:33:03,609][root][INFO] - Epoch: 120  val_diff_loss: 0.67396  au_rec_loss: 0.05252  va_rec_loss: 0.03210  em_rec_loss: 0.03961  pred_loss: 0.23147
[2026-06-24 16:34:02,799][root][INFO] - Epoch: 121  train_diff_loss: 0.54878  au_rec_loss: 0.04195  va_rec_loss: 0.02024  em_rec_loss: 0.03188  pred_loss: 0.21879
[2026-06-24 16:34:56,277][root][INFO] - Epoch: 122  train_diff_loss: 0.54392  au_rec_loss: 0.04021  va_rec_loss: 0.02066  em_rec_loss: 0.03168  pred_loss: 0.21473
[2026-06-24 16:35:49,829][root][INFO] - Epoch: 123  train_diff_loss: 0.54644  au_rec_loss: 0.04128  va_rec_loss: 0.02022  em_rec_loss: 0.03164  pred_loss: 0.21770
[2026-06-24 16:36:42,977][root][INFO] - Epoch: 124  train_diff_loss: 0.54205  au_rec_loss: 0.04081  va_rec_loss: 0.02095  em_rec_loss: 0.03156  pred_loss: 0.21081
[2026-06-24 16:37:35,815][root][INFO] - Epoch: 125  train_diff_loss: 0.55228  au_rec_loss: 0.04105  va_rec_loss: 0.02091  em_rec_loss: 0.03129  pred_loss: 0.22212
[2026-06-24 16:38:28,816][root][INFO] - Epoch: 126  train_diff_loss: 0.55231  au_rec_loss: 0.04178  va_rec_loss: 0.02130  em_rec_loss: 0.03215  pred_loss: 0.21555
[2026-06-24 16:39:21,968][root][INFO] - Epoch: 127  train_diff_loss: 0.54331  au_rec_loss: 0.04049  va_rec_loss: 0.02036  em_rec_loss: 0.03132  pred_loss: 0.21667
[2026-06-24 16:40:15,102][root][INFO] - Epoch: 128  train_diff_loss: 0.54159  au_rec_loss: 0.04036  va_rec_loss: 0.02062  em_rec_loss: 0.03151  pred_loss: 0.21292
[2026-06-24 16:41:08,461][root][INFO] - Epoch: 129  train_diff_loss: 0.54489  au_rec_loss: 0.04109  va_rec_loss: 0.02045  em_rec_loss: 0.03175  pred_loss: 0.21531
[2026-06-24 16:42:01,381][root][INFO] - Epoch: 130  train_diff_loss: 0.54166  au_rec_loss: 0.04043  va_rec_loss: 0.02025  em_rec_loss: 0.03114  pred_loss: 0.21720
[2026-06-24 16:42:08,393][root][INFO] - Epoch: 130  val_diff_loss: 0.65747  au_rec_loss: 0.04999  va_rec_loss: 0.02932  em_rec_loss: 0.03937  pred_loss: 0.23185
[2026-06-24 16:42:08,393][root][INFO] - New best diff_decoder_loss (0.65747) at epoch 130, saving checkpoint
[2026-06-24 16:43:11,183][root][INFO] - Epoch: 131  train_diff_loss: 0.53669  au_rec_loss: 0.04051  va_rec_loss: 0.02077  em_rec_loss: 0.03141  pred_loss: 0.20794
[2026-06-24 16:44:04,087][root][INFO] - Epoch: 132  train_diff_loss: 0.54262  au_rec_loss: 0.04056  va_rec_loss: 0.02029  em_rec_loss: 0.03126  pred_loss: 0.21650
[2026-06-24 16:44:57,176][root][INFO] - Epoch: 133  train_diff_loss: 0.55434  au_rec_loss: 0.04140  va_rec_loss: 0.02163  em_rec_loss: 0.03180  pred_loss: 0.21846
[2026-06-24 16:45:50,216][root][INFO] - Epoch: 134  train_diff_loss: 0.54304  au_rec_loss: 0.04039  va_rec_loss: 0.01953  em_rec_loss: 0.03113  pred_loss: 0.22199
[2026-06-24 16:46:43,225][root][INFO] - Epoch: 135  train_diff_loss: 0.53998  au_rec_loss: 0.04114  va_rec_loss: 0.01993  em_rec_loss: 0.03141  pred_loss: 0.21504
[2026-06-24 16:47:36,628][root][INFO] - Epoch: 136  train_diff_loss: 0.53858  au_rec_loss: 0.04070  va_rec_loss: 0.02018  em_rec_loss: 0.03149  pred_loss: 0.21198
[2026-06-24 16:48:30,056][root][INFO] - Epoch: 137  train_diff_loss: 0.54692  au_rec_loss: 0.04039  va_rec_loss: 0.02032  em_rec_loss: 0.03130  pred_loss: 0.22102
[2026-06-24 16:49:22,919][root][INFO] - Epoch: 138  train_diff_loss: 0.54370  au_rec_loss: 0.04079  va_rec_loss: 0.02127  em_rec_loss: 0.03122  pred_loss: 0.21342
[2026-06-24 16:50:16,232][root][INFO] - Epoch: 139  train_diff_loss: 0.55190  au_rec_loss: 0.04093  va_rec_loss: 0.02038  em_rec_loss: 0.03192  pred_loss: 0.22186
[2026-06-24 16:51:09,345][root][INFO] - Epoch: 140  train_diff_loss: 0.53536  au_rec_loss: 0.03923  va_rec_loss: 0.02005  em_rec_loss: 0.03061  pred_loss: 0.21573
[2026-06-24 16:51:16,645][root][INFO] - Epoch: 140  val_diff_loss: 0.64585  au_rec_loss: 0.04853  va_rec_loss: 0.02859  em_rec_loss: 0.03785  pred_loss: 0.23322
[2026-06-24 16:51:16,645][root][INFO] - New best diff_decoder_loss (0.64585) at epoch 140, saving checkpoint
[2026-06-24 16:52:19,995][root][INFO] - Epoch: 141  train_diff_loss: 0.53661  au_rec_loss: 0.04043  va_rec_loss: 0.01969  em_rec_loss: 0.03114  pred_loss: 0.21541
[2026-06-24 16:53:13,042][root][INFO] - Epoch: 142  train_diff_loss: 0.53694  au_rec_loss: 0.03981  va_rec_loss: 0.02031  em_rec_loss: 0.03107  pred_loss: 0.21305
[2026-06-24 16:54:06,501][root][INFO] - Epoch: 143  train_diff_loss: 0.53259  au_rec_loss: 0.03993  va_rec_loss: 0.01933  em_rec_loss: 0.03079  pred_loss: 0.21521
[2026-06-24 16:54:59,787][root][INFO] - Epoch: 144  train_diff_loss: 0.53648  au_rec_loss: 0.04010  va_rec_loss: 0.02013  em_rec_loss: 0.03095  pred_loss: 0.21352
[2026-06-24 16:55:52,704][root][INFO] - Epoch: 145  train_diff_loss: 0.53163  au_rec_loss: 0.03956  va_rec_loss: 0.01999  em_rec_loss: 0.03104  pred_loss: 0.20955
[2026-06-24 16:56:45,545][root][INFO] - Epoch: 146  train_diff_loss: 0.52986  au_rec_loss: 0.03925  va_rec_loss: 0.01958  em_rec_loss: 0.03061  pred_loss: 0.21234
[2026-06-24 16:57:38,552][root][INFO] - Epoch: 147  train_diff_loss: 0.53685  au_rec_loss: 0.04018  va_rec_loss: 0.02021  em_rec_loss: 0.03076  pred_loss: 0.21499
[2026-06-24 16:58:31,493][root][INFO] - Epoch: 148  train_diff_loss: 0.53272  au_rec_loss: 0.04011  va_rec_loss: 0.02001  em_rec_loss: 0.03038  pred_loss: 0.21394
[2026-06-24 16:59:24,486][root][INFO] - Epoch: 149  train_diff_loss: 0.52919  au_rec_loss: 0.03996  va_rec_loss: 0.01916  em_rec_loss: 0.03068  pred_loss: 0.21271
[2026-06-24 17:00:17,393][root][INFO] - Epoch: 150  train_diff_loss: 0.53843  au_rec_loss: 0.04136  va_rec_loss: 0.02054  em_rec_loss: 0.03142  pred_loss: 0.20940
[2026-06-24 17:00:24,803][root][INFO] - Epoch: 150  val_diff_loss: 0.64915  au_rec_loss: 0.04880  va_rec_loss: 0.02883  em_rec_loss: 0.03879  pred_loss: 0.23153
[2026-06-24 17:01:24,819][root][INFO] - Epoch: 151  train_diff_loss: 0.53308  au_rec_loss: 0.04034  va_rec_loss: 0.01903  em_rec_loss: 0.03064  pred_loss: 0.21744
[2026-06-24 17:02:17,910][root][INFO] - Epoch: 152  train_diff_loss: 0.53279  au_rec_loss: 0.04024  va_rec_loss: 0.01996  em_rec_loss: 0.03028  pred_loss: 0.21462
[2026-06-24 17:03:10,803][root][INFO] - Epoch: 153  train_diff_loss: 0.53783  au_rec_loss: 0.03965  va_rec_loss: 0.01995  em_rec_loss: 0.03052  pred_loss: 0.21922
[2026-06-24 17:04:04,057][root][INFO] - Epoch: 154  train_diff_loss: 0.53619  au_rec_loss: 0.03953  va_rec_loss: 0.01981  em_rec_loss: 0.03063  pred_loss: 0.21754
[2026-06-24 17:04:57,347][root][INFO] - Epoch: 155  train_diff_loss: 0.52982  au_rec_loss: 0.03985  va_rec_loss: 0.01895  em_rec_loss: 0.03062  pred_loss: 0.21527
[2026-06-24 17:05:50,429][root][INFO] - Epoch: 156  train_diff_loss: 0.53687  au_rec_loss: 0.04164  va_rec_loss: 0.01975  em_rec_loss: 0.03094  pred_loss: 0.21487
[2026-06-24 17:06:43,344][root][INFO] - Epoch: 157  train_diff_loss: 0.52923  au_rec_loss: 0.03980  va_rec_loss: 0.01925  em_rec_loss: 0.03055  pred_loss: 0.21401
[2026-06-24 17:07:36,507][root][INFO] - Epoch: 158  train_diff_loss: 0.53251  au_rec_loss: 0.03978  va_rec_loss: 0.02001  em_rec_loss: 0.03022  pred_loss: 0.21457
[2026-06-24 17:08:29,799][root][INFO] - Epoch: 159  train_diff_loss: 0.52987  au_rec_loss: 0.03968  va_rec_loss: 0.01978  em_rec_loss: 0.03003  pred_loss: 0.21460
[2026-06-24 17:09:22,651][root][INFO] - Epoch: 160  train_diff_loss: 0.52711  au_rec_loss: 0.03887  va_rec_loss: 0.01984  em_rec_loss: 0.02995  pred_loss: 0.21287
[2026-06-24 17:09:30,385][root][INFO] - Epoch: 160  val_diff_loss: 0.65421  au_rec_loss: 0.04809  va_rec_loss: 0.02887  em_rec_loss: 0.03896  pred_loss: 0.23536
[2026-06-24 17:10:29,537][root][INFO] - Epoch: 161  train_diff_loss: 0.53912  au_rec_loss: 0.03988  va_rec_loss: 0.02031  em_rec_loss: 0.03068  pred_loss: 0.21748
[2026-06-24 17:11:22,481][root][INFO] - Epoch: 162  train_diff_loss: 0.51874  au_rec_loss: 0.03964  va_rec_loss: 0.01895  em_rec_loss: 0.03047  pred_loss: 0.20559
[2026-06-24 17:12:15,393][root][INFO] - Epoch: 163  train_diff_loss: 0.54144  au_rec_loss: 0.03992  va_rec_loss: 0.02054  em_rec_loss: 0.03086  pred_loss: 0.21806
[2026-06-24 17:13:08,206][root][INFO] - Epoch: 164  train_diff_loss: 0.53747  au_rec_loss: 0.03952  va_rec_loss: 0.01968  em_rec_loss: 0.03057  pred_loss: 0.22009
[2026-06-24 17:14:01,540][root][INFO] - Epoch: 165  train_diff_loss: 0.52944  au_rec_loss: 0.03903  va_rec_loss: 0.01899  em_rec_loss: 0.02995  pred_loss: 0.21911
[2026-06-24 17:14:54,432][root][INFO] - Epoch: 166  train_diff_loss: 0.53161  au_rec_loss: 0.03908  va_rec_loss: 0.01973  em_rec_loss: 0.03030  pred_loss: 0.21541
[2026-06-24 17:15:47,675][root][INFO] - Epoch: 167  train_diff_loss: 0.52748  au_rec_loss: 0.03986  va_rec_loss: 0.01940  em_rec_loss: 0.03040  pred_loss: 0.21181
[2026-06-24 17:16:44,963][root][INFO] - Epoch: 168  train_diff_loss: 0.52641  au_rec_loss: 0.03926  va_rec_loss: 0.01961  em_rec_loss: 0.03037  pred_loss: 0.21106
[2026-06-24 17:17:38,072][root][INFO] - Epoch: 169  train_diff_loss: 0.52398  au_rec_loss: 0.03973  va_rec_loss: 0.01952  em_rec_loss: 0.03017  pred_loss: 0.20912
[2026-06-24 17:18:31,207][root][INFO] - Epoch: 170  train_diff_loss: 0.51894  au_rec_loss: 0.03860  va_rec_loss: 0.01877  em_rec_loss: 0.03011  pred_loss: 0.20983
[2026-06-24 17:18:38,523][root][INFO] - Epoch: 170  val_diff_loss: 0.67343  au_rec_loss: 0.05019  va_rec_loss: 0.03113  em_rec_loss: 0.03897  pred_loss: 0.24107
[2026-06-24 17:19:51,256][root][INFO] - Epoch: 171  train_diff_loss: 0.52546  au_rec_loss: 0.03940  va_rec_loss: 0.01902  em_rec_loss: 0.03022  pred_loss: 0.21315
[2026-06-24 17:20:44,527][root][INFO] - Epoch: 172  train_diff_loss: 0.52456  au_rec_loss: 0.03940  va_rec_loss: 0.01935  em_rec_loss: 0.03021  pred_loss: 0.21036
[2026-06-24 17:21:37,433][root][INFO] - Epoch: 173  train_diff_loss: 0.52782  au_rec_loss: 0.03958  va_rec_loss: 0.01943  em_rec_loss: 0.03038  pred_loss: 0.21241
[2026-06-24 17:22:31,018][root][INFO] - Epoch: 174  train_diff_loss: 0.52666  au_rec_loss: 0.03816  va_rec_loss: 0.01877  em_rec_loss: 0.02972  pred_loss: 0.21911
[2026-06-24 17:23:23,881][root][INFO] - Epoch: 175  train_diff_loss: 0.53072  au_rec_loss: 0.03959  va_rec_loss: 0.01965  em_rec_loss: 0.03043  pred_loss: 0.21440
[2026-06-24 17:24:16,846][root][INFO] - Epoch: 176  train_diff_loss: 0.51744  au_rec_loss: 0.03845  va_rec_loss: 0.01881  em_rec_loss: 0.02976  pred_loss: 0.21013
[2026-06-24 17:25:09,708][root][INFO] - Epoch: 177  train_diff_loss: 0.52167  au_rec_loss: 0.03863  va_rec_loss: 0.01928  em_rec_loss: 0.02973  pred_loss: 0.21149
[2026-06-24 17:26:03,183][root][INFO] - Epoch: 178  train_diff_loss: 0.52732  au_rec_loss: 0.04028  va_rec_loss: 0.01914  em_rec_loss: 0.03002  pred_loss: 0.21453
[2026-06-24 17:26:56,439][root][INFO] - Epoch: 179  train_diff_loss: 0.52649  au_rec_loss: 0.03849  va_rec_loss: 0.01931  em_rec_loss: 0.02998  pred_loss: 0.21479
[2026-06-24 17:27:49,864][root][INFO] - Epoch: 180  train_diff_loss: 0.52695  au_rec_loss: 0.03944  va_rec_loss: 0.01924  em_rec_loss: 0.03018  pred_loss: 0.21432
[2026-06-24 17:27:57,219][root][INFO] - Epoch: 180  val_diff_loss: 0.64549  au_rec_loss: 0.05031  va_rec_loss: 0.02812  em_rec_loss: 0.03844  pred_loss: 0.23048
[2026-06-24 17:27:57,219][root][INFO] - New best diff_decoder_loss (0.64549) at epoch 180, saving checkpoint
[2026-06-24 17:28:59,270][root][INFO] - Epoch: 181  train_diff_loss: 0.52388  au_rec_loss: 0.03882  va_rec_loss: 0.01922  em_rec_loss: 0.02993  pred_loss: 0.21290
[2026-06-24 17:29:52,273][root][INFO] - Epoch: 182  train_diff_loss: 0.52092  au_rec_loss: 0.03963  va_rec_loss: 0.01918  em_rec_loss: 0.02989  pred_loss: 0.20949
[2026-06-24 17:30:45,798][root][INFO] - Epoch: 183  train_diff_loss: 0.52024  au_rec_loss: 0.03916  va_rec_loss: 0.01891  em_rec_loss: 0.02982  pred_loss: 0.21146
[2026-06-24 17:31:38,883][root][INFO] - Epoch: 184  train_diff_loss: 0.52426  au_rec_loss: 0.03803  va_rec_loss: 0.01876  em_rec_loss: 0.02962  pred_loss: 0.21817
[2026-06-24 17:32:32,211][root][INFO] - Epoch: 185  train_diff_loss: 0.52188  au_rec_loss: 0.03858  va_rec_loss: 0.01868  em_rec_loss: 0.02984  pred_loss: 0.21453
[2026-06-24 17:33:25,078][root][INFO] - Epoch: 186  train_diff_loss: 0.52128  au_rec_loss: 0.03861  va_rec_loss: 0.01826  em_rec_loss: 0.02982  pred_loss: 0.21609
[2026-06-24 17:34:17,946][root][INFO] - Epoch: 187  train_diff_loss: 0.51426  au_rec_loss: 0.03850  va_rec_loss: 0.01852  em_rec_loss: 0.02961  pred_loss: 0.20875
[2026-06-24 17:35:11,305][root][INFO] - Epoch: 188  train_diff_loss: 0.51456  au_rec_loss: 0.03845  va_rec_loss: 0.01915  em_rec_loss: 0.02950  pred_loss: 0.20651
[2026-06-24 17:36:04,149][root][INFO] - Epoch: 189  train_diff_loss: 0.52077  au_rec_loss: 0.03835  va_rec_loss: 0.01897  em_rec_loss: 0.02939  pred_loss: 0.21450
[2026-06-24 17:36:57,031][root][INFO] - Epoch: 190  train_diff_loss: 0.52136  au_rec_loss: 0.03902  va_rec_loss: 0.01897  em_rec_loss: 0.02955  pred_loss: 0.21336
[2026-06-24 17:37:04,622][root][INFO] - Epoch: 190  val_diff_loss: 0.65341  au_rec_loss: 0.05075  va_rec_loss: 0.02909  em_rec_loss: 0.03928  pred_loss: 0.22936
[2026-06-24 17:38:04,220][root][INFO] - Epoch: 191  train_diff_loss: 0.52062  au_rec_loss: 0.03917  va_rec_loss: 0.01877  em_rec_loss: 0.02945  pred_loss: 0.21440
[2026-06-24 17:38:57,737][root][INFO] - Epoch: 192  train_diff_loss: 0.51405  au_rec_loss: 0.03919  va_rec_loss: 0.01833  em_rec_loss: 0.02949  pred_loss: 0.20964
[2026-06-24 17:39:51,291][root][INFO] - Epoch: 193  train_diff_loss: 0.51249  au_rec_loss: 0.03783  va_rec_loss: 0.01867  em_rec_loss: 0.02969  pred_loss: 0.20702
[2026-06-24 17:40:44,574][root][INFO] - Epoch: 194  train_diff_loss: 0.51467  au_rec_loss: 0.03861  va_rec_loss: 0.01823  em_rec_loss: 0.02955  pred_loss: 0.21145
[2026-06-24 17:41:37,386][root][INFO] - Epoch: 195  train_diff_loss: 0.52142  au_rec_loss: 0.03922  va_rec_loss: 0.01854  em_rec_loss: 0.02955  pred_loss: 0.21547
[2026-06-24 17:42:30,342][root][INFO] - Epoch: 196  train_diff_loss: 0.51518  au_rec_loss: 0.03819  va_rec_loss: 0.01874  em_rec_loss: 0.02960  pred_loss: 0.20911
[2026-06-24 17:43:23,712][root][INFO] - Epoch: 197  train_diff_loss: 0.51939  au_rec_loss: 0.03776  va_rec_loss: 0.01839  em_rec_loss: 0.02910  pred_loss: 0.21797
[2026-06-24 17:44:16,809][root][INFO] - Epoch: 198  train_diff_loss: 0.51438  au_rec_loss: 0.03839  va_rec_loss: 0.01831  em_rec_loss: 0.02944  pred_loss: 0.21120
[2026-06-24 17:45:09,682][root][INFO] - Epoch: 199  train_diff_loss: 0.51499  au_rec_loss: 0.03759  va_rec_loss: 0.01829  em_rec_loss: 0.02925  pred_loss: 0.21331
[2026-06-24 17:46:02,503][root][INFO] - Epoch: 200  train_diff_loss: 0.51927  au_rec_loss: 0.03872  va_rec_loss: 0.01827  em_rec_loss: 0.02950  pred_loss: 0.21530
[2026-06-24 17:46:09,472][root][INFO] - Epoch: 200  val_diff_loss: 0.65784  au_rec_loss: 0.04921  va_rec_loss: 0.02938  em_rec_loss: 0.03816  pred_loss: 0.24050
[2026-06-24 17:47:09,058][root][INFO] - Epoch: 201  train_diff_loss: 0.51254  au_rec_loss: 0.03829  va_rec_loss: 0.01814  em_rec_loss: 0.02937  pred_loss: 0.21046
[2026-06-24 17:48:02,527][root][INFO] - Epoch: 202  train_diff_loss: 0.51723  au_rec_loss: 0.03775  va_rec_loss: 0.01839  em_rec_loss: 0.02898  pred_loss: 0.21643
[2026-06-24 17:48:55,326][root][INFO] - Epoch: 203  train_diff_loss: 0.50952  au_rec_loss: 0.03837  va_rec_loss: 0.01875  em_rec_loss: 0.02948  pred_loss: 0.20407
[2026-06-24 17:49:48,514][root][INFO] - Epoch: 204  train_diff_loss: 0.51791  au_rec_loss: 0.03878  va_rec_loss: 0.01853  em_rec_loss: 0.02932  pred_loss: 0.21382
[2026-06-24 17:50:41,436][root][INFO] - Epoch: 205  train_diff_loss: 0.50976  au_rec_loss: 0.03850  va_rec_loss: 0.01785  em_rec_loss: 0.02921  pred_loss: 0.20982
[2026-06-24 17:51:34,890][root][INFO] - Epoch: 206  train_diff_loss: 0.51947  au_rec_loss: 0.03799  va_rec_loss: 0.01840  em_rec_loss: 0.02927  pred_loss: 0.21679
[2026-06-24 17:52:27,818][root][INFO] - Epoch: 207  train_diff_loss: 0.51556  au_rec_loss: 0.03794  va_rec_loss: 0.01868  em_rec_loss: 0.02949  pred_loss: 0.21125
[2026-06-24 17:53:20,954][root][INFO] - Epoch: 208  train_diff_loss: 0.52012  au_rec_loss: 0.03908  va_rec_loss: 0.01807  em_rec_loss: 0.02942  pred_loss: 0.21767
[2026-06-24 17:54:14,094][root][INFO] - Epoch: 209  train_diff_loss: 0.50803  au_rec_loss: 0.03779  va_rec_loss: 0.01797  em_rec_loss: 0.02917  pred_loss: 0.20857
[2026-06-24 17:55:07,605][root][INFO] - Epoch: 210  train_diff_loss: 0.51040  au_rec_loss: 0.03856  va_rec_loss: 0.01800  em_rec_loss: 0.02899  pred_loss: 0.21088
[2026-06-24 17:55:14,728][root][INFO] - Epoch: 210  val_diff_loss: 0.65465  au_rec_loss: 0.05060  va_rec_loss: 0.02997  em_rec_loss: 0.03871  pred_loss: 0.22911
[2026-06-24 17:56:14,985][root][INFO] - Epoch: 211  train_diff_loss: 0.51092  au_rec_loss: 0.03863  va_rec_loss: 0.01793  em_rec_loss: 0.02925  pred_loss: 0.21036
[2026-06-24 17:57:08,176][root][INFO] - Epoch: 212  train_diff_loss: 0.51565  au_rec_loss: 0.03781  va_rec_loss: 0.01753  em_rec_loss: 0.02905  pred_loss: 0.21914
[2026-06-24 17:58:01,141][root][INFO] - Epoch: 213  train_diff_loss: 0.51718  au_rec_loss: 0.03761  va_rec_loss: 0.01825  em_rec_loss: 0.02896  pred_loss: 0.21818
[2026-06-24 17:58:53,971][root][INFO] - Epoch: 214  train_diff_loss: 0.51692  au_rec_loss: 0.03715  va_rec_loss: 0.01817  em_rec_loss: 0.02898  pred_loss: 0.21820
[2026-06-24 17:59:47,187][root][INFO] - Epoch: 215  train_diff_loss: 0.51027  au_rec_loss: 0.03872  va_rec_loss: 0.01804  em_rec_loss: 0.02906  pred_loss: 0.21052
[2026-06-24 18:00:40,322][root][INFO] - Epoch: 216  train_diff_loss: 0.51575  au_rec_loss: 0.03760  va_rec_loss: 0.01860  em_rec_loss: 0.02911  pred_loss: 0.21432
[2026-06-24 18:01:33,599][root][INFO] - Epoch: 217  train_diff_loss: 0.50816  au_rec_loss: 0.03742  va_rec_loss: 0.01814  em_rec_loss: 0.02901  pred_loss: 0.20895
[2026-06-24 18:02:27,031][root][INFO] - Epoch: 218  train_diff_loss: 0.50660  au_rec_loss: 0.03779  va_rec_loss: 0.01808  em_rec_loss: 0.02871  pred_loss: 0.20860
[2026-06-24 18:03:19,962][root][INFO] - Epoch: 219  train_diff_loss: 0.50646  au_rec_loss: 0.03714  va_rec_loss: 0.01761  em_rec_loss: 0.02836  pred_loss: 0.21343
[2026-06-24 18:04:12,854][root][INFO] - Epoch: 220  train_diff_loss: 0.50789  au_rec_loss: 0.03728  va_rec_loss: 0.01783  em_rec_loss: 0.02869  pred_loss: 0.21218
[2026-06-24 18:04:20,199][root][INFO] - Epoch: 220  val_diff_loss: 0.64941  au_rec_loss: 0.04924  va_rec_loss: 0.03000  em_rec_loss: 0.03857  pred_loss: 0.22666
[2026-06-24 18:05:19,509][root][INFO] - Epoch: 221  train_diff_loss: 0.50467  au_rec_loss: 0.03722  va_rec_loss: 0.01770  em_rec_loss: 0.02916  pred_loss: 0.20717
[2026-06-24 18:06:13,063][root][INFO] - Epoch: 222  train_diff_loss: 0.51110  au_rec_loss: 0.03824  va_rec_loss: 0.01845  em_rec_loss: 0.02917  pred_loss: 0.20873
[2026-06-24 18:07:06,009][root][INFO] - Epoch: 223  train_diff_loss: 0.49947  au_rec_loss: 0.03638  va_rec_loss: 0.01747  em_rec_loss: 0.02853  pred_loss: 0.20745
[2026-06-24 18:07:58,885][root][INFO] - Epoch: 224  train_diff_loss: 0.50802  au_rec_loss: 0.03846  va_rec_loss: 0.01778  em_rec_loss: 0.02907  pred_loss: 0.20999
[2026-06-24 18:08:52,146][root][INFO] - Epoch: 225  train_diff_loss: 0.50596  au_rec_loss: 0.03727  va_rec_loss: 0.01779  em_rec_loss: 0.02859  pred_loss: 0.21068
[2026-06-24 18:09:45,050][root][INFO] - Epoch: 226  train_diff_loss: 0.50005  au_rec_loss: 0.03718  va_rec_loss: 0.01778  em_rec_loss: 0.02846  pred_loss: 0.20580
[2026-06-24 18:10:38,293][root][INFO] - Epoch: 227  train_diff_loss: 0.50351  au_rec_loss: 0.03700  va_rec_loss: 0.01728  em_rec_loss: 0.02837  pred_loss: 0.21261
[2026-06-24 18:11:31,407][root][INFO] - Epoch: 228  train_diff_loss: 0.50435  au_rec_loss: 0.03691  va_rec_loss: 0.01828  em_rec_loss: 0.02878  pred_loss: 0.20617
[2026-06-24 18:12:24,352][root][INFO] - Epoch: 229  train_diff_loss: 0.50627  au_rec_loss: 0.03767  va_rec_loss: 0.01777  em_rec_loss: 0.02858  pred_loss: 0.21131
[2026-06-24 18:13:17,427][root][INFO] - Epoch: 230  train_diff_loss: 0.51600  au_rec_loss: 0.03753  va_rec_loss: 0.01812  em_rec_loss: 0.02857  pred_loss: 0.21913
[2026-06-24 18:13:24,301][root][INFO] - Epoch: 230  val_diff_loss: 0.64316  au_rec_loss: 0.05006  va_rec_loss: 0.02852  em_rec_loss: 0.03857  pred_loss: 0.22609
[2026-06-24 18:13:24,301][root][INFO] - New best diff_decoder_loss (0.64316) at epoch 230, saving checkpoint
[2026-06-24 18:14:26,813][root][INFO] - Epoch: 231  train_diff_loss: 0.50256  au_rec_loss: 0.03717  va_rec_loss: 0.01744  em_rec_loss: 0.02827  pred_loss: 0.21136
[2026-06-24 18:15:20,296][root][INFO] - Epoch: 232  train_diff_loss: 0.51020  au_rec_loss: 0.03825  va_rec_loss: 0.01840  em_rec_loss: 0.02874  pred_loss: 0.21127
[2026-06-24 18:16:13,327][root][INFO] - Epoch: 233  train_diff_loss: 0.50449  au_rec_loss: 0.03778  va_rec_loss: 0.01732  em_rec_loss: 0.02860  pred_loss: 0.21139
[2026-06-24 18:17:06,066][root][INFO] - Epoch: 234  train_diff_loss: 0.50052  au_rec_loss: 0.03791  va_rec_loss: 0.01772  em_rec_loss: 0.02858  pred_loss: 0.20524
[2026-06-24 18:17:59,152][root][INFO] - Epoch: 235  train_diff_loss: 0.50395  au_rec_loss: 0.03680  va_rec_loss: 0.01730  em_rec_loss: 0.02828  pred_loss: 0.21320
[2026-06-24 18:18:52,458][root][INFO] - Epoch: 236  train_diff_loss: 0.50835  au_rec_loss: 0.03728  va_rec_loss: 0.01720  em_rec_loss: 0.02839  pred_loss: 0.21767
[2026-06-24 18:19:45,549][root][INFO] - Epoch: 237  train_diff_loss: 0.50019  au_rec_loss: 0.03694  va_rec_loss: 0.01729  em_rec_loss: 0.02832  pred_loss: 0.20964
[2026-06-24 18:20:38,343][root][INFO] - Epoch: 238  train_diff_loss: 0.49714  au_rec_loss: 0.03745  va_rec_loss: 0.01789  em_rec_loss: 0.02889  pred_loss: 0.20058
[2026-06-24 18:21:31,740][root][INFO] - Epoch: 239  train_diff_loss: 0.50576  au_rec_loss: 0.03655  va_rec_loss: 0.01766  em_rec_loss: 0.02785  pred_loss: 0.21613
[2026-06-24 18:22:24,654][root][INFO] - Epoch: 240  train_diff_loss: 0.50047  au_rec_loss: 0.03714  va_rec_loss: 0.01727  em_rec_loss: 0.02837  pred_loss: 0.20939
[2026-06-24 18:22:31,723][root][INFO] - Epoch: 240  val_diff_loss: 0.63500  au_rec_loss: 0.04921  va_rec_loss: 0.02894  em_rec_loss: 0.03848  pred_loss: 0.21785
[2026-06-24 18:22:31,723][root][INFO] - New best diff_decoder_loss (0.63500) at epoch 240, saving checkpoint
[2026-06-24 18:23:34,626][root][INFO] - Epoch: 241  train_diff_loss: 0.50090  au_rec_loss: 0.03649  va_rec_loss: 0.01789  em_rec_loss: 0.02829  pred_loss: 0.20807
[2026-06-24 18:24:28,045][root][INFO] - Epoch: 242  train_diff_loss: 0.50368  au_rec_loss: 0.03725  va_rec_loss: 0.01745  em_rec_loss: 0.02823  pred_loss: 0.21311
[2026-06-24 18:25:21,215][root][INFO] - Epoch: 243  train_diff_loss: 0.50224  au_rec_loss: 0.03686  va_rec_loss: 0.01710  em_rec_loss: 0.02831  pred_loss: 0.21308
[2026-06-24 18:26:14,102][root][INFO] - Epoch: 244  train_diff_loss: 0.50306  au_rec_loss: 0.03734  va_rec_loss: 0.01810  em_rec_loss: 0.02824  pred_loss: 0.20865
[2026-06-24 18:27:07,072][root][INFO] - Epoch: 245  train_diff_loss: 0.50627  au_rec_loss: 0.03579  va_rec_loss: 0.01774  em_rec_loss: 0.02816  pred_loss: 0.21611
[2026-06-24 18:28:00,486][root][INFO] - Epoch: 246  train_diff_loss: 0.49830  au_rec_loss: 0.03782  va_rec_loss: 0.01792  em_rec_loss: 0.02840  pred_loss: 0.20306
[2026-06-24 18:28:53,842][root][INFO] - Epoch: 247  train_diff_loss: 0.50203  au_rec_loss: 0.03717  va_rec_loss: 0.01725  em_rec_loss: 0.02850  pred_loss: 0.21068
[2026-06-24 18:29:46,604][root][INFO] - Epoch: 248  train_diff_loss: 0.50745  au_rec_loss: 0.03726  va_rec_loss: 0.01709  em_rec_loss: 0.02862  pred_loss: 0.21588
[2026-06-24 18:30:39,507][root][INFO] - Epoch: 249  train_diff_loss: 0.49923  au_rec_loss: 0.03658  va_rec_loss: 0.01706  em_rec_loss: 0.02795  pred_loss: 0.21240
[2026-06-24 18:31:32,419][root][INFO] - Epoch: 250  train_diff_loss: 0.50150  au_rec_l oss: 0.03677  va_rec_loss: 0.01785  em_rec_loss: 0.02817  pred_loss: 0.20935
[2026-06-24 18:31:39,240][root][INFO] - Epoch: 250  val_diff_loss: 0.63806  au_rec_loss: 0.05039  va_rec_loss: 0.02812  em_rec_loss: 0.03789  pred_loss: 0.22643
[2026-06-24 18:32:46,401][root][INFO] - Epoch: 251  train_diff_loss: 0.49574  au_rec_loss: 0.03677  va_rec_loss: 0.01749  em_rec_loss: 0.02794  pred_loss: 0.20635
[2026-06-24 18:33:39,553][root][INFO] - Epoch: 252  train_diff_loss: 0.49620  au_rec_loss: 0.03590  va_rec_loss: 0.01719  em_rec_loss: 0.02794  pred_loss: 0.20938
[2026-06-24 18:34:33,099][root][INFO] - Epoch: 253  train_diff_loss: 0.50090  au_rec_loss: 0.03792  va_rec_loss: 0.01740  em_rec_loss: 0.02848  pred_loss: 0.20820
[2026-06-24 18:35:26,314][root][INFO] - Epoch: 254  train_diff_loss: 0.49124  au_rec_loss: 0.03620  va_rec_loss: 0.01649  em_rec_loss: 0.02766  pred_loss: 0.20885
[2026-06-24 18:36:19,259][root][INFO] - Epoch: 255  train_diff_loss: 0.50506  au_rec_loss: 0.03635  va_rec_loss: 0.01691  em_rec_loss: 0.02761  pred_loss: 0.22063
[2026-06-24 18:37:12,739][root][INFO] - Epoch: 256  train_diff_loss: 0.49963  au_rec_loss: 0.03641  va_rec_loss: 0.01658  em_rec_loss: 0.02822  pred_loss: 0.21383
[2026-06-24 18:38:06,342][root][INFO] - Epoch: 257  train_diff_loss: 0.49374  au_rec_loss: 0.03715  va_rec_loss: 0.01717  em_rec_loss: 0.02812  pred_loss: 0.20443
[2026-06-24 18:38:59,220][root][INFO] - Epoch: 258  train_diff_loss: 0.49763  au_rec_loss: 0.03606  va_rec_loss: 0.01760  em_rec_loss: 0.02801  pred_loss: 0.20835
[2026-06-24 18:39:52,370][root][INFO] - Epoch: 259  train_diff_loss: 0.48830  au_rec_loss: 0.03612  va_rec_loss: 0.01645  em_rec_loss: 0.02744  pred_loss: 0.20776
[2026-06-24 18:40:45,252][root][INFO] - Epoch: 260  train_diff_loss: 0.49690  au_rec_loss: 0.03628  va_rec_loss: 0.01714  em_rec_loss: 0.02754  pred_loss: 0.21212
[2026-06-24 18:40:52,128][root][INFO] - Epoch: 260  val_diff_loss: 0.65748  au_rec_loss: 0.05026  va_rec_loss: 0.02947  em_rec_loss: 0.03887  pred_loss: 0.23411
[2026-06-24 18:41:52,448][root][INFO] - Epoch: 261  train_diff_loss: 0.50020  au_rec_loss: 0.03668  va_rec_loss: 0.01654  em_rec_loss: 0.02777  pred_loss: 0.21670
[2026-06-24 18:42:45,749][root][INFO] - Epoch: 262  train_diff_loss: 0.49518  au_rec_loss: 0.03663  va_rec_loss: 0.01702  em_rec_loss: 0.02781  pred_loss: 0.20906
[2026-06-24 18:43:39,012][root][INFO] - Epoch: 263  train_diff_loss: 0.48759  au_rec_loss: 0.03762  va_rec_loss: 0.01641  em_rec_loss: 0.02783  pred_loss: 0.20356
[2026-06-24 18:44:32,488][root][INFO] - Epoch: 264  train_diff_loss: 0.49555  au_rec_loss: 0.03664  va_rec_loss: 0.01672  em_rec_loss: 0.02810  pred_loss: 0.20929
[2026-06-24 18:45:25,698][root][INFO] - Epoch: 265  train_diff_loss: 0.49755  au_rec_loss: 0.03728  va_rec_loss: 0.01709  em_rec_loss: 0.02833  pred_loss: 0.20804
[2026-06-24 18:46:18,612][root][INFO] - Epoch: 266  train_diff_loss: 0.49161  au_rec_loss: 0.03651  va_rec_loss: 0.01667  em_rec_loss: 0.02769  pred_loss: 0.20808
[2026-06-24 18:47:12,027][root][INFO] - Epoch: 267  train_diff_loss: 0.49451  au_rec_loss: 0.03690  va_rec_loss: 0.01650  em_rec_loss: 0.02770  pred_loss: 0.21114
[2026-06-24 18:48:05,082][root][INFO] - Epoch: 268  train_diff_loss: 0.50048  au_rec_loss: 0.03717  va_rec_loss: 0.01714  em_rec_loss: 0.02817  pred_loss: 0.21222
[2026-06-24 18:48:57,947][root][INFO] - Epoch: 269  train_diff_loss: 0.48976  au_rec_loss: 0.03653  va_rec_loss: 0.01687  em_rec_loss: 0.02777  pred_loss: 0.20428
[2026-06-24 18:49:51,147][root][INFO] - Epoch: 270  train_diff_loss: 0.49099  au_rec_loss: 0.03600  va_rec_loss: 0.01691  em_rec_loss: 0.02760  pred_loss: 0.20653
[2026-06-24 18:49:57,971][root][INFO] - Epoch: 270  val_diff_loss: 0.66791  au_rec_loss: 0.05294  va_rec_loss: 0.03059  em_rec_loss: 0.03942  pred_loss: 0.23423
[2026-06-24 18:50:57,961][root][INFO] - Epoch: 271  train_diff_loss: 0.49671  au_rec_loss: 0.03647  va_rec_loss: 0.01709  em_rec_loss: 0.02791  pred_loss: 0.21041
[2026-06-24 18:51:51,357][root][INFO] - Epoch: 272  train_diff_loss: 0.49545  au_rec_loss: 0.03702  va_rec_loss: 0.01664  em_rec_loss: 0.02768  pred_loss: 0.21154
[2026-06-24 18:52:44,250][root][INFO] - Epoch: 273  train_diff_loss: 0.48146  au_rec_loss: 0.03640  va_rec_loss: 0.01645  em_rec_loss: 0.02736  pred_loss: 0.20041
[2026-06-24 18:53:37,117][root][INFO] - Epoch: 274  train_diff_loss: 0.49151  au_rec_loss: 0.03630  va_rec_loss: 0.01698  em_rec_loss: 0.02743  pred_loss: 0.20826
[2026-06-24 18:54:30,061][root][INFO] - Epoch: 275  train_diff_loss: 0.49873  au_rec_loss: 0.03608  va_rec_loss: 0.01728  em_rec_loss: 0.02728  pred_loss: 0.21433
[2026-06-24 18:55:23,443][root][INFO] - Epoch: 276  train_diff_loss: 0.48949  au_rec_loss: 0.03589  va_rec_loss: 0.01656  em_rec_loss: 0.02706  pred_loss: 0.21047
[2026-06-24 18:56:16,943][root][INFO] - Epoch: 277  train_diff_loss: 0.49485  au_rec_loss: 0.03639  va_rec_loss: 0.01611  em_rec_loss: 0.02735  pred_loss: 0.21613
[2026-06-24 18:57:09,860][root][INFO] - Epoch: 278  train_diff_loss: 0.48976  au_rec_loss: 0.03598  va_rec_loss: 0.01688  em_rec_loss: 0.02753  pred_loss: 0.20646
[2026-06-24 18:58:02,788][root][INFO] - Epoch: 279  train_diff_loss: 0.49404  au_rec_loss: 0.03561  va_rec_loss: 0.01730  em_rec_loss: 0.02749  pred_loss: 0.20940
[2026-06-24 18:58:55,737][root][INFO] - Epoch: 280  train_diff_loss: 0.48845  au_rec_loss: 0.03595  va_rec_loss: 0.01720  em_rec_loss: 0.02759  pred_loss: 0.20316
[2026-06-24 18:59:02,644][root][INFO] - Epoch: 280  val_diff_loss: 0.66081  au_rec_loss: 0.05097  va_rec_loss: 0.03012  em_rec_loss: 0.03933  pred_loss: 0.23021
[2026-06-24 19:00:02,965][root][INFO] - Epoch: 281  train_diff_loss: 0.49301  au_rec_loss: 0.03574  va_rec_loss: 0.01673  em_rec_loss: 0.02740  pred_loss: 0.21107
[2026-06-24 19:00:56,024][root][INFO] - Epoch: 282  train_diff_loss: 0.49164  au_rec_loss: 0.03662  va_rec_loss: 0.01616  em_rec_loss: 0.02773  pred_loss: 0.21059
[2026-06-24 19:01:48,935][root][INFO] - Epoch: 283  train_diff_loss: 0.48581  au_rec_loss: 0.03560  va_rec_loss: 0.01644  em_rec_loss: 0.02714  pred_loss: 0.20751
[2026-06-24 19:02:41,800][root][INFO] - Epoch: 284  train_diff_loss: 0.48719  au_rec_loss: 0.03552  va_rec_loss: 0.01652  em_rec_loss: 0.02711  pred_loss: 0.20870
[2026-06-24 19:03:35,206][root][INFO] - Epoch: 285  train_diff_loss: 0.49531  au_rec_loss: 0.03605  va_rec_loss: 0.01660  em_rec_loss: 0.02757  pred_loss: 0.21337
[2026-06-24 19:04:28,141][root][INFO] - Epoch: 286  train_diff_loss: 0.49745  au_rec_loss: 0.03678  va_rec_loss: 0.01656  em_rec_loss: 0.02795  pred_loss: 0.21309
[2026-06-24 19:05:21,650][root][INFO] - Epoch: 287  train_diff_loss: 0.48886  au_rec_loss: 0.03536  va_rec_loss: 0.01624  em_rec_loss: 0.02690  pred_loss: 0.21250
[2026-06-24 19:06:14,645][root][INFO] - Epoch: 288  train_diff_loss: 0.48688  au_rec_loss: 0.03591  va_rec_loss: 0.01622  em_rec_loss: 0.02741  pred_loss: 0.20770
[2026-06-24 19:07:07,904][root][INFO] - Epoch: 289  train_diff_loss: 0.49069  au_rec_loss: 0.03545  va_rec_loss: 0.01659  em_rec_loss: 0.02732  pred_loss: 0.21074
[2026-06-24 19:08:01,170][root][INFO] - Epoch: 290  train_diff_loss: 0.48807  au_rec_loss: 0.03605  va_rec_loss: 0.01604  em_rec_loss: 0.02732  pred_loss: 0.21016
[2026-06-24 19:08:08,192][root][INFO] - Epoch: 290  val_diff_loss: 0.65132  au_rec_loss: 0.05009  va_rec_loss: 0.03001  em_rec_loss: 0.03845  pred_loss: 0.22739
[2026-06-24 19:09:07,854][root][INFO] - Epoch: 291  train_diff_loss: 0.48708  au_rec_loss: 0.03609  va_rec_loss: 0.01632  em_rec_loss: 0.02765  pred_loss: 0.20589
[2026-06-24 19:10:00,663][root][INFO] - Epoch: 292  train_diff_loss: 0.49326  au_rec_loss: 0.03624  va_rec_loss: 0.01649  em_rec_loss: 0.02744  pred_loss: 0.21271
[2026-06-24 19:10:53,762][root][INFO] - Epoch: 293  train_diff_loss: 0.48864  au_rec_loss: 0.03634  va_rec_loss: 0.01651  em_rec_loss: 0.02745  pred_loss: 0.20739
[2026-06-24 19:11:47,222][root][INFO] - Epoch: 294  train_diff_loss: 0.48089  au_rec_loss: 0.03514  va_rec_loss: 0.01662  em_rec_loss: 0.02698  pred_loss: 0.20299
[2026-06-24 19:12:40,131][root][INFO] - Epoch: 295  train_diff_loss: 0.48637  au_rec_loss: 0.03566  va_rec_loss: 0.01640  em_rec_loss: 0.02718  pred_loss: 0.20775
[2026-06-24 19:13:33,600][root][INFO] - Epoch: 296  train_diff_loss: 0.47927  au_rec_loss: 0.03557  va_rec_loss: 0.01575  em_rec_loss: 0.02701  pred_loss: 0.20488
[2026-06-24 19:14:26,770][root][INFO] - Epoch: 297  train_diff_loss: 0.48160  au_rec_loss: 0.03534  va_rec_loss: 0.01614  em_rec_loss: 0.02745  pred_loss: 0.20359
[2026-06-24 19:15:19,554][root][INFO] - Epoch: 298  train_diff_loss: 0.48093  au_rec_loss: 0.03541  va_rec_loss: 0.01648  em_rec_loss: 0.02694  pred_loss: 0.20296
[2026-06-24 19:16:12,444][root][INFO] - Epoch: 299  train_diff_loss: 0.48617  au_rec_loss: 0.03582  va_rec_loss: 0.01599  em_rec_loss: 0.02702  pred_loss: 0.21012
[2026-06-24 19:17:05,431][root][INFO] - Epoch: 300  train_diff_loss: 0.48119  au_rec_loss: 0.03603  va_rec_loss: 0.01612  em_rec_loss: 0.02714  pred_loss: 0.20422
[2026-06-24 19:17:12,317][root][INFO] - Epoch: 300  val_diff_loss: 0.63769  au_rec_loss: 0.04864  va_rec_loss: 0.02892  em_rec_loss: 0.03736  pred_loss: 0.22668
[2026-06-24 19:18:11,887][root][INFO] - Epoch: 301  train_diff_loss: 0.48711  au_rec_loss: 0.03593  va_rec_loss: 0.01649  em_rec_loss: 0.02673  pred_loss: 0.21003
[2026-06-24 19:19:04,669][root][INFO] - Epoch: 302  train_diff_loss: 0.48979  au_rec_loss: 0.03551  va_rec_loss: 0.01618  em_rec_loss: 0.02725  pred_loss: 0.21241
[2026-06-24 19:19:57,995][root][INFO] - Epoch: 303  train_diff_loss: 0.48310  au_rec_loss: 0.03496  va_rec_loss: 0.01647  em_rec_loss: 0.02691  pred_loss: 0.20646
[2026-06-24 19:20:51,384][root][INFO] - Epoch: 304  train_diff_loss: 0.47432  au_rec_loss: 0.03495  va_rec_loss: 0.01568  em_rec_loss: 0.02603  pred_loss: 0.20591
[2026-06-24 19:21:44,711][root][INFO] - Epoch: 305  train_diff_loss: 0.47593  au_rec_loss: 0.03460  va_rec_loss: 0.01556  em_rec_loss: 0.02685  pred_loss: 0.20458
[2026-06-24 19:22:37,507][root][INFO] - Epoch: 306  train_diff_loss: 0.49231  au_rec_loss: 0.03547  va_rec_loss: 0.01601  em_rec_loss: 0.02708  pred_loss: 0.21648
[2026-06-24 19:23:30,314][root][INFO] - Epoch: 307  train_diff_loss: 0.47930  au_rec_loss: 0.03528  va_rec_loss: 0.01548  em_rec_loss: 0.02666  pred_loss: 0.20847
[2026-06-24 19:24:23,138][root][INFO] - Epoch: 308  train_diff_loss: 0.48221  au_rec_loss: 0.03507  va_rec_loss: 0.01615  em_rec_loss: 0.02699  pred_loss: 0.20675
[2026-06-24 19:25:16,219][root][INFO] - Epoch: 309  train_diff_loss: 0.48684  au_rec_loss: 0.03542  va_rec_loss: 0.01552  em_rec_loss: 0.02670  pred_loss: 0.21543
[2026-06-24 19:26:09,071][root][INFO] - Epoch: 310  train_diff_loss: 0.47972  au_rec_loss: 0.03458  va_rec_loss: 0.01566  em_rec_loss: 0.02654  pred_loss: 0.20972
[2026-06-24 19:26:15,976][root][INFO] - Epoch: 310  val_diff_loss: 0.64929  au_rec_loss: 0.04960  va_rec_loss: 0.02888  em_rec_loss: 0.03813  pred_loss: 0.23267
[2026-06-24 19:27:15,588][root][INFO] - Epoch: 311  train_diff_loss: 0.48592  au_rec_loss: 0.03635  va_rec_loss: 0.01598  em_rec_loss: 0.02700  pred_loss: 0.20967
[2026-06-24 19:28:08,767][root][INFO] - Epoch: 312  train_diff_loss: 0.48242  au_rec_loss: 0.03477  va_rec_loss: 0.01627  em_rec_loss: 0.02669  pred_loss: 0.20797
[2026-06-24 19:29:01,614][root][INFO] - Epoch: 313  train_diff_loss: 0.48708  au_rec_loss: 0.03574  va_rec_loss: 0.01627  em_rec_loss: 0.02710  pred_loss: 0.20947
[2026-06-24 19:29:54,420][root][INFO] - Epoch: 314  train_diff_loss: 0.48629  au_rec_loss: 0.03519  va_rec_loss: 0.01599  em_rec_loss: 0.02682  pred_loss: 0.21217
[2026-06-24 19:30:47,755][root][INFO] - Epoch: 315  train_diff_loss: 0.47912  au_rec_loss: 0.03465  va_rec_loss: 0.01617  em_rec_loss: 0.02649  pred_loss: 0.20641
[2026-06-24 19:31:41,209][root][INFO] - Epoch: 316  train_diff_loss: 0.47826  au_rec_loss: 0.03534  va_rec_loss: 0.01631  em_rec_loss: 0.02703  pred_loss: 0.20156
[2026-06-24 19:32:34,352][root][INFO] - Epoch: 317  train_diff_loss: 0.48068  au_rec_loss: 0.03538  va_rec_loss: 0.01567  em_rec_loss: 0.02663  pred_loss: 0.20840
[2026-06-24 19:33:27,689][root][INFO] - Epoch: 318  train_diff_loss: 0.48464  au_rec_loss: 0.03564  va_rec_loss: 0.01566  em_rec_loss: 0.02690  pred_loss: 0.21081
[2026-06-24 19:34:20,480][root][INFO] - Epoch: 319  train_diff_loss: 0.48081  au_rec_loss: 0.03560  va_rec_loss: 0.01625  em_rec_loss: 0.02666  pred_loss: 0.20598
[2026-06-24 19:35:13,456][root][INFO] - Epoch: 320  train_diff_loss: 0.47590  au_rec_loss: 0.03533  va_rec_loss: 0.01584  em_rec_loss: 0.02645  pred_loss: 0.20459
[2026-06-24 19:35:20,253][root][INFO] - Epoch: 320  val_diff_loss: 0.65783  au_rec_loss: 0.04875  va_rec_loss: 0.03069  em_rec_loss: 0.03835  pred_loss: 0.23220
[2026-06-24 19:36:19,978][root][INFO] - Epoch: 321  train_diff_loss: 0.47553  au_rec_loss: 0.03442  va_rec_loss: 0.01564  em_rec_loss: 0.02631  pred_loss: 0.20659
[2026-06-24 19:37:12,724][root][INFO] - Epoch: 322  train_diff_loss: 0.48746  au_rec_loss: 0.03571  va_rec_loss: 0.01600  em_rec_loss: 0.02665  pred_loss: 0.21332
[2026-06-24 19:38:05,665][root][INFO] - Epoch: 323  train_diff_loss: 0.48080  au_rec_loss: 0.03551  va_rec_loss: 0.01564  em_rec_loss: 0.02668  pred_loss: 0.20872
[2026-06-24 19:38:58,907][root][INFO] - Epoch: 324  train_diff_loss: 0.47805  au_rec_loss: 0.03474  va_rec_loss: 0.01616  em_rec_loss: 0.02641  pred_loss: 0.20515
[2026-06-24 19:39:51,976][root][INFO] - Epoch: 325  train_diff_loss: 0.47822  au_rec_loss: 0.03466  va_rec_loss: 0.01558  em_rec_loss: 0.02675  pred_loss: 0.20697
[2026-06-24 19:40:44,801][root][INFO] - Epoch: 326  train_diff_loss: 0.48115  au_rec_loss: 0.03441  va_rec_loss: 0.01571  em_rec_loss: 0.02668  pred_loss: 0.21031
[2026-06-24 19:41:38,041][root][INFO] - Epoch: 327  train_diff_loss: 0.48023  au_rec_loss: 0.03538  va_rec_loss: 0.01586  em_rec_loss: 0.02635  pred_loss: 0.20892
[2026-06-24 19:42:30,820][root][INFO] - Epoch: 328  train_diff_loss: 0.48855  au_rec_loss: 0.03424  va_rec_loss: 0.01601  em_rec_loss: 0.02659  pred_loss: 0.21649
[2026-06-24 19:43:23,617][root][INFO] - Epoch: 329  train_diff_loss: 0.48528  au_rec_loss: 0.03525  va_rec_loss: 0.01558  em_rec_loss: 0.02686  pred_loss: 0.21361
[2026-06-24 19:44:16,871][root][INFO] - Epoch: 330  train_diff_loss: 0.47981  au_rec_loss: 0.03426  va_rec_loss: 0.01566  em_rec_loss: 0.02629  pred_loss: 0.21121
[2026-06-24 19:44:23,814][root][INFO] - Epoch: 330  val_diff_loss: 0.65982  au_rec_loss: 0.05099  va_rec_loss: 0.03069  em_rec_loss: 0.03881  pred_loss: 0.23157
[2026-06-24 19:45:24,309][root][INFO] - Epoch: 331  train_diff_loss: 0.47707  au_rec_loss: 0.03529  va_rec_loss: 0.01544  em_rec_loss: 0.02600  pred_loss: 0.20961
[2026-06-24 19:46:17,105][root][INFO] - Epoch: 332  train_diff_loss: 0.47749  au_rec_loss: 0.03467  va_rec_loss: 0.01578  em_rec_loss: 0.02646  pred_loss: 0.20742
[2026-06-24 19:47:10,278][root][INFO] - Epoch: 333  train_diff_loss: 0.48164  au_rec_loss: 0.03465  va_rec_loss: 0.01556  em_rec_loss: 0.02640  pred_loss: 0.21248
[2026-06-24 19:48:03,663][root][INFO] - Epoch: 334  train_diff_loss: 0.47332  au_rec_loss: 0.03505  va_rec_loss: 0.01546  em_rec_loss: 0.02692  pred_loss: 0.20135
[2026-06-24 19:48:56,518][root][INFO] - Epoch: 335  train_diff_loss: 0.47643  au_rec_loss: 0.03454  va_rec_loss: 0.01557  em_rec_loss: 0.02636  pred_loss: 0.20779
[2026-06-24 19:49:49,374][root][INFO] - Epoch: 336  train_diff_loss: 0.47450  au_rec_loss: 0.03451  va_rec_loss: 0.01533  em_rec_loss: 0.02646  pred_loss: 0.20642
[2026-06-24 19:50:42,473][root][INFO] - Epoch: 337  train_diff_loss: 0.47977  au_rec_loss: 0.03448  va_rec_loss: 0.01552  em_rec_loss: 0.02633  pred_loss: 0.21112
[2026-06-24 19:51:35,454][root][INFO] - Epoch: 338  train_diff_loss: 0.48039  au_rec_loss: 0.03530  va_rec_loss: 0.01554  em_rec_loss: 0.02647  pred_loss: 0.20955
[2026-06-24 19:52:28,327][root][INFO] - Epoch: 339  train_diff_loss: 0.47402  au_rec_loss: 0.03428  va_rec_loss: 0.01551  em_rec_loss: 0.02664  pred_loss: 0.20411
[2026-06-24 19:53:21,493][root][INFO] - Epoch: 340  train_diff_loss: 0.47900  au_rec_loss: 0.03486  va_rec_loss: 0.01530  em_rec_loss: 0.02642  pred_loss: 0.21031
[2026-06-24 19:53:28,427][root][INFO] - Epoch: 340  val_diff_loss: 0.63587  au_rec_loss: 0.04824  va_rec_loss: 0.02855  em_rec_loss: 0.03709  pred_loss: 0.22873
[2026-06-24 19:54:28,219][root][INFO] - Epoch: 341  train_diff_loss: 0.47456  au_rec_loss: 0.03502  va_rec_loss: 0.01518  em_rec_loss: 0.02622  pred_loss: 0.20736
[2026-06-24 19:55:21,481][root][INFO] - Epoch: 342  train_diff_loss: 0.47509  au_rec_loss: 0.03603  va_rec_loss: 0.01533  em_rec_loss: 0.02649  pred_loss: 0.20497
[2026-06-24 19:56:14,840][root][INFO] - Epoch: 343  train_diff_loss: 0.47575  au_rec_loss: 0.03561  va_rec_loss: 0.01556  em_rec_loss: 0.02647  pred_loss: 0.20518
[2026-06-24 19:57:08,013][root][INFO] - Epoch: 344  train_diff_loss: 0.48120  au_rec_loss: 0.03428  va_rec_loss: 0.01551  em_rec_loss: 0.02614  pred_loss: 0.21388
[2026-06-24 19:58:01,023][root][INFO] - Epoch: 345  train_diff_loss: 0.47237  au_rec_loss: 0.03417  va_rec_loss: 0.01565  em_rec_loss: 0.02633  pred_loss: 0.20380
[2026-06-24 19:58:54,118][root][INFO] - Epoch: 346  train_diff_loss: 0.48143  au_rec_loss: 0.03496  va_rec_loss: 0.01578  em_rec_loss: 0.02678  pred_loss: 0.20792
[2026-06-24 19:59:46,958][root][INFO] - Epoch: 347  train_diff_loss: 0.47993  au_rec_loss: 0.03482  va_rec_loss: 0.01515  em_rec_loss: 0.02631  pred_loss: 0.21249
[2026-06-24 20:00:39,764][root][INFO] - Epoch: 348  train_diff_loss: 0.47607  au_rec_loss: 0.03496  va_rec_loss: 0.01545  em_rec_loss: 0.02644  pred_loss: 0.20718
[2026-06-24 20:01:32,655][root][INFO] - Epoch: 349  train_diff_loss: 0.47372  au_rec_loss: 0.03466  va_rec_loss: 0.01508  em_rec_loss: 0.02631  pred_loss: 0.20741
[2026-06-24 20:02:25,925][root][INFO] - Epoch: 350  train_diff_loss: 0.47820  au_rec_loss: 0.03425  va_rec_loss: 0.01542  em_rec_loss: 0.02625  pred_loss: 0.21048
[2026-06-24 20:02:32,868][root][INFO] - Epoch: 350  val_diff_loss: 0.63479  au_rec_loss: 0.04860  va_rec_loss: 0.02932  em_rec_loss: 0.03741  pred_loss: 0.22194
[2026-06-24 20:02:32,868][root][INFO] - New best diff_decoder_loss (0.63479) at epoch 350, saving checkpoint
[2026-06-24 20:03:34,940][root][INFO] - Epoch: 351  train_diff_loss: 0.46771  au_rec_loss: 0.03531  va_rec_loss: 0.01500  em_rec_loss: 0.02629  pred_loss: 0.20129
[2026-06-24 20:04:28,158][root][INFO] - Epoch: 352  train_diff_loss: 0.47595  au_rec_loss: 0.03393  va_rec_loss: 0.01507  em_rec_loss: 0.02620  pred_loss: 0.21116
[2026-06-24 20:05:21,008][root][INFO] - Epoch: 353  train_diff_loss: 0.47808  au_rec_loss: 0.03525  va_rec_loss: 0.01538  em_rec_loss: 0.02626  pred_loss: 0.21000
[2026-06-24 20:06:14,397][root][INFO] - Epoch: 354  train_diff_loss: 0.47360  au_rec_loss: 0.03427  va_rec_loss: 0.01521  em_rec_loss: 0.02595  pred_loss: 0.20904
[2026-06-24 20:07:07,464][root][INFO] - Epoch: 355  train_diff_loss: 0.47046  au_rec_loss: 0.03367  va_rec_loss: 0.01532  em_rec_loss: 0.02573  pred_loss: 0.20688
[2026-06-24 20:08:00,595][root][INFO] - Epoch: 356  train_diff_loss: 0.47275  au_rec_loss: 0.03435  va_rec_loss: 0.01551  em_rec_loss: 0.02618  pred_loss: 0.20522
[2026-06-24 20:08:53,445][root][INFO] - Epoch: 357  train_diff_loss: 0.48036  au_rec_loss: 0.03471  va_rec_loss: 0.01511  em_rec_loss: 0.02614  pred_loss: 0.21415
[2026-06-24 20:09:46,864][root][INFO] - Epoch: 358  train_diff_loss: 0.47526  au_rec_loss: 0.03377  va_rec_loss: 0.01469  em_rec_loss: 0.02562  pred_loss: 0.21527
[2026-06-24 20:10:39,761][root][INFO] - Epoch: 359  train_diff_loss: 0.47702  au_rec_loss: 0.03434  va_rec_loss: 0.01541  em_rec_loss: 0.02629  pred_loss: 0.20939
[2026-06-24 20:11:32,570][root][INFO] - Epoch: 360  train_diff_loss: 0.47073  au_rec_loss: 0.03471  va_rec_loss: 0.01533  em_rec_loss: 0.02632  pred_loss: 0.20312
[2026-06-24 20:11:39,411][root][INFO] - Epoch: 360  val_diff_loss: 0.67172  au_rec_loss: 0.05075  va_rec_loss: 0.03108  em_rec_loss: 0.03929  pred_loss: 0.23776
[2026-06-24 20:12:39,341][root][INFO] - Epoch: 361  train_diff_loss: 0.47645  au_rec_loss: 0.03380  va_rec_loss: 0.01516  em_rec_loss: 0.02608  pred_loss: 0.21176
[2026-06-24 20:13:32,115][root][INFO] - Epoch: 362  train_diff_loss: 0.46823  au_rec_loss: 0.03403  va_rec_loss: 0.01523  em_rec_loss: 0.02592  pred_loss: 0.20351
[2026-06-24 20:14:25,436][root][INFO] - Epoch: 363  train_diff_loss: 0.46989  au_rec_loss: 0.03386  va_rec_loss: 0.01456  em_rec_loss: 0.02596  pred_loss: 0.20881
[2026-06-24 20:15:18,270][root][INFO] - Epoch: 364  train_diff_loss: 0.47797  au_rec_loss: 0.03431  va_rec_loss: 0.01491  em_rec_loss: 0.02626  pred_loss: 0.21296
[2026-06-24 20:16:11,328][root][INFO] - Epoch: 365  train_diff_loss: 0.47394  au_rec_loss: 0.03417  va_rec_loss: 0.01519  em_rec_loss: 0.02610  pred_loss: 0.20873
[2026-06-24 20:17:04,103][root][INFO] - Epoch: 366  train_diff_loss: 0.47519  au_rec_loss: 0.03395  va_rec_loss: 0.01524  em_rec_loss: 0.02603  pred_loss: 0.21022
[2026-06-24 20:17:57,479][root][INFO] - Epoch: 367  train_diff_loss: 0.47673  au_rec_loss: 0.03401  va_rec_loss: 0.01544  em_rec_loss: 0.02603  pred_loss: 0.21088
[2026-06-24 20:18:50,573][root][INFO] - Epoch: 368  train_diff_loss: 0.47099  au_rec_loss: 0.03419  va_rec_loss: 0.01520  em_rec_loss: 0.02617  pred_loss: 0.20489
[2026-06-24 20:19:43,358][root][INFO] - Epoch: 369  train_diff_loss: 0.47165  au_rec_loss: 0.03340  va_rec_loss: 0.01499  em_rec_loss: 0.02566  pred_loss: 0.20996
[2026-06-24 20:20:36,256][root][INFO] - Epoch: 370  train_diff_loss: 0.47796  au_rec_loss: 0.03425  va_rec_loss: 0.01523  em_rec_loss: 0.02578  pred_loss: 0.21409
[2026-06-24 20:20:43,129][root][INFO] - Epoch: 370  val_diff_loss: 0.64969  au_rec_loss: 0.04947  va_rec_loss: 0.02972  em_rec_loss: 0.03761  pred_loss: 0.23152
[2026-06-24 20:21:42,714][root][INFO] - Epoch: 371  train_diff_loss: 0.47957  au_rec_loss: 0.03526  va_rec_loss: 0.01474  em_rec_loss: 0.02648  pred_loss: 0.21377
[2026-06-24 20:22:36,019][root][INFO] - Epoch: 372  train_diff_loss: 0.47506  au_rec_loss: 0.03456  va_rec_loss: 0.01577  em_rec_loss: 0.02632  pred_loss: 0.20560
[2026-06-24 20:23:29,036][root][INFO] - Epoch: 373  train_diff_loss: 0.47739  au_rec_loss: 0.03525  va_rec_loss: 0.01565  em_rec_loss: 0.02633  pred_loss: 0.20671
[2026-06-24 20:24:22,319][root][INFO] - Epoch: 374  train_diff_loss: 0.47180  au_rec_loss: 0.03505  va_rec_loss: 0.01486  em_rec_loss: 0.02610  pred_loss: 0.20716
[2026-06-24 20:25:15,487][root][INFO] - Epoch: 375  train_diff_loss: 0.47759  au_rec_loss: 0.03369  va_rec_loss: 0.01557  em_rec_loss: 0.02612  pred_loss: 0.21056
[2026-06-24 20:26:08,319][root][INFO] - Epoch: 376  train_diff_loss: 0.47359  au_rec_loss: 0.03386  va_rec_loss: 0.01527  em_rec_loss: 0.02546  pred_loss: 0.21122
[2026-06-24 20:27:01,296][root][INFO] - Epoch: 377  train_diff_loss: 0.46979  au_rec_loss: 0.03395  va_rec_loss: 0.01506  em_rec_loss: 0.02581  pred_loss: 0.20625
[2026-06-24 20:27:54,083][root][INFO] - Epoch: 378  train_diff_loss: 0.47642  au_rec_loss: 0.03448  va_rec_loss: 0.01524  em_rec_loss: 0.02583  pred_loss: 0.21209
[2026-06-24 20:28:47,314][root][INFO] - Epoch: 379  train_diff_loss: 0.46868  au_rec_loss: 0.03413  va_rec_loss: 0.01486  em_rec_loss: 0.02573  pred_loss: 0.20692
[2026-06-24 20:29:40,133][root][INFO] - Epoch: 380  train_diff_loss: 0.47407  au_rec_loss: 0.03379  va_rec_loss: 0.01479  em_rec_loss: 0.02593  pred_loss: 0.21196
[2026-06-24 20:29:46,886][root][INFO] - Epoch: 380  val_diff_loss: 0.67101  au_rec_loss: 0.05026  va_rec_loss: 0.03028  em_rec_loss: 0.03911  pred_loss: 0.24305
[2026-06-24 20:30:46,844][root][INFO] - Epoch: 381  train_diff_loss: 0.47288  au_rec_loss: 0.03362  va_rec_loss: 0.01535  em_rec_loss: 0.02557  pred_loss: 0.20991
[2026-06-24 20:31:40,250][root][INFO] - Epoch: 382  train_diff_loss: 0.47304  au_rec_loss: 0.03447  va_rec_loss: 0.01495  em_rec_loss: 0.02620  pred_loss: 0.20824
[2026-06-24 20:32:33,376][root][INFO] - Epoch: 383  train_diff_loss: 0.46987  au_rec_loss: 0.03456  va_rec_loss: 0.01535  em_rec_loss: 0.02602  pred_loss: 0.20357
[2026-06-24 20:33:26,698][root][INFO] - Epoch: 384  train_diff_loss: 0.46574  au_rec_loss: 0.03394  va_rec_loss: 0.01499  em_rec_loss: 0.02575  pred_loss: 0.20372
[2026-06-24 20:34:19,862][root][INFO] - Epoch: 385  train_diff_loss: 0.47009  au_rec_loss: 0.03411  va_rec_loss: 0.01541  em_rec_loss: 0.02580  pred_loss: 0.20582
[2026-06-24 20:35:12,859][root][INFO] - Epoch: 386  train_diff_loss: 0.47354  au_rec_loss: 0.03492  va_rec_loss: 0.01514  em_rec_loss: 0.02624  pred_loss: 0.20728
[2026-06-24 20:36:05,975][root][INFO] - Epoch: 387  train_diff_loss: 0.47568  au_rec_loss: 0.03432  va_rec_loss: 0.01536  em_rec_loss: 0.02593  pred_loss: 0.21063
[2026-06-24 20:36:58,800][root][INFO] - Epoch: 388  train_diff_loss: 0.47548  au_rec_loss: 0.03455  va_rec_loss: 0.01520  em_rec_loss: 0.02624  pred_loss: 0.20972
[2026-06-24 20:37:52,157][root][INFO] - Epoch: 389  train_diff_loss: 0.46825  au_rec_loss: 0.03384  va_rec_loss: 0.01502  em_rec_loss: 0.02613  pred_loss: 0.20410
[2026-06-24 20:38:45,501][root][INFO] - Epoch: 390  train_diff_loss: 0.47368  au_rec_loss: 0.03447  va_rec_loss: 0.01457  em_rec_loss: 0.02586  pred_loss: 0.21277
[2026-06-24 20:38:52,310][root][INFO] - Epoch: 390  val_diff_loss: 0.64819  au_rec_loss: 0.05138  va_rec_loss: 0.03016  em_rec_loss: 0.03892  pred_loss: 0.21958
[2026-06-24 20:39:51,485][root][INFO] - Epoch: 391  train_diff_loss: 0.46954  au_rec_loss: 0.03398  va_rec_loss: 0.01527  em_rec_loss: 0.02566  pred_loss: 0.20627
[2026-06-24 20:40:44,566][root][INFO] - Epoch: 392  train_diff_loss: 0.46850  au_rec_loss: 0.03432  va_rec_loss: 0.01507  em_rec_loss: 0.02612  pred_loss: 0.20409
[2026-06-24 20:41:37,411][root][INFO] - Epoch: 393  train_diff_loss: 0.47439  au_rec_loss: 0.03465  va_rec_loss: 0.01470  em_rec_loss: 0.02631  pred_loss: 0.20991
[2026-06-24 20:42:30,834][root][INFO] - Epoch: 394  train_diff_loss: 0.47333  au_rec_loss: 0.03442  va_rec_loss: 0.01534  em_rec_loss: 0.02574  pred_loss: 0.20923
[2026-06-24 20:43:23,619][root][INFO] - Epoch: 395  train_diff_loss: 0.47496  au_rec_loss: 0.03432  va_rec_loss: 0.01502  em_rec_loss: 0.02605  pred_loss: 0.21028
[2026-06-24 20:44:16,425][root][INFO] - Epoch: 396  train_diff_loss: 0.47580  au_rec_loss: 0.03354  va_rec_loss: 0.01499  em_rec_loss: 0.02548  pred_loss: 0.21487
[2026-06-24 20:45:09,551][root][INFO] - Epoch: 397  train_diff_loss: 0.46753  au_rec_loss: 0.03475  va_rec_loss: 0.01495  em_rec_loss: 0.02612  pred_loss: 0.20271
[2026-06-24 20:46:02,387][root][INFO] - Epoch: 398  train_diff_loss: 0.46862  au_rec_loss: 0.03436  va_rec_loss: 0.01471  em_rec_loss: 0.02608  pred_loss: 0.20576
[2026-06-24 20:46:55,540][root][INFO] - Epoch: 399  train_diff_loss: 0.46627  au_rec_loss: 0.03475  va_rec_loss: 0.01514  em_rec_loss: 0.02580  pred_loss: 0.20206
[2026-06-24 20:47:48,879][root][INFO] - Epoch: 400  train_diff_loss: 0.46891  au_rec_loss: 0.03342  va_rec_loss: 0.01457  em_rec_loss: 0.02547  pred_loss: 0.21064
[2026-06-24 20:47:55,693][root][INFO] - Epoch: 400  val_diff_loss: 0.64183  au_rec_loss: 0.05010  va_rec_loss: 0.02749  em_rec_loss: 0.03850  pred_loss: 0.23056
[2026-06-24 20:48:55,330][root][INFO] - Epoch: 401  train_diff_loss: 0.47579  au_rec_loss: 0.03412  va_rec_loss: 0.01503  em_rec_loss: 0.02543  pred_loss: 0.21468
[2026-06-24 20:49:48,383][root][INFO] - Epoch: 402  train_diff_loss: 0.46464  au_rec_loss: 0.03405  va_rec_loss: 0.01513  em_rec_loss: 0.02627  pred_loss: 0.19932
[2026-06-24 20:50:41,243][root][INFO] - Epoch: 403  train_diff_loss: 0.47021  au_rec_loss: 0.03394  va_rec_loss: 0.01511  em_rec_loss: 0.02572  pred_loss: 0.20681
[2026-06-24 20:51:34,379][root][INFO] - Epoch: 404  train_diff_loss: 0.46681  au_rec_loss: 0.03334  va_rec_loss: 0.01440  em_rec_loss: 0.02566  pred_loss: 0.20878
[2026-06-24 20:52:27,713][root][INFO] - Epoch: 405  train_diff_loss: 0.47324  au_rec_loss: 0.03413  va_rec_loss: 0.01514  em_rec_loss: 0.02609  pred_loss: 0.20834
[2026-06-24 20:53:21,091][root][INFO] - Epoch: 406  train_diff_loss: 0.46404  au_rec_loss: 0.03415  va_rec_loss: 0.01521  em_rec_loss: 0.02571  pred_loss: 0.20083
[2026-06-24 20:54:14,487][root][INFO] - Epoch: 407  train_diff_loss: 0.46139  au_rec_loss: 0.03359  va_rec_loss: 0.01499  em_rec_loss: 0.02546  pred_loss: 0.20103
[2026-06-24 20:55:07,304][root][INFO] - Epoch: 408  train_diff_loss: 0.47558  au_rec_loss: 0.03395  va_rec_loss: 0.01511  em_rec_loss: 0.02592  pred_loss: 0.21197
[2026-06-24 20:56:00,738][root][INFO] - Epoch: 409  train_diff_loss: 0.46632  au_rec_loss: 0.03389  va_rec_loss: 0.01535  em_rec_loss: 0.02562  pred_loss: 0.20279
[2026-06-24 20:56:53,564][root][INFO] - Epoch: 410  train_diff_loss: 0.47028  au_rec_loss: 0.03474  va_rec_loss: 0.01481  em_rec_loss: 0.02591  pred_loss: 0.20742
[2026-06-24 20:57:00,646][root][INFO] - Epoch: 410  val_diff_loss: 0.64908  au_rec_loss: 0.05015  va_rec_loss: 0.02976  em_rec_loss: 0.03852  pred_loss: 0.22583
[2026-06-24 20:58:00,846][root][INFO] - Epoch: 411  train_diff_loss: 0.47211  au_rec_loss: 0.03366  va_rec_loss: 0.01447  em_rec_loss: 0.02573  pred_loss: 0.21288
[2026-06-24 20:58:53,698][root][INFO] - Epoch: 412  train_diff_loss: 0.46700  au_rec_loss: 0.03386  va_rec_loss: 0.01401  em_rec_loss: 0.02556  pred_loss: 0.21069
[2026-06-24 20:59:47,045][root][INFO] - Epoch: 413  train_diff_loss: 0.46953  au_rec_loss: 0.03411  va_rec_loss: 0.01493  em_rec_loss: 0.02580  pred_loss: 0.20743
[2026-06-24 21:00:39,889][root][INFO] - Epoch: 414  train_diff_loss: 0.46733  au_rec_loss: 0.03455  va_rec_loss: 0.01491  em_rec_loss: 0.02561  pred_loss: 0.20535
[2026-06-24 21:01:32,999][root][INFO] - Epoch: 415  train_diff_loss: 0.46772  au_rec_loss: 0.03379  va_rec_loss: 0.01519  em_rec_loss: 0.02542  pred_loss: 0.20624
[2026-06-24 21:02:26,447][root][INFO] - Epoch: 416  train_diff_loss: 0.47106  au_rec_loss: 0.03452  va_rec_loss: 0.01504  em_rec_loss: 0.02591  pred_loss: 0.20693
[2026-06-24 21:03:19,613][root][INFO] - Epoch: 417  train_diff_loss: 0.47374  au_rec_loss: 0.03418  va_rec_loss: 0.01531  em_rec_loss: 0.02572  pred_loss: 0.20956
[2026-06-24 21:04:13,106][root][INFO] - Epoch: 418  train_diff_loss: 0.48024  au_rec_loss: 0.03430  va_rec_loss: 0.01534  em_rec_loss: 0.02596  pred_loss: 0.21463
[2026-06-24 21:05:06,425][root][INFO] - Epoch: 419  train_diff_loss: 0.47149  au_rec_loss: 0.03493  va_rec_loss: 0.01529  em_rec_loss: 0.02601  pred_loss: 0.20530
[2026-06-24 21:05:59,923][root][INFO] - Epoch: 420  train_diff_loss: 0.46983  au_rec_loss: 0.03416  va_rec_loss: 0.01494  em_rec_loss: 0.02596  pred_loss: 0.20649
[2026-06-24 21:06:06,914][root][INFO] - Epoch: 420  val_diff_loss: 0.65117  au_rec_loss: 0.04894  va_rec_loss: 0.02928  em_rec_loss: 0.03845  pred_loss: 0.23231
[2026-06-24 21:07:06,469][root][INFO] - Epoch: 421  train_diff_loss: 0.46589  au_rec_loss: 0.03406  va_rec_loss: 0.01475  em_rec_loss: 0.02570  pred_loss: 0.20495
[2026-06-24 21:07:59,261][root][INFO] - Epoch: 422  train_diff_loss: 0.46584  au_rec_loss: 0.03379  va_rec_loss: 0.01468  em_rec_loss: 0.02558  pred_loss: 0.20597
[2026-06-24 21:08:52,092][root][INFO] - Epoch: 423  train_diff_loss: 0.47129  au_rec_loss: 0.03367  va_rec_loss: 0.01501  em_rec_loss: 0.02562  pred_loss: 0.20987
[2026-06-24 21:09:45,028][root][INFO] - Epoch: 424  train_diff_loss: 0.47344  au_rec_loss: 0.03421  va_rec_loss: 0.01482  em_rec_loss: 0.02577  pred_loss: 0.21141
[2026-06-24 21:10:37,893][root][INFO] - Epoch: 425  train_diff_loss: 0.47355  au_rec_loss: 0.03460  va_rec_loss: 0.01466  em_rec_loss: 0.02631  pred_loss: 0.20999
[2026-06-24 21:11:31,160][root][INFO] - Epoch: 426  train_diff_loss: 0.46576  au_rec_loss: 0.03394  va_rec_loss: 0.01473  em_rec_loss: 0.02545  pred_loss: 0.20603
[2026-06-24 21:12:24,014][root][INFO] - Epoch: 427  train_diff_loss: 0.47304  au_rec_loss: 0.03450  va_rec_loss: 0.01506  em_rec_loss: 0.02608  pred_loss: 0.20827
[2026-06-24 21:13:16,880][root][INFO] - Epoch: 428  train_diff_loss: 0.47617  au_rec_loss: 0.03400  va_rec_loss: 0.01491  em_rec_loss: 0.02602  pred_loss: 0.21272
[2026-06-24 21:14:09,812][root][INFO] - Epoch: 429  train_diff_loss: 0.46777  au_rec_loss: 0.03432  va_rec_loss: 0.01453  em_rec_loss: 0.02592  pred_loss: 0.20707
[2026-06-24 21:15:02,636][root][INFO] - Epoch: 430  train_diff_loss: 0.47018  au_rec_loss: 0.03445  va_rec_loss: 0.01515  em_rec_loss: 0.02566  pred_loss: 0.20706
[2026-06-24 21:15:09,744][root][INFO] - Epoch: 430  val_diff_loss: 0.65206  au_rec_loss: 0.05293  va_rec_loss: 0.03070  em_rec_loss: 0.03927  pred_loss: 0.21757
[2026-06-24 21:16:08,817][root][INFO] - Epoch: 431  train_diff_loss: 0.47294  au_rec_loss: 0.03412  va_rec_loss: 0.01459  em_rec_loss: 0.02568  pred_loss: 0.21317
[2026-06-24 21:17:01,913][root][INFO] - Epoch: 432  train_diff_loss: 0.47392  au_rec_loss: 0.03372  va_rec_loss: 0.01572  em_rec_loss: 0.02568  pred_loss: 0.20889
[2026-06-24 21:17:55,438][root][INFO] - Epoch: 433  train_diff_loss: 0.47544  au_rec_loss: 0.03422  va_rec_loss: 0.01486  em_rec_loss: 0.02615  pred_loss: 0.21123
[2026-06-24 21:18:48,972][root][INFO] - Epoch: 434  train_diff_loss: 0.47438  au_rec_loss: 0.03444  va_rec_loss: 0.01519  em_rec_loss: 0.02602  pred_loss: 0.20925
[2026-06-24 21:19:41,850][root][INFO] - Epoch: 435  train_diff_loss: 0.46698  au_rec_loss: 0.03340  va_rec_loss: 0.01482  em_rec_loss: 0.02555  pred_loss: 0.20696
[2026-06-24 21:20:34,722][root][INFO] - Epoch: 436  train_diff_loss: 0.47290  au_rec_loss: 0.03446  va_rec_loss: 0.01540  em_rec_loss: 0.02605  pred_loss: 0.20646
[2026-06-24 21:21:28,286][root][INFO] - Epoch: 437  train_diff_loss: 0.47035  au_rec_loss: 0.03435  va_rec_loss: 0.01479  em_rec_loss: 0.02579  pred_loss: 0.20896
[2026-06-24 21:22:21,562][root][INFO] - Epoch: 438  train_diff_loss: 0.47245  au_rec_loss: 0.03416  va_rec_loss: 0.01502  em_rec_loss: 0.02565  pred_loss: 0.20983
[2026-06-24 21:23:14,670][root][INFO] - Epoch: 439  train_diff_loss: 0.47629  au_rec_loss: 0.03352  va_rec_loss: 0.01462  em_rec_loss: 0.02573  pred_loss: 0.21670
[2026-06-24 21:24:08,169][root][INFO] - Epoch: 440  train_diff_loss: 0.46842  au_rec_loss: 0.03344  va_rec_loss: 0.01493  em_rec_loss: 0.02584  pred_loss: 0.20611
[2026-06-24 21:24:15,041][root][INFO] - Epoch: 440  val_diff_loss: 0.65591  au_rec_loss: 0.05132  va_rec_loss: 0.03086  em_rec_loss: 0.03949  pred_loss: 0.22183
[2026-06-24 21:25:15,139][root][INFO] - Epoch: 441  train_diff_loss: 0.47370  au_rec_loss: 0.03436  va_rec_loss: 0.01529  em_rec_loss: 0.02560  pred_loss: 0.21039
[2026-06-24 21:26:07,962][root][INFO] - Epoch: 442  train_diff_loss: 0.47028  au_rec_loss: 0.03476  va_rec_loss: 0.01503  em_rec_loss: 0.02588  pred_loss: 0.20670
[2026-06-24 21:27:00,785][root][INFO] - Epoch: 443  train_diff_loss: 0.47068  au_rec_loss: 0.03377  va_rec_loss: 0.01481  em_rec_loss: 0.02559  pred_loss: 0.21008
[2026-06-24 21:27:53,931][root][INFO] - Epoch: 444  train_diff_loss: 0.47028  au_rec_loss: 0.03449  va_rec_loss: 0.01472  em_rec_loss: 0.02574  pred_loss: 0.20845
[2026-06-24 21:28:47,179][root][INFO] - Epoch: 445  train_diff_loss: 0.46124  au_rec_loss: 0.03380  va_rec_loss: 0.01459  em_rec_loss: 0.02574  pred_loss: 0.20075
[2026-06-24 21:29:40,163][root][INFO] - Epoch: 446  train_diff_loss: 0.47381  au_rec_loss: 0.03455  va_rec_loss: 0.01498  em_rec_loss: 0.02597  pred_loss: 0.20961
[2026-06-24 21:30:33,356][root][INFO] - Epoch: 447  train_diff_loss: 0.47415  au_rec_loss: 0.03396  va_rec_loss: 0.01452  em_rec_loss: 0.02585  pred_loss: 0.21382
[2026-06-24 21:31:26,503][root][INFO] - Epoch: 448  train_diff_loss: 0.46746  au_rec_loss: 0.03342  va_rec_loss: 0.01467  em_rec_loss: 0.02561  pred_loss: 0.20861
[2026-06-24 21:32:19,421][root][INFO] - Epoch: 449  train_diff_loss: 0.47217  au_rec_loss: 0.03417  va_rec_loss: 0.01535  em_rec_loss: 0.02534  pred_loss: 0.20986
[2026-06-24 21:33:12,140][root][INFO] - Epoch: 450  train_diff_loss: 0.46958  au_rec_loss: 0.03404  va_rec_loss: 0.01487  em_rec_loss: 0.02565  pred_loss: 0.20829
[2026-06-24 21:33:19,151][root][INFO] - Epoch: 450  val_diff_loss: 0.62946  au_rec_loss: 0.04949  va_rec_loss: 0.02938  em_rec_loss: 0.03838  pred_loss: 0.21032
[2026-06-24 21:33:19,151][root][INFO] - New best diff_decoder_loss (0.62946) at epoch 450, saving checkpoint
[2026-06-24 21:34:22,691][root][INFO] - Epoch: 451  train_diff_loss: 0.47852  au_rec_loss: 0.03461  va_rec_loss: 0.01481  em_rec_loss: 0.02596  pred_loss: 0.21497
[2026-06-24 21:35:15,797][root][INFO] - Epoch: 452  train_diff_loss: 0.46446  au_rec_loss: 0.03328  va_rec_loss: 0.01513  em_rec_loss: 0.02536  pred_loss: 0.20366
[2026-06-24 21:36:09,157][root][INFO] - Epoch: 453  train_diff_loss: 0.46446  au_rec_loss: 0.03319  va_rec_loss: 0.01465  em_rec_loss: 0.02517  pred_loss: 0.20772
[2026-06-24 21:37:02,031][root][INFO] - Epoch: 454  train_diff_loss: 0.46866  au_rec_loss: 0.03406  va_rec_loss: 0.01490  em_rec_loss: 0.02580  pred_loss: 0.20632
[2026-06-24 21:37:54,958][root][INFO] - Epoch: 455  train_diff_loss: 0.47780  au_rec_loss: 0.03439  va_rec_loss: 0.01501  em_rec_loss: 0.02602  pred_loss: 0.21344
[2026-06-24 21:38:48,215][root][INFO] - Epoch: 456  train_diff_loss: 0.47157  au_rec_loss: 0.03429  va_rec_loss: 0.01514  em_rec_loss: 0.02599  pred_loss: 0.20707
[2026-06-24 21:39:41,572][root][INFO] - Epoch: 457  train_diff_loss: 0.46715  au_rec_loss: 0.03320  va_rec_loss: 0.01496  em_rec_loss: 0.02582  pred_loss: 0.20582
[2026-06-24 21:40:34,817][root][INFO] - Epoch: 458  train_diff_loss: 0.47106  au_rec_loss: 0.03395  va_rec_loss: 0.01500  em_rec_loss: 0.02568  pred_loss: 0.20961
[2026-06-24 21:41:27,698][root][INFO] - Epoch: 459  train_diff_loss: 0.47214  au_rec_loss: 0.03364  va_rec_loss: 0.01526  em_rec_loss: 0.02545  pred_loss: 0.20993
[2026-06-24 21:42:21,053][root][INFO] - Epoch: 460  train_diff_loss: 0.46898  au_rec_loss: 0.03308  va_rec_loss: 0.01508  em_rec_loss: 0.02570  pred_loss: 0.20710
[2026-06-24 21:42:27,987][root][INFO] - Epoch: 460  val_diff_loss: 0.65720  au_rec_loss: 0.04984  va_rec_loss: 0.02969  em_rec_loss: 0.03814  pred_loss: 0.23717
[2026-06-24 21:43:27,427][root][INFO] - Epoch: 461  train_diff_loss: 0.48131  au_rec_loss: 0.03520  va_rec_loss: 0.01531  em_rec_loss: 0.02608  pred_loss: 0.21465
[2026-06-24 21:44:20,746][root][INFO] - Epoch: 462  train_diff_loss: 0.47482  au_rec_loss: 0.03428  va_rec_loss: 0.01519  em_rec_loss: 0.02593  pred_loss: 0.20994
[2026-06-24 21:45:14,243][root][INFO] - Epoch: 463  train_diff_loss: 0.46593  au_rec_loss: 0.03406  va_rec_loss: 0.01460  em_rec_loss: 0.02543  pred_loss: 0.20666
[2026-06-24 21:46:07,055][root][INFO] - Epoch: 464  train_diff_loss: 0.46944  au_rec_loss: 0.03445  va_rec_loss: 0.01517  em_rec_loss: 0.02585  pred_loss: 0.20552
[2026-06-24 21:46:59,918][root][INFO] - Epoch: 465  train_diff_loss: 0.46893  au_rec_loss: 0.03442  va_rec_loss: 0.01465  em_rec_loss: 0.02605  pred_loss: 0.20639
[2026-06-24 21:47:52,737][root][INFO] - Epoch: 466  train_diff_loss: 0.46681  au_rec_loss: 0.03328  va_rec_loss: 0.01478  em_rec_loss: 0.02548  pred_loss: 0.20754
[2026-06-24 21:48:46,179][root][INFO] - Epoch: 467  train_diff_loss: 0.47123  au_rec_loss: 0.03390  va_rec_loss: 0.01494  em_rec_loss: 0.02579  pred_loss: 0.20951
[2026-06-24 21:49:39,545][root][INFO] - Epoch: 468  train_diff_loss: 0.47324  au_rec_loss: 0.03381  va_rec_loss: 0.01514  em_rec_loss: 0.02573  pred_loss: 0.21075
[2026-06-24 21:50:32,571][root][INFO] - Epoch: 469  train_diff_loss: 0.46228  au_rec_loss: 0.03390  va_rec_loss: 0.01430  em_rec_loss: 0.02545  pred_loss: 0.20511
[2026-06-24 21:51:26,078][root][INFO] - Epoch: 470  train_diff_loss: 0.46929  au_rec_loss: 0.03538  va_rec_loss: 0.01526  em_rec_loss: 0.02603  pred_loss: 0.20271
[2026-06-24 21:51:32,940][root][INFO] - Epoch: 470  val_diff_loss: 0.66520  au_rec_loss: 0.05197  va_rec_loss: 0.03104  em_rec_loss: 0.03854  pred_loss: 0.23394
[2026-06-24 21:52:33,144][root][INFO] - Epoch: 471  train_diff_loss: 0.47963  au_rec_loss: 0.03350  va_rec_loss: 0.01524  em_rec_loss: 0.02542  pred_loss: 0.21811
[2026-06-24 21:53:26,691][root][INFO] - Epoch: 472  train_diff_loss: 0.47162  au_rec_loss: 0.03427  va_rec_loss: 0.01490  em_rec_loss: 0.02587  pred_loss: 0.20923
[2026-06-24 21:54:19,827][root][INFO] - Epoch: 473  train_diff_loss: 0.47548  au_rec_loss: 0.03428  va_rec_loss: 0.01543  em_rec_loss: 0.02586  pred_loss: 0.21037
[2026-06-24 21:55:12,981][root][INFO] - Epoch: 474  train_diff_loss: 0.46790  au_rec_loss: 0.03368  va_rec_loss: 0.01556  em_rec_loss: 0.02567  pred_loss: 0.20304
[2026-06-24 21:56:06,314][root][INFO] - Epoch: 475  train_diff_loss: 0.47102  au_rec_loss: 0.03439  va_rec_loss: 0.01522  em_rec_loss: 0.02582  pred_loss: 0.20645
[2026-06-24 21:56:59,515][root][INFO] - Epoch: 476  train_diff_loss: 0.46863  au_rec_loss: 0.03408  va_rec_loss: 0.01498  em_rec_loss: 0.02581  pred_loss: 0.20597
[2026-06-24 21:57:52,558][root][INFO] - Epoch: 477  train_diff_loss: 0.47141  au_rec_loss: 0.03376  va_rec_loss: 0.01522  em_rec_loss: 0.02570  pred_loss: 0.20854
[2026-06-24 21:58:45,829][root][INFO] - Epoch: 478  train_diff_loss: 0.46895  au_rec_loss: 0.03444  va_rec_loss: 0.01495  em_rec_loss: 0.02593  pred_loss: 0.20560
[2026-06-24 21:59:38,863][root][INFO] - Epoch: 479  train_diff_loss: 0.47001  au_rec_loss: 0.03432  va_rec_loss: 0.01508  em_rec_loss: 0.02554  pred_loss: 0.20812
[2026-06-24 22:00:32,261][root][INFO] - Epoch: 480  train_diff_loss: 0.46904  au_rec_loss: 0.03426  va_rec_loss: 0.01461  em_rec_loss: 0.02591  pred_loss: 0.20744
[2026-06-24 22:00:39,160][root][INFO] - Epoch: 480  val_diff_loss: 0.66000  au_rec_loss: 0.05089  va_rec_loss: 0.03065  em_rec_loss: 0.03890  pred_loss: 0.23046
[2026-06-24 22:01:39,293][root][INFO] - Epoch: 481  train_diff_loss: 0.46726  au_rec_loss: 0.03360  va_rec_loss: 0.01475  em_rec_loss: 0.02560  pred_loss: 0.20750
[2026-06-24 22:02:32,146][root][INFO] - Epoch: 482  train_diff_loss: 0.46856  au_rec_loss: 0.03393  va_rec_loss: 0.01508  em_rec_loss: 0.02587  pred_loss: 0.20549
[2026-06-24 22:03:24,993][root][INFO] - Epoch: 483  train_diff_loss: 0.46721  au_rec_loss: 0.03372  va_rec_loss: 0.01465  em_rec_loss: 0.02546  pred_loss: 0.20877
[2026-06-24 22:04:18,296][root][INFO] - Epoch: 484  train_diff_loss: 0.47198  au_rec_loss: 0.03389  va_rec_loss: 0.01483  em_rec_loss: 0.02598  pred_loss: 0.20887
[2026-06-24 22:05:11,455][root][INFO] - Epoch: 485  train_diff_loss: 0.47553  au_rec_loss: 0.03387  va_rec_loss: 0.01495  em_rec_loss: 0.02595  pred_loss: 0.21245
[2026-06-24 22:06:04,263][root][INFO] - Epoch: 486  train_diff_loss: 0.46517  au_rec_loss: 0.03389  va_rec_loss: 0.01498  em_rec_loss: 0.02556  pred_loss: 0.20394
[2026-06-24 22:06:57,764][root][INFO] - Epoch: 487  train_diff_loss: 0.46484  au_rec_loss: 0.03355  va_rec_loss: 0.01503  em_rec_loss: 0.02563  pred_loss: 0.20329
[2026-06-24 22:07:50,967][root][INFO] - Epoch: 488  train_diff_loss: 0.46980  au_rec_loss: 0.03386  va_rec_loss: 0.01498  em_rec_loss: 0.02623  pred_loss: 0.20481
[2026-06-24 22:08:44,267][root][INFO] - Epoch: 489  train_diff_loss: 0.47509  au_rec_loss: 0.03322  va_rec_loss: 0.01530  em_rec_loss: 0.02559  pred_loss: 0.21272
[2026-06-24 22:09:37,660][root][INFO] - Epoch: 490  train_diff_loss: 0.47261  au_rec_loss: 0.03471  va_rec_loss: 0.01485  em_rec_loss: 0.02584  pred_loss: 0.21015
[2026-06-24 22:09:44,523][root][INFO] - Epoch: 490  val_diff_loss: 0.66306  au_rec_loss: 0.05097  va_rec_loss: 0.03024  em_rec_loss: 0.03876  pred_loss: 0.23599
[2026-06-24 22:10:44,016][root][INFO] - Epoch: 491  train_diff_loss: 0.47073  au_rec_loss: 0.03351  va_rec_loss: 0.01485  em_rec_loss: 0.02581  pred_loss: 0.20968
[2026-06-24 22:11:37,082][root][INFO] - Epoch: 492  train_diff_loss: 0.47632  au_rec_loss: 0.03392  va_rec_loss: 0.01513  em_rec_loss: 0.02583  pred_loss: 0.21266
[2026-06-24 22:12:29,893][root][INFO] - Epoch: 493  train_diff_loss: 0.46710  au_rec_loss: 0.03403  va_rec_loss: 0.01522  em_rec_loss: 0.02579  pred_loss: 0.20307
[2026-06-24 22:13:22,694][root][INFO] - Epoch: 494  train_diff_loss: 0.46863  au_rec_loss: 0.03441  va_rec_loss: 0.01503  em_rec_loss: 0.02593  pred_loss: 0.20480
[2026-06-24 22:14:15,568][root][INFO] - Epoch: 495  train_diff_loss: 0.46723  au_rec_loss: 0.03295  va_rec_loss: 0.01491  em_rec_loss: 0.02543  pred_loss: 0.20767
[2026-06-24 22:15:08,358][root][INFO] - Epoch: 496  train_diff_loss: 0.46353  au_rec_loss: 0.03452  va_rec_loss: 0.01497  em_rec_loss: 0.02564  pred_loss: 0.20106
[2026-06-24 22:16:01,164][root][INFO] - Epoch: 497  train_diff_loss: 0.47572  au_rec_loss: 0.03474  va_rec_loss: 0.01531  em_rec_loss: 0.02609  pred_loss: 0.20926
[2026-06-24 22:16:53,937][root][INFO] - Epoch: 498  train_diff_loss: 0.47077  au_rec_loss: 0.03466  va_rec_loss: 0.01510  em_rec_loss: 0.02581  pred_loss: 0.20719
[2026-06-24 22:17:47,159][root][INFO] - Epoch: 499  train_diff_loss: 0.46371  au_rec_loss: 0.03309  va_rec_loss: 0.01469  em_rec_loss: 0.02553  pred_loss: 0.20503
[2026-06-24 22:18:39,907][root][INFO] - Epoch: 500  train_diff_loss: 0.47397  au_rec_loss: 0.03532  va_rec_loss: 0.01526  em_rec_loss: 0.02635  pred_loss: 0.20590
[2026-06-24 22:18:46,790][root][INFO] - Epoch: 500  val_diff_loss: 0.63663  au_rec_loss: 0.05054  va_rec_loss: 0.02892  em_rec_loss: 0.03842  pred_loss: 0.21838
[2026-06-24 22:19:46,186][root][INFO] - Epoch: 501  train_diff_loss: 0.46639  au_rec_loss: 0.03340  va_rec_loss: 0.01451  em_rec_loss: 0.02543  pred_loss: 0.20838
[2026-06-24 22:20:39,473][root][INFO] - Epoch: 502  train_diff_loss: 0.47767  au_rec_loss: 0.03385  va_rec_loss: 0.01485  em_rec_loss: 0.02570  pred_loss: 0.21644
[2026-06-24 22:21:38,677][root][INFO] - Epoch: 503  train_diff_loss: 0.47191  au_rec_loss: 0.03458  va_rec_loss: 0.01511  em_rec_loss: 0.02624  pred_loss: 0.20573
[2026-06-24 22:22:32,155][root][INFO] - Epoch: 504  train_diff_loss: 0.46837  au_rec_loss: 0.03381  va_rec_loss: 0.01495  em_rec_loss: 0.02552  pred_loss: 0.20806
[2026-06-24 22:23:25,371][root][INFO] - Epoch: 505  train_diff_loss: 0.46758  au_rec_loss: 0.03503  va_rec_loss: 0.01525  em_rec_loss: 0.02580  pred_loss: 0.20201
[2026-06-24 22:24:18,325][root][INFO] - Epoch: 506  train_diff_loss: 0.47281  au_rec_loss: 0.03461  va_rec_loss: 0.01475  em_rec_loss: 0.02578  pred_loss: 0.21056
[2026-06-24 22:25:11,589][root][INFO] - Epoch: 507  train_diff_loss: 0.47851  au_rec_loss: 0.03393  va_rec_loss: 0.01497  em_rec_loss: 0.02612  pred_loss: 0.21431
[2026-06-24 22:26:04,451][root][INFO] - Epoch: 508  train_diff_loss: 0.46427  au_rec_loss: 0.03388  va_rec_loss: 0.01501  em_rec_loss: 0.02587  pred_loss: 0.20131
[2026-06-24 22:26:57,612][root][INFO] - Epoch: 509  train_diff_loss: 0.47678  au_rec_loss: 0.03368  va_rec_loss: 0.01493  em_rec_loss: 0.02569  pred_loss: 0.21534
[2026-06-24 22:27:50,429][root][INFO] - Epoch: 510  train_diff_loss: 0.47130  au_rec_loss: 0.03346  va_rec_loss: 0.01486  em_rec_loss: 0.02554  pred_loss: 0.21128
[2026-06-24 22:27:57,471][root][INFO] - Epoch: 510  val_diff_loss: 0.64046  au_rec_loss: 0.05000  va_rec_loss: 0.02870  em_rec_loss: 0.03808  pred_loss: 0.22643
[2026-06-24 22:28:03,694][__main__][INFO] - Fitting done
