[2026-07-05 10:28:22,869][__main__][INFO] - Original working directory: /media/Hulu/面部反应生成/baseline_react2026-main-v2
[2026-07-05 10:28:22,869][__main__][INFO] - Instantiating trainer
[2026-07-05 10:28:23,187][__main__][INFO] - Done instantiating trainer
[2026-07-05 10:28:23,187][__main__][INFO] - Instantiating data module
[2026-07-05 10:28:23,239][__main__][INFO] - Model Fitting ...
[2026-07-05 10:28:23,239][trainer.perfrdiff_rewrite_weight][INFO] - Loading rewrite-weight data module
[2026-07-05 10:28:23,432][trainer.perfrdiff_rewrite_weight][INFO] - Data module loaded
[2026-07-05 10:28:25,016][trainer.perfrdiff_rewrite_weight][INFO] - Loaded EEG head checkpoint: /media/Hulu/面部反应生成/baseline_react2026-main-v2/pretrained_models/rewrite_weight/EEGPredictionHead/checkpoint.pth
[2026-07-05 10:28:47,227][trainer.perfrdiff_rewrite_weight][INFO] - Epoch: 1 train_loss: 0.12906 prior_loss: 0.00000 decoder_loss: 0.02643 eeg_loss: 0.10263 eeg_valid_ratio: 0.77388
[2026-07-05 10:29:09,621][trainer.perfrdiff_rewrite_weight][INFO] - Epoch: 2 train_loss: 0.13215 prior_loss: 0.00000 decoder_loss: 0.02744 eeg_loss: 0.10471 eeg_valid_ratio: 0.77242
[2026-07-05 10:29:31,927][trainer.perfrdiff_rewrite_weight][INFO] - Epoch: 3 train_loss: 0.13382 prior_loss: 0.00000 decoder_loss: 0.02707 eeg_loss: 0.10674 eeg_valid_ratio: 0.77719
[2026-07-05 10:29:54,320][trainer.perfrdiff_rewrite_weight][INFO] - Epoch: 4 train_loss: 0.13081 prior_loss: 0.00000 decoder_loss: 0.02614 eeg_loss: 0.10466 eeg_valid_ratio: 0.77444
[2026-07-05 10:30:17,827][trainer.perfrdiff_rewrite_weight][INFO] - Epoch: 5 train_loss: 0.13040 prior_loss: 0.00000 decoder_loss: 0.02628 eeg_loss: 0.10412 eeg_valid_ratio: 0.78008
[2026-07-05 10:30:40,534][trainer.perfrdiff_rewrite_weight][INFO] - Epoch: 6 train_loss: 0.13117 prior_loss: 0.00000 decoder_loss: 0.02726 eeg_loss: 0.10391 eeg_valid_ratio: 0.77139
[2026-07-05 10:31:04,034][trainer.perfrdiff_rewrite_weight][INFO] - Epoch: 7 train_loss: 0.13294 prior_loss: 0.00000 decoder_loss: 0.02768 eeg_loss: 0.10526 eeg_valid_ratio: 0.78016
[2026-07-05 10:31:26,443][trainer.perfrdiff_rewrite_weight][INFO] - Epoch: 8 train_loss: 0.13037 prior_loss: 0.00000 decoder_loss: 0.02658 eeg_loss: 0.10379 eeg_valid_ratio: 0.77362
[2026-07-05 10:31:48,776][trainer.perfrdiff_rewrite_weight][INFO] - Epoch: 9 train_loss: 0.13261 prior_loss: 0.00000 decoder_loss: 0.02488 eeg_loss: 0.10773 eeg_valid_ratio: 0.77315
[2026-07-05 10:32:11,026][trainer.perfrdiff_rewrite_weight][INFO] - Epoch: 10 train_loss: 0.13209 prior_loss: 0.00000 decoder_loss: 0.02740 eeg_loss: 0.10469 eeg_valid_ratio: 0.76803
[2026-07-05 10:32:16,945][trainer.perfrdiff_rewrite_weight][INFO] - Epoch: 10 val_loss: 0.16032 prior_loss: 0.00000 decoder_loss: 0.03480 eeg_loss: 0.12552 eeg_valid_ratio: 0.75557
[2026-07-05 10:32:40,470][trainer.perfrdiff_rewrite_weight][INFO] - Epoch: 11 train_loss: 0.12932 prior_loss: 0.00000 decoder_loss: 0.02579 eeg_loss: 0.10353 eeg_valid_ratio: 0.77517
[2026-07-05 10:33:14,853][trainer.perfrdiff_rewrite_weight][INFO] - Epoch: 12 train_loss: 0.12875 prior_loss: 0.00000 decoder_loss: 0.02702 eeg_loss: 0.10172 eeg_valid_ratio: 0.77151
[2026-07-05 10:33:37,717][trainer.perfrdiff_rewrite_weight][INFO] - Epoch: 13 train_loss: 0.12601 prior_loss: 0.00000 decoder_loss: 0.02619 eeg_loss: 0.09983 eeg_valid_ratio: 0.77207
[2026-07-05 10:34:00,323][trainer.perfrdiff_rewrite_weight][INFO] - Epoch: 14 train_loss: 0.12914 prior_loss: 0.00000 decoder_loss: 0.02729 eeg_loss: 0.10186 eeg_valid_ratio: 0.77844
[2026-07-05 10:34:22,569][trainer.perfrdiff_rewrite_weight][INFO] - Epoch: 15 train_loss: 0.12707 prior_loss: 0.00000 decoder_loss: 0.02544 eeg_loss: 0.10163 eeg_valid_ratio: 0.77139
[2026-07-05 10:34:45,021][trainer.perfrdiff_rewrite_weight][INFO] - Epoch: 16 train_loss: 0.13043 prior_loss: 0.00000 decoder_loss: 0.02706 eeg_loss: 0.10336 eeg_valid_ratio: 0.77083
[2026-07-05 10:35:07,671][trainer.perfrdiff_rewrite_weight][INFO] - Epoch: 17 train_loss: 0.13011 prior_loss: 0.00000 decoder_loss: 0.02696 eeg_loss: 0.10315 eeg_valid_ratio: 0.76670
[2026-07-05 10:35:30,277][trainer.perfrdiff_rewrite_weight][INFO] - Epoch: 18 train_loss: 0.13236 prior_loss: 0.00000 decoder_loss: 0.02697 eeg_loss: 0.10538 eeg_valid_ratio: 0.77590
[2026-07-05 10:35:54,156][trainer.perfrdiff_rewrite_weight][INFO] - Epoch: 19 train_loss: 0.12942 prior_loss: 0.00000 decoder_loss: 0.02728 eeg_loss: 0.10213 eeg_valid_ratio: 0.77147
[2026-07-05 10:36:17,737][trainer.perfrdiff_rewrite_weight][INFO] - Epoch: 20 train_loss: 0.13159 prior_loss: 0.00000 decoder_loss: 0.02787 eeg_loss: 0.10372 eeg_valid_ratio: 0.77380
[2026-07-05 10:36:23,560][trainer.perfrdiff_rewrite_weight][INFO] - Epoch: 20 val_loss: 0.16074 prior_loss: 0.00000 decoder_loss: 0.03313 eeg_loss: 0.12760 eeg_valid_ratio: 0.74856
[2026-07-05 10:36:48,469][trainer.perfrdiff_rewrite_weight][INFO] - Epoch: 21 train_loss: 0.12968 prior_loss: 0.00000 decoder_loss: 0.02649 eeg_loss: 0.10319 eeg_valid_ratio: 0.76911
[2026-07-05 10:37:11,234][trainer.perfrdiff_rewrite_weight][INFO] - Epoch: 22 train_loss: 0.13174 prior_loss: 0.00000 decoder_loss: 0.02703 eeg_loss: 0.10471 eeg_valid_ratio: 0.76898
[2026-07-05 10:37:33,619][trainer.perfrdiff_rewrite_weight][INFO] - Epoch: 23 train_loss: 0.12932 prior_loss: 0.00000 decoder_loss: 0.02658 eeg_loss: 0.10273 eeg_valid_ratio: 0.77896
[2026-07-05 10:37:56,540][trainer.perfrdiff_rewrite_weight][INFO] - Epoch: 24 train_loss: 0.12956 prior_loss: 0.00000 decoder_loss: 0.02788 eeg_loss: 0.10168 eeg_valid_ratio: 0.77883
[2026-07-05 10:38:19,221][trainer.perfrdiff_rewrite_weight][INFO] - Epoch: 25 train_loss: 0.12606 prior_loss: 0.00000 decoder_loss: 0.02734 eeg_loss: 0.09871 eeg_valid_ratio: 0.77117
[2026-07-05 10:38:42,030][trainer.perfrdiff_rewrite_weight][INFO] - Epoch: 26 train_loss: 0.12749 prior_loss: 0.00000 decoder_loss: 0.02695 eeg_loss: 0.10054 eeg_valid_ratio: 0.77289
[2026-07-05 10:39:04,907][trainer.perfrdiff_rewrite_weight][INFO] - Epoch: 27 train_loss: 0.12941 prior_loss: 0.00000 decoder_loss: 0.02622 eeg_loss: 0.10319 eeg_valid_ratio: 0.77070
[2026-07-05 10:39:27,158][trainer.perfrdiff_rewrite_weight][INFO] - Epoch: 28 train_loss: 0.13169 prior_loss: 0.00000 decoder_loss: 0.02662 eeg_loss: 0.10508 eeg_valid_ratio: 0.77702
[2026-07-05 10:39:49,601][trainer.perfrdiff_rewrite_weight][INFO] - Epoch: 29 train_loss: 0.13076 prior_loss: 0.00000 decoder_loss: 0.02696 eeg_loss: 0.10380 eeg_valid_ratio: 0.76321
[2026-07-05 10:40:12,224][trainer.perfrdiff_rewrite_weight][INFO] - Epoch: 30 train_loss: 0.13085 prior_loss: 0.00000 decoder_loss: 0.02776 eeg_loss: 0.10309 eeg_valid_ratio: 0.77504
[2026-07-05 10:40:17,962][trainer.perfrdiff_rewrite_weight][INFO] - Epoch: 30 val_loss: 0.16289 prior_loss: 0.00000 decoder_loss: 0.03747 eeg_loss: 0.12542 eeg_valid_ratio: 0.76157
[2026-07-05 10:40:42,773][trainer.perfrdiff_rewrite_weight][INFO] - Epoch: 31 train_loss: 0.13071 prior_loss: 0.00000 decoder_loss: 0.02725 eeg_loss: 0.10346 eeg_valid_ratio: 0.77156
[2026-07-05 10:41:06,111][trainer.perfrdiff_rewrite_weight][INFO] - Epoch: 32 train_loss: 0.13235 prior_loss: 0.00000 decoder_loss: 0.02691 eeg_loss: 0.10544 eeg_valid_ratio: 0.77177
[2026-07-05 10:41:29,471][trainer.perfrdiff_rewrite_weight][INFO] - Epoch: 33 train_loss: 0.12976 prior_loss: 0.00000 decoder_loss: 0.02690 eeg_loss: 0.10287 eeg_valid_ratio: 0.76906
[2026-07-05 10:41:52,880][trainer.perfrdiff_rewrite_weight][INFO] - Epoch: 34 train_loss: 0.12711 prior_loss: 0.00000 decoder_loss: 0.02735 eeg_loss: 0.09976 eeg_valid_ratio: 0.77216
[2026-07-05 10:42:15,392][trainer.perfrdiff_rewrite_weight][INFO] - Epoch: 35 train_loss: 0.12820 prior_loss: 0.00000 decoder_loss: 0.02629 eeg_loss: 0.10191 eeg_valid_ratio: 0.77065
[2026-07-05 10:42:37,945][trainer.perfrdiff_rewrite_weight][INFO] - Epoch: 36 train_loss: 0.12985 prior_loss: 0.00000 decoder_loss: 0.02727 eeg_loss: 0.10258 eeg_valid_ratio: 0.77638
[2026-07-05 10:43:00,455][trainer.perfrdiff_rewrite_weight][INFO] - Epoch: 37 train_loss: 0.12977 prior_loss: 0.00000 decoder_loss: 0.02658 eeg_loss: 0.10319 eeg_valid_ratio: 0.76923
[2026-07-05 10:43:22,934][trainer.perfrdiff_rewrite_weight][INFO] - Epoch: 38 train_loss: 0.12503 prior_loss: 0.00000 decoder_loss: 0.02674 eeg_loss: 0.09829 eeg_valid_ratio: 0.77397
[2026-07-05 10:43:45,208][trainer.perfrdiff_rewrite_weight][INFO] - Epoch: 39 train_loss: 0.12613 prior_loss: 0.00000 decoder_loss: 0.02693 eeg_loss: 0.09920 eeg_valid_ratio: 0.77044
[2026-07-05 10:44:07,782][trainer.perfrdiff_rewrite_weight][INFO] - Epoch: 40 train_loss: 0.12691 prior_loss: 0.00000 decoder_loss: 0.02674 eeg_loss: 0.10017 eeg_valid_ratio: 0.77156
[2026-07-05 10:44:13,636][trainer.perfrdiff_rewrite_weight][INFO] - Epoch: 40 val_loss: 0.16574 prior_loss: 0.00000 decoder_loss: 0.03394 eeg_loss: 0.13180 eeg_valid_ratio: 0.71691
[2026-07-05 10:44:38,408][trainer.perfrdiff_rewrite_weight][INFO] - Epoch: 41 train_loss: 0.13093 prior_loss: 0.00000 decoder_loss: 0.02561 eeg_loss: 0.10533 eeg_valid_ratio: 0.77207
[2026-07-05 10:45:01,138][trainer.perfrdiff_rewrite_weight][INFO] - Epoch: 42 train_loss: 0.12958 prior_loss: 0.00000 decoder_loss: 0.02663 eeg_loss: 0.10295 eeg_valid_ratio: 0.77517
[2026-07-05 10:45:23,723][trainer.perfrdiff_rewrite_weight][INFO] - Epoch: 43 train_loss: 0.12796 prior_loss: 0.00000 decoder_loss: 0.02664 eeg_loss: 0.10132 eeg_valid_ratio: 0.76614
[2026-07-05 10:45:46,011][trainer.perfrdiff_rewrite_weight][INFO] - Epoch: 44 train_loss: 0.12888 prior_loss: 0.00000 decoder_loss: 0.02550 eeg_loss: 0.10338 eeg_valid_ratio: 0.77534
[2026-07-05 10:46:09,112][trainer.perfrdiff_rewrite_weight][INFO] - Epoch: 45 train_loss: 0.12656 prior_loss: 0.00000 decoder_loss: 0.02596 eeg_loss: 0.10060 eeg_valid_ratio: 0.77371
[2026-07-05 10:46:31,396][trainer.perfrdiff_rewrite_weight][INFO] - Epoch: 46 train_loss: 0.12907 prior_loss: 0.00000 decoder_loss: 0.02765 eeg_loss: 0.10142 eeg_valid_ratio: 0.76932
[2026-07-05 10:46:53,933][trainer.perfrdiff_rewrite_weight][INFO] - Epoch: 47 train_loss: 0.13181 prior_loss: 0.00000 decoder_loss: 0.02692 eeg_loss: 0.10489 eeg_valid_ratio: 0.78081
[2026-07-05 10:47:16,393][trainer.perfrdiff_rewrite_weight][INFO] - Epoch: 48 train_loss: 0.12780 prior_loss: 0.00000 decoder_loss: 0.02693 eeg_loss: 0.10086 eeg_valid_ratio: 0.77315
[2026-07-05 10:47:38,654][trainer.perfrdiff_rewrite_weight][INFO] - Epoch: 49 train_loss: 0.12954 prior_loss: 0.00000 decoder_loss: 0.02670 eeg_loss: 0.10283 eeg_valid_ratio: 0.77762
[2026-07-05 10:48:01,020][trainer.perfrdiff_rewrite_weight][INFO] - Epoch: 50 train_loss: 0.12395 prior_loss: 0.00000 decoder_loss: 0.02493 eeg_loss: 0.09901 eeg_valid_ratio: 0.77616
[2026-07-05 10:48:06,749][trainer.perfrdiff_rewrite_weight][INFO] - Epoch: 50 val_loss: 0.15586 prior_loss: 0.00000 decoder_loss: 0.03556 eeg_loss: 0.12030 eeg_valid_ratio: 0.74969
[2026-07-05 10:48:30,296][trainer.perfrdiff_rewrite_weight][INFO] - Epoch: 51 train_loss: 0.12378 prior_loss: 0.00000 decoder_loss: 0.02616 eeg_loss: 0.09762 eeg_valid_ratio: 0.77629
[2026-07-05 10:48:52,581][trainer.perfrdiff_rewrite_weight][INFO] - Epoch: 52 train_loss: 0.12660 prior_loss: 0.00000 decoder_loss: 0.02716 eeg_loss: 0.09944 eeg_valid_ratio: 0.77156
[2026-07-05 10:49:15,063][trainer.perfrdiff_rewrite_weight][INFO] - Epoch: 53 train_loss: 0.13084 prior_loss: 0.00000 decoder_loss: 0.02764 eeg_loss: 0.10320 eeg_valid_ratio: 0.77238
[2026-07-05 10:49:37,235][trainer.perfrdiff_rewrite_weight][INFO] - Epoch: 54 train_loss: 0.13119 prior_loss: 0.00000 decoder_loss: 0.02661 eeg_loss: 0.10458 eeg_valid_ratio: 0.77302
[2026-07-05 10:49:59,597][trainer.perfrdiff_rewrite_weight][INFO] - Epoch: 55 train_loss: 0.13043 prior_loss: 0.00000 decoder_loss: 0.02647 eeg_loss: 0.10396 eeg_valid_ratio: 0.77698
[2026-07-05 10:50:21,955][trainer.perfrdiff_rewrite_weight][INFO] - Epoch: 56 train_loss: 0.12775 prior_loss: 0.00000 decoder_loss: 0.02709 eeg_loss: 0.10066 eeg_valid_ratio: 0.78012
[2026-07-05 10:50:44,274][trainer.perfrdiff_rewrite_weight][INFO] - Epoch: 57 train_loss: 0.12547 prior_loss: 0.00000 decoder_loss: 0.02571 eeg_loss: 0.09976 eeg_valid_ratio: 0.77405
[2026-07-05 10:51:06,575][trainer.perfrdiff_rewrite_weight][INFO] - Epoch: 58 train_loss: 0.12541 prior_loss: 0.00000 decoder_loss: 0.02539 eeg_loss: 0.10002 eeg_valid_ratio: 0.77083
[2026-07-05 10:51:29,240][trainer.perfrdiff_rewrite_weight][INFO] - Epoch: 59 train_loss: 0.12721 prior_loss: 0.00000 decoder_loss: 0.02600 eeg_loss: 0.10122 eeg_valid_ratio: 0.77474
[2026-07-05 10:51:51,752][trainer.perfrdiff_rewrite_weight][INFO] - Epoch: 60 train_loss: 0.13008 prior_loss: 0.00000 decoder_loss: 0.02616 eeg_loss: 0.10392 eeg_valid_ratio: 0.78072
[2026-07-05 10:51:57,511][trainer.perfrdiff_rewrite_weight][INFO] - Epoch: 60 val_loss: 0.16356 prior_loss: 0.00000 decoder_loss: 0.03330 eeg_loss: 0.13026 eeg_valid_ratio: 0.74643
[2026-07-05 10:52:20,175][trainer.perfrdiff_rewrite_weight][INFO] - Epoch: 61 train_loss: 0.12417 prior_loss: 0.00000 decoder_loss: 0.02531 eeg_loss: 0.09886 eeg_valid_ratio: 0.77001
[2026-07-05 10:52:42,632][trainer.perfrdiff_rewrite_weight][INFO] - Epoch: 62 train_loss: 0.12886 prior_loss: 0.00000 decoder_loss: 0.02765 eeg_loss: 0.10121 eeg_valid_ratio: 0.77315
[2026-07-05 10:53:05,173][trainer.perfrdiff_rewrite_weight][INFO] - Epoch: 63 train_loss: 0.12736 prior_loss: 0.00000 decoder_loss: 0.02642 eeg_loss: 0.10095 eeg_valid_ratio: 0.77724
[2026-07-05 10:53:27,472][trainer.perfrdiff_rewrite_weight][INFO] - Epoch: 64 train_loss: 0.12830 prior_loss: 0.00000 decoder_loss: 0.02670 eeg_loss: 0.10159 eeg_valid_ratio: 0.77448
[2026-07-05 10:53:50,471][trainer.perfrdiff_rewrite_weight][INFO] - Epoch: 65 train_loss: 0.12475 prior_loss: 0.00000 decoder_loss: 0.02634 eeg_loss: 0.09841 eeg_valid_ratio: 0.77199
[2026-07-05 10:54:12,858][trainer.perfrdiff_rewrite_weight][INFO] - Epoch: 66 train_loss: 0.12785 prior_loss: 0.00000 decoder_loss: 0.02689 eeg_loss: 0.10096 eeg_valid_ratio: 0.77263
[2026-07-05 10:54:35,153][trainer.perfrdiff_rewrite_weight][INFO] - Epoch: 67 train_loss: 0.12304 prior_loss: 0.00000 decoder_loss: 0.02502 eeg_loss: 0.09802 eeg_valid_ratio: 0.76721
[2026-07-05 10:54:57,496][trainer.perfrdiff_rewrite_weight][INFO] - Epoch: 68 train_loss: 0.12636 prior_loss: 0.00000 decoder_loss: 0.02585 eeg_loss: 0.10051 eeg_valid_ratio: 0.76984
[2026-07-05 10:55:19,968][trainer.perfrdiff_rewrite_weight][INFO] - Epoch: 69 train_loss: 0.12821 prior_loss: 0.00000 decoder_loss: 0.02806 eeg_loss: 0.10015 eeg_valid_ratio: 0.77818
[2026-07-05 10:55:42,534][trainer.perfrdiff_rewrite_weight][INFO] - Epoch: 70 train_loss: 0.12591 prior_loss: 0.00000 decoder_loss: 0.02729 eeg_loss: 0.09862 eeg_valid_ratio: 0.77672
[2026-07-05 10:55:48,391][trainer.perfrdiff_rewrite_weight][INFO] - Epoch: 70 val_loss: 0.15033 prior_loss: 0.00000 decoder_loss: 0.03175 eeg_loss: 0.11858 eeg_valid_ratio: 0.74243
[2026-07-05 10:56:12,350][trainer.perfrdiff_rewrite_weight][INFO] - Epoch: 71 train_loss: 0.12530 prior_loss: 0.00000 decoder_loss: 0.02525 eeg_loss: 0.10005 eeg_valid_ratio: 0.77255
[2026-07-05 10:56:34,595][trainer.perfrdiff_rewrite_weight][INFO] - Epoch: 72 train_loss: 0.12708 prior_loss: 0.00000 decoder_loss: 0.02623 eeg_loss: 0.10086 eeg_valid_ratio: 0.76898
[2026-07-05 10:56:56,896][trainer.perfrdiff_rewrite_weight][INFO] - Epoch: 73 train_loss: 0.13015 prior_loss: 0.00000 decoder_loss: 0.02769 eeg_loss: 0.10246 eeg_valid_ratio: 0.77117
[2026-07-05 10:57:19,313][trainer.perfrdiff_rewrite_weight][INFO] - Epoch: 74 train_loss: 0.12852 prior_loss: 0.00000 decoder_loss: 0.02736 eeg_loss: 0.10116 eeg_valid_ratio: 0.77780
[2026-07-05 10:57:41,829][trainer.perfrdiff_rewrite_weight][INFO] - Epoch: 75 train_loss: 0.13043 prior_loss: 0.00000 decoder_loss: 0.02719 eeg_loss: 0.10324 eeg_valid_ratio: 0.77711
[2026-07-05 10:58:04,161][trainer.perfrdiff_rewrite_weight][INFO] - Epoch: 76 train_loss: 0.13319 prior_loss: 0.00000 decoder_loss: 0.02831 eeg_loss: 0.10488 eeg_valid_ratio: 0.77160
[2026-07-05 10:58:27,157][trainer.perfrdiff_rewrite_weight][INFO] - Epoch: 77 train_loss: 0.13067 prior_loss: 0.00000 decoder_loss: 0.02767 eeg_loss: 0.10300 eeg_valid_ratio: 0.77655
[2026-07-05 10:58:49,573][trainer.perfrdiff_rewrite_weight][INFO] - Epoch: 78 train_loss: 0.12912 prior_loss: 0.00000 decoder_loss: 0.02665 eeg_loss: 0.10247 eeg_valid_ratio: 0.78008
[2026-07-05 10:59:12,251][trainer.perfrdiff_rewrite_weight][INFO] - Epoch: 79 train_loss: 0.12947 prior_loss: 0.00000 decoder_loss: 0.02651 eeg_loss: 0.10296 eeg_valid_ratio: 0.77801
[2026-07-05 10:59:35,142][trainer.perfrdiff_rewrite_weight][INFO] - Epoch: 80 train_loss: 0.12432 prior_loss: 0.00000 decoder_loss: 0.02633 eeg_loss: 0.09800 eeg_valid_ratio: 0.77250
[2026-07-05 10:59:40,937][trainer.perfrdiff_rewrite_weight][INFO] - Epoch: 80 val_loss: 0.16547 prior_loss: 0.00000 decoder_loss: 0.03639 eeg_loss: 0.12908 eeg_valid_ratio: 0.75994
[2026-07-05 11:00:04,166][trainer.perfrdiff_rewrite_weight][INFO] - Epoch: 81 train_loss: 0.12632 prior_loss: 0.00000 decoder_loss: 0.02572 eeg_loss: 0.10060 eeg_valid_ratio: 0.77676
[2026-07-05 11:00:26,839][trainer.perfrdiff_rewrite_weight][INFO] - Epoch: 82 train_loss: 0.12973 prior_loss: 0.00000 decoder_loss: 0.02592 eeg_loss: 0.10381 eeg_valid_ratio: 0.77496
[2026-07-05 11:00:49,172][trainer.perfrdiff_rewrite_weight][INFO] - Epoch: 83 train_loss: 0.12698 prior_loss: 0.00000 decoder_loss: 0.02690 eeg_loss: 0.10008 eeg_valid_ratio: 0.77319
[2026-07-05 11:01:11,466][trainer.perfrdiff_rewrite_weight][INFO] - Epoch: 84 train_loss: 0.12918 prior_loss: 0.00000 decoder_loss: 0.02611 eeg_loss: 0.10307 eeg_valid_ratio: 0.77552
[2026-07-05 11:01:34,192][trainer.perfrdiff_rewrite_weight][INFO] - Epoch: 85 train_loss: 0.12942 prior_loss: 0.00000 decoder_loss: 0.02738 eeg_loss: 0.10203 eeg_valid_ratio: 0.77582
[2026-07-05 11:01:56,874][trainer.perfrdiff_rewrite_weight][INFO] - Epoch: 86 train_loss: 0.12436 prior_loss: 0.00000 decoder_loss: 0.02763 eeg_loss: 0.09673 eeg_valid_ratio: 0.77741
[2026-07-05 11:02:19,223][trainer.perfrdiff_rewrite_weight][INFO] - Epoch: 87 train_loss: 0.12414 prior_loss: 0.00000 decoder_loss: 0.02581 eeg_loss: 0.09833 eeg_valid_ratio: 0.78003
[2026-07-05 11:02:41,666][trainer.perfrdiff_rewrite_weight][INFO] - Epoch: 88 train_loss: 0.13229 prior_loss: 0.00000 decoder_loss: 0.02738 eeg_loss: 0.10491 eeg_valid_ratio: 0.78223
[2026-07-05 11:03:03,999][trainer.perfrdiff_rewrite_weight][INFO] - Epoch: 89 train_loss: 0.12823 prior_loss: 0.00000 decoder_loss: 0.02611 eeg_loss: 0.10212 eeg_valid_ratio: 0.77522
[2026-07-05 11:03:26,443][trainer.perfrdiff_rewrite_weight][INFO] - Epoch: 90 train_loss: 0.12785 prior_loss: 0.00000 decoder_loss: 0.02578 eeg_loss: 0.10207 eeg_valid_ratio: 0.78279
[2026-07-05 11:03:32,423][trainer.perfrdiff_rewrite_weight][INFO] - Epoch: 90 val_loss: 0.16182 prior_loss: 0.00000 decoder_loss: 0.03497 eeg_loss: 0.12685 eeg_valid_ratio: 0.75444
[2026-07-05 11:03:55,334][trainer.perfrdiff_rewrite_weight][INFO] - Epoch: 91 train_loss: 0.12591 prior_loss: 0.00000 decoder_loss: 0.02529 eeg_loss: 0.10062 eeg_valid_ratio: 0.77883
[2026-07-05 11:04:18,076][trainer.perfrdiff_rewrite_weight][INFO] - Epoch: 92 train_loss: 0.12676 prior_loss: 0.00000 decoder_loss: 0.02599 eeg_loss: 0.10077 eeg_valid_ratio: 0.77336
[2026-07-05 11:04:40,372][trainer.perfrdiff_rewrite_weight][INFO] - Epoch: 93 train_loss: 0.12557 prior_loss: 0.00000 decoder_loss: 0.02668 eeg_loss: 0.09890 eeg_valid_ratio: 0.77582
[2026-07-05 11:05:02,749][trainer.perfrdiff_rewrite_weight][INFO] - Epoch: 94 train_loss: 0.12939 prior_loss: 0.00000 decoder_loss: 0.02707 eeg_loss: 0.10232 eeg_valid_ratio: 0.76532
[2026-07-05 11:05:25,529][trainer.perfrdiff_rewrite_weight][INFO] - Epoch: 95 train_loss: 0.12982 prior_loss: 0.00000 decoder_loss: 0.02812 eeg_loss: 0.10170 eeg_valid_ratio: 0.77380
[2026-07-05 11:05:48,187][trainer.perfrdiff_rewrite_weight][INFO] - Epoch: 96 train_loss: 0.12958 prior_loss: 0.00000 decoder_loss: 0.02726 eeg_loss: 0.10232 eeg_valid_ratio: 0.77861
[2026-07-05 11:06:11,306][trainer.perfrdiff_rewrite_weight][INFO] - Epoch: 97 train_loss: 0.12739 prior_loss: 0.00000 decoder_loss: 0.02690 eeg_loss: 0.10049 eeg_valid_ratio: 0.76919
[2026-07-05 11:06:34,065][trainer.perfrdiff_rewrite_weight][INFO] - Epoch: 98 train_loss: 0.12557 prior_loss: 0.00000 decoder_loss: 0.02639 eeg_loss: 0.09918 eeg_valid_ratio: 0.77939
[2026-07-05 11:06:56,643][trainer.perfrdiff_rewrite_weight][INFO] - Epoch: 99 train_loss: 0.12639 prior_loss: 0.00000 decoder_loss: 0.02667 eeg_loss: 0.09972 eeg_valid_ratio: 0.77883
[2026-07-05 11:07:19,106][trainer.perfrdiff_rewrite_weight][INFO] - Epoch: 100 train_loss: 0.12701 prior_loss: 0.00000 decoder_loss: 0.02660 eeg_loss: 0.10041 eeg_valid_ratio: 0.76923
[2026-07-05 11:07:24,873][trainer.perfrdiff_rewrite_weight][INFO] - Epoch: 100 val_loss: 0.15710 prior_loss: 0.00000 decoder_loss: 0.03399 eeg_loss: 0.12311 eeg_valid_ratio: 0.74206
[2026-07-05 11:07:25,661][__main__][INFO] - Fitting done
