[2026-07-01 15:44:47,411][__main__][INFO] - Original working directory: /media/Hulu/面部反应生成/baseline_react2026-main-v3
[2026-07-01 15:44:47,411][__main__][INFO] - Instantiating trainer
[2026-07-01 15:44:47,584][__main__][INFO] - Done instantiating trainer
[2026-07-01 15:44:47,585][__main__][INFO] - Instantiating data module
[2026-07-01 15:44:47,633][__main__][INFO] - Model Fitting ...
[2026-07-01 15:44:47,633][trainer.motion_diffusion][INFO] - Loading data module
[2026-07-01 15:44:47,835][trainer.motion_diffusion][INFO] - Data module loaded
[2026-07-01 15:44:47,835][trainer.motion_diffusion][INFO] - Loading criterion
[2026-07-01 15:44:47,836][trainer.motion_diffusion][INFO] - Criterion loaded
[2026-07-01 15:44:47,836][trainer.motion_diffusion][INFO] - Loading writer
[2026-07-01 15:44:47,836][trainer.motion_diffusion][INFO] - Writer loaded: tb_logs
[2026-07-01 15:44:48,211][trainer.motion_diffusion][INFO] - Starting warmup for 10 epochs: Freezing diffusion, training GRU predictor only.
[2026-07-01 15:45:08,759][root][INFO] - Warmup Epoch: 1  pred_loss: 0.28971
[2026-07-01 15:45:28,813][root][INFO] - Warmup Epoch: 2  pred_loss: 0.28053
[2026-07-01 15:45:48,858][root][INFO] - Warmup Epoch: 3  pred_loss: 0.27419
[2026-07-01 15:46:09,012][root][INFO] - Warmup Epoch: 4  pred_loss: 0.27417
[2026-07-01 15:46:29,346][root][INFO] - Warmup Epoch: 5  pred_loss: 0.27182
[2026-07-01 15:46:49,473][root][INFO] - Warmup Epoch: 6  pred_loss: 0.26374
[2026-07-01 15:47:09,838][root][INFO] - Warmup Epoch: 7  pred_loss: 0.27143
[2026-07-01 15:47:29,733][root][INFO] - Warmup Epoch: 8  pred_loss: 0.26147
[2026-07-01 15:47:49,959][root][INFO] - Warmup Epoch: 9  pred_loss: 0.25364
[2026-07-01 15:48:10,435][root][INFO] - Warmup Epoch: 10  pred_loss: 0.25484
[2026-07-01 15:48:17,183][root][INFO] - Warmup Validation Epoch: 10  val_pred_loss: 0.28282
[2026-07-01 15:48:17,183][trainer.motion_diffusion][INFO] - Warmup finished. Unfreezing all parameters for joint training.
[2026-07-01 15:49:13,445][root][INFO] - Epoch: 11  train_diff_loss: 1.69673  au_rec_loss: 0.13768  va_rec_loss: 0.13003  em_rec_loss: 0.12215  pred_loss: 0.24777
[2026-07-01 15:50:09,001][root][INFO] - Epoch: 12  train_diff_loss: 1.38758  au_rec_loss: 0.12942  va_rec_loss: 0.08141  em_rec_loss: 0.11136  pred_loss: 0.25213
[2026-07-01 15:51:04,838][root][INFO] - Epoch: 13  train_diff_loss: 1.27185  au_rec_loss: 0.12100  va_rec_loss: 0.06967  em_rec_loss: 0.10291  pred_loss: 0.24761
[2026-07-01 15:52:00,461][root][INFO] - Epoch: 14  train_diff_loss: 0.96462  au_rec_loss: 0.08902  va_rec_loss: 0.04268  em_rec_loss: 0.07564  pred_loss: 0.24540
[2026-07-01 15:52:56,012][root][INFO] - Epoch: 15  train_diff_loss: 0.85555  au_rec_loss: 0.07175  va_rec_loss: 0.03727  em_rec_loss: 0.06128  pred_loss: 0.25329
[2026-07-01 15:53:52,456][root][INFO] - Epoch: 16  train_diff_loss: 0.81180  au_rec_loss: 0.06684  va_rec_loss: 0.03528  em_rec_loss: 0.05602  pred_loss: 0.25073
[2026-07-01 15:54:49,400][root][INFO] - Epoch: 17  train_diff_loss: 0.77789  au_rec_loss: 0.06189  va_rec_loss: 0.03532  em_rec_loss: 0.05230  pred_loss: 0.24087
[2026-07-01 15:55:45,993][root][INFO] - Epoch: 18  train_diff_loss: 0.75893  au_rec_loss: 0.06017  va_rec_loss: 0.03353  em_rec_loss: 0.05000  pred_loss: 0.24377
[2026-07-01 15:56:42,520][root][INFO] - Epoch: 19  train_diff_loss: 0.73450  au_rec_loss: 0.05791  va_rec_loss: 0.03206  em_rec_loss: 0.04746  pred_loss: 0.24202
[2026-07-01 15:57:39,458][root][INFO] - Epoch: 20  train_diff_loss: 0.72928  au_rec_loss: 0.05612  va_rec_loss: 0.03223  em_rec_loss: 0.04604  pred_loss: 0.24484
[2026-07-01 15:57:46,416][root][INFO] - Epoch: 20  val_diff_loss: 0.84218  au_rec_loss: 0.06012  va_rec_loss: 0.04804  em_rec_loss: 0.05011  pred_loss: 0.25773
[2026-07-01 15:57:46,416][root][INFO] - New best diff_decoder_loss (0.84218) at epoch 20, saving checkpoint
[2026-07-01 15:58:54,877][root][INFO] - Epoch: 21  train_diff_loss: 0.73098  au_rec_loss: 0.05653  va_rec_loss: 0.03242  em_rec_loss: 0.04578  pred_loss: 0.24690
[2026-07-01 15:59:51,650][root][INFO] - Epoch: 22  train_diff_loss: 0.70736  au_rec_loss: 0.05490  va_rec_loss: 0.03120  em_rec_loss: 0.04442  pred_loss: 0.23859
[2026-07-01 16:00:48,270][root][INFO] - Epoch: 23  train_diff_loss: 0.70068  au_rec_loss: 0.05292  va_rec_loss: 0.03037  em_rec_loss: 0.04327  pred_loss: 0.24417
[2026-07-01 16:01:45,528][root][INFO] - Epoch: 24  train_diff_loss: 0.69860  au_rec_loss: 0.05348  va_rec_loss: 0.03040  em_rec_loss: 0.04281  pred_loss: 0.24355
[2026-07-01 16:02:42,254][root][INFO] - Epoch: 25  train_diff_loss: 0.68140  au_rec_loss: 0.05268  va_rec_loss: 0.02907  em_rec_loss: 0.04201  pred_loss: 0.23749
[2026-07-01 16:03:38,740][root][INFO] - Epoch: 26  train_diff_loss: 0.68405  au_rec_loss: 0.05183  va_rec_loss: 0.02969  em_rec_loss: 0.04186  pred_loss: 0.23958
[2026-07-01 16:04:35,714][root][INFO] - Epoch: 27  train_diff_loss: 0.67835  au_rec_loss: 0.05091  va_rec_loss: 0.02940  em_rec_loss: 0.04110  pred_loss: 0.23934
[2026-07-01 16:05:32,893][root][INFO] - Epoch: 28  train_diff_loss: 0.66708  au_rec_loss: 0.05077  va_rec_loss: 0.02827  em_rec_loss: 0.04057  pred_loss: 0.23753
[2026-07-01 16:06:29,535][root][INFO] - Epoch: 29  train_diff_loss: 0.67451  au_rec_loss: 0.05099  va_rec_loss: 0.02894  em_rec_loss: 0.04075  pred_loss: 0.23972
[2026-07-01 16:07:26,153][root][INFO] - Epoch: 30  train_diff_loss: 0.67479  au_rec_loss: 0.05058  va_rec_loss: 0.02918  em_rec_loss: 0.04024  pred_loss: 0.24318
[2026-07-01 16:07:33,202][root][INFO] - Epoch: 30  val_diff_loss: 0.75476  au_rec_loss: 0.05854  va_rec_loss: 0.03601  em_rec_loss: 0.04499  pred_loss: 0.25888
[2026-07-01 16:07:33,203][root][INFO] - New best diff_decoder_loss (0.75476) at epoch 30, saving checkpoint
[2026-07-01 16:08:39,242][root][INFO] - Epoch: 31  train_diff_loss: 0.64998  au_rec_loss: 0.04939  va_rec_loss: 0.02768  em_rec_loss: 0.03928  pred_loss: 0.23201
[2026-07-01 16:09:36,118][root][INFO] - Epoch: 32  train_diff_loss: 0.65295  au_rec_loss: 0.04899  va_rec_loss: 0.02811  em_rec_loss: 0.03866  pred_loss: 0.23577
[2026-07-01 16:10:32,734][root][INFO] - Epoch: 33  train_diff_loss: 0.65432  au_rec_loss: 0.04873  va_rec_loss: 0.02730  em_rec_loss: 0.03911  pred_loss: 0.23955
[2026-07-01 16:11:29,297][root][INFO] - Epoch: 34  train_diff_loss: 0.64280  au_rec_loss: 0.04831  va_rec_loss: 0.02724  em_rec_loss: 0.03852  pred_loss: 0.23168
[2026-07-01 16:12:26,195][root][INFO] - Epoch: 35  train_diff_loss: 0.64686  au_rec_loss: 0.04922  va_rec_loss: 0.02688  em_rec_loss: 0.03873  pred_loss: 0.23616
[2026-07-01 16:13:22,796][root][INFO] - Epoch: 36  train_diff_loss: 0.63332  au_rec_loss: 0.04775  va_rec_loss: 0.02668  em_rec_loss: 0.03815  pred_loss: 0.22779
[2026-07-01 16:14:19,392][root][INFO] - Epoch: 37  train_diff_loss: 0.64431  au_rec_loss: 0.04828  va_rec_loss: 0.02724  em_rec_loss: 0.03846  pred_loss: 0.23433
[2026-07-01 16:15:15,997][root][INFO] - Epoch: 38  train_diff_loss: 0.62907  au_rec_loss: 0.04623  va_rec_loss: 0.02615  em_rec_loss: 0.03729  pred_loss: 0.23279
[2026-07-01 16:16:12,879][root][INFO] - Epoch: 39  train_diff_loss: 0.62805  au_rec_loss: 0.04760  va_rec_loss: 0.02572  em_rec_loss: 0.03759  pred_loss: 0.23076
[2026-07-01 16:17:10,063][root][INFO] - Epoch: 40  train_diff_loss: 0.63521  au_rec_loss: 0.04796  va_rec_loss: 0.02554  em_rec_loss: 0.03756  pred_loss: 0.23918
[2026-07-01 16:17:17,067][root][INFO] - Epoch: 40  val_diff_loss: 0.69357  au_rec_loss: 0.05326  va_rec_loss: 0.03140  em_rec_loss: 0.04191  pred_loss: 0.24031
[2026-07-01 16:17:17,067][root][INFO] - New best diff_decoder_loss (0.69357) at epoch 40, saving checkpoint
[2026-07-01 16:18:22,669][root][INFO] - Epoch: 41  train_diff_loss: 0.63145  au_rec_loss: 0.04705  va_rec_loss: 0.02584  em_rec_loss: 0.03712  pred_loss: 0.23697
[2026-07-01 16:19:19,296][root][INFO] - Epoch: 42  train_diff_loss: 0.62761  au_rec_loss: 0.04711  va_rec_loss: 0.02579  em_rec_loss: 0.03684  pred_loss: 0.23500
[2026-07-01 16:20:16,434][root][INFO] - Epoch: 43  train_diff_loss: 0.62664  au_rec_loss: 0.04721  va_rec_loss: 0.02572  em_rec_loss: 0.03681  pred_loss: 0.23362
[2026-07-01 16:21:13,482][root][INFO] - Epoch: 44  train_diff_loss: 0.63494  au_rec_loss: 0.04678  va_rec_loss: 0.02617  em_rec_loss: 0.03720  pred_loss: 0.23868
[2026-07-01 16:22:10,043][root][INFO] - Epoch: 45  train_diff_loss: 0.61657  au_rec_loss: 0.04683  va_rec_loss: 0.02517  em_rec_loss: 0.03666  pred_loss: 0.22929
[2026-07-01 16:23:06,985][root][INFO] - Epoch: 46  train_diff_loss: 0.62423  au_rec_loss: 0.04657  va_rec_loss: 0.02530  em_rec_loss: 0.03675  pred_loss: 0.23588
[2026-07-01 16:24:04,098][root][INFO] - Epoch: 47  train_diff_loss: 0.61679  au_rec_loss: 0.04660  va_rec_loss: 0.02499  em_rec_loss: 0.03649  pred_loss: 0.22987
[2026-07-01 16:25:00,677][root][INFO] - Epoch: 48  train_diff_loss: 0.61720  au_rec_loss: 0.04541  va_rec_loss: 0.02527  em_rec_loss: 0.03607  pred_loss: 0.23340
[2026-07-01 16:25:57,613][root][INFO] - Epoch: 49  train_diff_loss: 0.61030  au_rec_loss: 0.04561  va_rec_loss: 0.02464  em_rec_loss: 0.03610  pred_loss: 0.22930
[2026-07-01 16:26:54,848][root][INFO] - Epoch: 50  train_diff_loss: 0.60443  au_rec_loss: 0.04548  va_rec_loss: 0.02420  em_rec_loss: 0.03583  pred_loss: 0.22754
[2026-07-01 16:27:01,801][root][INFO] - Epoch: 50  val_diff_loss: 0.68341  au_rec_loss: 0.05240  va_rec_loss: 0.02915  em_rec_loss: 0.04103  pred_loss: 0.24918
[2026-07-01 16:27:01,801][root][INFO] - New best diff_decoder_loss (0.68341) at epoch 50, saving checkpoint
[2026-07-01 16:28:10,418][root][INFO] - Epoch: 51  train_diff_loss: 0.60729  au_rec_loss: 0.04589  va_rec_loss: 0.02437  em_rec_loss: 0.03584  pred_loss: 0.22888
[2026-07-01 16:29:07,104][root][INFO] - Epoch: 52  train_diff_loss: 0.60531  au_rec_loss: 0.04537  va_rec_loss: 0.02390  em_rec_loss: 0.03533  pred_loss: 0.23233
[2026-07-01 16:30:04,423][root][INFO] - Epoch: 53  train_diff_loss: 0.60213  au_rec_loss: 0.04471  va_rec_loss: 0.02351  em_rec_loss: 0.03555  pred_loss: 0.23141
[2026-07-01 16:31:01,001][root][INFO] - Epoch: 54  train_diff_loss: 0.59639  au_rec_loss: 0.04467  va_rec_loss: 0.02357  em_rec_loss: 0.03531  pred_loss: 0.22676
[2026-07-01 16:31:57,794][root][INFO] - Epoch: 55  train_diff_loss: 0.60071  au_rec_loss: 0.04464  va_rec_loss: 0.02410  em_rec_loss: 0.03515  pred_loss: 0.22859
[2026-07-01 16:32:54,355][root][INFO] - Epoch: 56  train_diff_loss: 0.59443  au_rec_loss: 0.04436  va_rec_loss: 0.02377  em_rec_loss: 0.03496  pred_loss: 0.22531
[2026-07-01 16:33:50,862][root][INFO] - Epoch: 57  train_diff_loss: 0.60463  au_rec_loss: 0.04468  va_rec_loss: 0.02357  em_rec_loss: 0.03512  pred_loss: 0.23564
[2026-07-01 16:34:48,008][root][INFO] - Epoch: 58  train_diff_loss: 0.59298  au_rec_loss: 0.04481  va_rec_loss: 0.02310  em_rec_loss: 0.03520  pred_loss: 0.22639
[2026-07-01 16:35:45,370][root][INFO] - Epoch: 59  train_diff_loss: 0.59140  au_rec_loss: 0.04426  va_rec_loss: 0.02313  em_rec_loss: 0.03464  pred_loss: 0.22740
[2026-07-01 16:36:42,502][root][INFO] - Epoch: 60  train_diff_loss: 0.59618  au_rec_loss: 0.04355  va_rec_loss: 0.02315  em_rec_loss: 0.03467  pred_loss: 0.23351
[2026-07-01 16:36:49,606][root][INFO] - Epoch: 60  val_diff_loss: 0.68757  au_rec_loss: 0.05299  va_rec_loss: 0.03118  em_rec_loss: 0.04086  pred_loss: 0.24292
[2026-07-01 16:37:52,430][root][INFO] - Epoch: 61  train_diff_loss: 0.58796  au_rec_loss: 0.04282  va_rec_loss: 0.02242  em_rec_loss: 0.03433  pred_loss: 0.23145
[2026-07-01 16:38:49,606][root][INFO] - Epoch: 62  train_diff_loss: 0.59195  au_rec_loss: 0.04513  va_rec_loss: 0.02420  em_rec_loss: 0.03496  pred_loss: 0.22115
[2026-07-01 16:39:46,163][root][INFO] - Epoch: 63  train_diff_loss: 0.58983  au_rec_loss: 0.04473  va_rec_loss: 0.02244  em_rec_loss: 0.03436  pred_loss: 0.23103
[2026-07-01 16:40:42,772][root][INFO] - Epoch: 64  train_diff_loss: 0.58505  au_rec_loss: 0.04432  va_rec_loss: 0.02249  em_rec_loss: 0.03443  pred_loss: 0.22494
[2026-07-01 16:41:39,675][root][INFO] - Epoch: 65  train_diff_loss: 0.58437  au_rec_loss: 0.04390  va_rec_loss: 0.02352  em_rec_loss: 0.03414  pred_loss: 0.22212
[2026-07-01 16:42:36,512][root][INFO] - Epoch: 66  train_diff_loss: 0.58338  au_rec_loss: 0.04392  va_rec_loss: 0.02317  em_rec_loss: 0.03416  pred_loss: 0.22342
[2026-07-01 16:43:33,300][root][INFO] - Epoch: 67  train_diff_loss: 0.59189  au_rec_loss: 0.04381  va_rec_loss: 0.02335  em_rec_loss: 0.03437  pred_loss: 0.22888
[2026-07-01 16:44:29,829][root][INFO] - Epoch: 68  train_diff_loss: 0.58441  au_rec_loss: 0.04416  va_rec_loss: 0.02333  em_rec_loss: 0.03416  pred_loss: 0.22280
[2026-07-01 16:45:26,418][root][INFO] - Epoch: 69  train_diff_loss: 0.58841  au_rec_loss: 0.04403  va_rec_loss: 0.02274  em_rec_loss: 0.03407  pred_loss: 0.23026
[2026-07-01 16:46:22,974][root][INFO] - Epoch: 70  train_diff_loss: 0.58730  au_rec_loss: 0.04311  va_rec_loss: 0.02303  em_rec_loss: 0.03400  pred_loss: 0.22925
[2026-07-01 16:46:29,902][root][INFO] - Epoch: 70  val_diff_loss: 0.67796  au_rec_loss: 0.05040  va_rec_loss: 0.02996  em_rec_loss: 0.03917  pred_loss: 0.24907
[2026-07-01 16:46:29,903][root][INFO] - New best diff_decoder_loss (0.67796) at epoch 70, saving checkpoint
[2026-07-01 16:47:36,490][root][INFO] - Epoch: 71  train_diff_loss: 0.57884  au_rec_loss: 0.04345  va_rec_loss: 0.02246  em_rec_loss: 0.03391  pred_loss: 0.22377
[2026-07-01 16:48:33,091][root][INFO] - Epoch: 72  train_diff_loss: 0.57640  au_rec_loss: 0.04253  va_rec_loss: 0.02165  em_rec_loss: 0.03362  pred_loss: 0.22786
[2026-07-01 16:49:29,729][root][INFO] - Epoch: 73  train_diff_loss: 0.58294  au_rec_loss: 0.04306  va_rec_loss: 0.02354  em_rec_loss: 0.03407  pred_loss: 0.22238
[2026-07-01 16:50:26,397][root][INFO] - Epoch: 74  train_diff_loss: 0.58749  au_rec_loss: 0.04364  va_rec_loss: 0.02285  em_rec_loss: 0.03376  pred_loss: 0.23050
[2026-07-01 16:51:22,983][root][INFO] - Epoch: 75  train_diff_loss: 0.57433  au_rec_loss: 0.04300  va_rec_loss: 0.02272  em_rec_loss: 0.03344  pred_loss: 0.22150
[2026-07-01 16:52:19,615][root][INFO] - Epoch: 76  train_diff_loss: 0.57505  au_rec_loss: 0.04238  va_rec_loss: 0.02207  em_rec_loss: 0.03326  pred_loss: 0.22594
[2026-07-01 16:53:16,199][root][INFO] - Epoch: 77  train_diff_loss: 0.57944  au_rec_loss: 0.04301  va_rec_loss: 0.02272  em_rec_loss: 0.03382  pred_loss: 0.22441
[2026-07-01 16:54:13,269][root][INFO] - Epoch: 78  train_diff_loss: 0.57105  au_rec_loss: 0.04323  va_rec_loss: 0.02221  em_rec_loss: 0.03343  pred_loss: 0.22045
[2026-07-01 16:55:10,144][root][INFO] - Epoch: 79  train_diff_loss: 0.57315  au_rec_loss: 0.04305  va_rec_loss: 0.02207  em_rec_loss: 0.03335  pred_loss: 0.22365
[2026-07-01 16:56:06,670][root][INFO] - Epoch: 80  train_diff_loss: 0.56920  au_rec_loss: 0.04257  va_rec_loss: 0.02161  em_rec_loss: 0.03278  pred_loss: 0.22557
[2026-07-01 16:56:13,823][root][INFO] - Epoch: 80  val_diff_loss: 0.68990  au_rec_loss: 0.05274  va_rec_loss: 0.03192  em_rec_loss: 0.04020  pred_loss: 0.24492
[2026-07-01 16:57:17,681][root][INFO] - Epoch: 81  train_diff_loss: 0.57001  au_rec_loss: 0.04341  va_rec_loss: 0.02224  em_rec_loss: 0.03353  pred_loss: 0.21813
[2026-07-01 16:58:14,932][root][INFO] - Epoch: 82  train_diff_loss: 0.56851  au_rec_loss: 0.04219  va_rec_loss: 0.02204  em_rec_loss: 0.03303  pred_loss: 0.22132
[2026-07-01 16:59:11,463][root][INFO] - Epoch: 83  train_diff_loss: 0.57210  au_rec_loss: 0.04286  va_rec_loss: 0.02202  em_rec_loss: 0.03309  pred_loss: 0.22386
[2026-07-01 17:00:08,042][root][INFO] - Epoch: 84  train_diff_loss: 0.58063  au_rec_loss: 0.04300  va_rec_loss: 0.02248  em_rec_loss: 0.03349  pred_loss: 0.22888
[2026-07-01 17:01:05,183][root][INFO] - Epoch: 85  train_diff_loss: 0.56543  au_rec_loss: 0.04187  va_rec_loss: 0.02153  em_rec_loss: 0.03245  pred_loss: 0.22401
[2026-07-01 17:02:01,790][root][INFO] - Epoch: 86  train_diff_loss: 0.57174  au_rec_loss: 0.04266  va_rec_loss: 0.02173  em_rec_loss: 0.03307  pred_loss: 0.22610
[2026-07-01 17:02:58,960][root][INFO] - Epoch: 87  train_diff_loss: 0.57088  au_rec_loss: 0.04264  va_rec_loss: 0.02200  em_rec_loss: 0.03322  pred_loss: 0.22330
[2026-07-01 17:03:55,537][root][INFO] - Epoch: 88  train_diff_loss: 0.56957  au_rec_loss: 0.04234  va_rec_loss: 0.02186  em_rec_loss: 0.03312  pred_loss: 0.22330
[2026-07-01 17:04:52,115][root][INFO] - Epoch: 89  train_diff_loss: 0.56869  au_rec_loss: 0.04284  va_rec_loss: 0.02159  em_rec_loss: 0.03262  pred_loss: 0.22591
[2026-07-01 17:05:49,083][root][INFO] - Epoch: 90  train_diff_loss: 0.56129  au_rec_loss: 0.04294  va_rec_loss: 0.02128  em_rec_loss: 0.03284  pred_loss: 0.21864
[2026-07-01 17:05:56,135][root][INFO] - Epoch: 90  val_diff_loss: 0.66669  au_rec_loss: 0.05069  va_rec_loss: 0.03061  em_rec_loss: 0.03993  pred_loss: 0.23252
[2026-07-01 17:05:56,135][root][INFO] - New best diff_decoder_loss (0.66669) at epoch 90, saving checkpoint
[2026-07-01 17:07:02,489][root][INFO] - Epoch: 91  train_diff_loss: 0.55502  au_rec_loss: 0.04225  va_rec_loss: 0.02146  em_rec_loss: 0.03304  pred_loss: 0.21150
[2026-07-01 17:07:59,747][root][INFO] - Epoch: 92  train_diff_loss: 0.55545  au_rec_loss: 0.04303  va_rec_loss: 0.02074  em_rec_loss: 0.03268  pred_loss: 0.21669
[2026-07-01 17:08:57,002][root][INFO] - Epoch: 93  train_diff_loss: 0.55748  au_rec_loss: 0.04223  va_rec_loss: 0.02160  em_rec_loss: 0.03274  pred_loss: 0.21511
[2026-07-01 17:09:53,620][root][INFO] - Epoch: 94  train_diff_loss: 0.56347  au_rec_loss: 0.04175  va_rec_loss: 0.02187  em_rec_loss: 0.03257  pred_loss: 0.22093
[2026-07-01 17:10:50,748][root][INFO] - Epoch: 95  train_diff_loss: 0.56331  au_rec_loss: 0.04192  va_rec_loss: 0.02169  em_rec_loss: 0.03264  pred_loss: 0.22144
[2026-07-01 17:11:47,860][root][INFO] - Epoch: 96  train_diff_loss: 0.55601  au_rec_loss: 0.04178  va_rec_loss: 0.02132  em_rec_loss: 0.03239  pred_loss: 0.21685
[2026-07-01 17:12:44,484][root][INFO] - Epoch: 97  train_diff_loss: 0.55091  au_rec_loss: 0.04205  va_rec_loss: 0.02120  em_rec_loss: 0.03265  pred_loss: 0.21102
[2026-07-01 17:13:41,318][root][INFO] - Epoch: 98  train_diff_loss: 0.56014  au_rec_loss: 0.04268  va_rec_loss: 0.02154  em_rec_loss: 0.03267  pred_loss: 0.21782
[2026-07-01 17:14:38,259][root][INFO] - Epoch: 99  train_diff_loss: 0.55920  au_rec_loss: 0.04156  va_rec_loss: 0.02111  em_rec_loss: 0.03254  pred_loss: 0.22055
[2026-07-01 17:15:35,385][root][INFO] - Epoch: 100  train_diff_loss: 0.55068  au_rec_loss: 0.04173  va_rec_loss: 0.02107  em_rec_loss: 0.03230  pred_loss: 0.21437
[2026-07-01 17:15:42,380][root][INFO] - Epoch: 100  val_diff_loss: 0.65242  au_rec_loss: 0.04802  va_rec_loss: 0.02863  em_rec_loss: 0.03812  pred_loss: 0.23862
[2026-07-01 17:15:42,380][root][INFO] - New best diff_decoder_loss (0.65242) at epoch 100, saving checkpoint
[2026-07-01 17:16:51,278][root][INFO] - Epoch: 101  train_diff_loss: 0.54990  au_rec_loss: 0.04166  va_rec_loss: 0.02130  em_rec_loss: 0.03234  pred_loss: 0.21193
[2026-07-01 17:17:48,270][root][INFO] - Epoch: 102  train_diff_loss: 0.55584  au_rec_loss: 0.04242  va_rec_loss: 0.02034  em_rec_loss: 0.03209  pred_loss: 0.22288
[2026-07-01 17:18:44,797][root][INFO] - Epoch: 103  train_diff_loss: 0.55404  au_rec_loss: 0.04207  va_rec_loss: 0.02108  em_rec_loss: 0.03230  pred_loss: 0.21654
[2026-07-01 17:19:41,945][root][INFO] - Epoch: 104  train_diff_loss: 0.55637  au_rec_loss: 0.04108  va_rec_loss: 0.02095  em_rec_loss: 0.03200  pred_loss: 0.22257
[2026-07-01 17:20:38,854][root][INFO] - Epoch: 105  train_diff_loss: 0.55034  au_rec_loss: 0.04150  va_rec_loss: 0.02061  em_rec_loss: 0.03202  pred_loss: 0.21769
[2026-07-01 17:21:35,896][root][INFO] - Epoch: 106  train_diff_loss: 0.55035  au_rec_loss: 0.04093  va_rec_loss: 0.02033  em_rec_loss: 0.03186  pred_loss: 0.22017
[2026-07-01 17:22:32,428][root][INFO] - Epoch: 107  train_diff_loss: 0.55698  au_rec_loss: 0.04075  va_rec_loss: 0.02091  em_rec_loss: 0.03181  pred_loss: 0.22436
[2026-07-01 17:23:29,411][root][INFO] - Epoch: 108  train_diff_loss: 0.56036  au_rec_loss: 0.04269  va_rec_loss: 0.02119  em_rec_loss: 0.03245  pred_loss: 0.22136
[2026-07-01 17:24:26,030][root][INFO] - Epoch: 109  train_diff_loss: 0.55094  au_rec_loss: 0.04120  va_rec_loss: 0.02088  em_rec_loss: 0.03206  pred_loss: 0.21703
[2026-07-01 17:25:23,142][root][INFO] - Epoch: 110  train_diff_loss: 0.55576  au_rec_loss: 0.04042  va_rec_loss: 0.02073  em_rec_loss: 0.03150  pred_loss: 0.22612
[2026-07-01 17:25:30,132][root][INFO] - Epoch: 110  val_diff_loss: 0.65797  au_rec_loss: 0.05016  va_rec_loss: 0.03038  em_rec_loss: 0.03822  pred_loss: 0.23311
[2026-07-01 17:26:33,403][root][INFO] - Epoch: 111  train_diff_loss: 0.55477  au_rec_loss: 0.04094  va_rec_loss: 0.02099  em_rec_loss: 0.03157  pred_loss: 0.22261
[2026-07-01 17:27:29,931][root][INFO] - Epoch: 112  train_diff_loss: 0.55553  au_rec_loss: 0.04115  va_rec_loss: 0.02136  em_rec_loss: 0.03186  pred_loss: 0.22066
[2026-07-01 17:28:26,585][root][INFO] - Epoch: 113  train_diff_loss: 0.54179  au_rec_loss: 0.04111  va_rec_loss: 0.02002  em_rec_loss: 0.03134  pred_loss: 0.21583
[2026-07-01 17:29:23,215][root][INFO] - Epoch: 114  train_diff_loss: 0.54811  au_rec_loss: 0.04128  va_rec_loss: 0.02072  em_rec_loss: 0.03171  pred_loss: 0.21712
[2026-07-01 17:30:19,811][root][INFO] - Epoch: 115  train_diff_loss: 0.53959  au_rec_loss: 0.03980  va_rec_loss: 0.02033  em_rec_loss: 0.03143  pred_loss: 0.21348
[2026-07-01 17:31:16,964][root][INFO] - Epoch: 116  train_diff_loss: 0.55118  au_rec_loss: 0.04040  va_rec_loss: 0.02059  em_rec_loss: 0.03171  pred_loss: 0.22124
[2026-07-01 17:32:13,859][root][INFO] - Epoch: 117  train_diff_loss: 0.55422  au_rec_loss: 0.04153  va_rec_loss: 0.02075  em_rec_loss: 0.03184  pred_loss: 0.22271
[2026-07-01 17:33:10,959][root][INFO] - Epoch: 118  train_diff_loss: 0.54316  au_rec_loss: 0.04066  va_rec_loss: 0.02082  em_rec_loss: 0.03141  pred_loss: 0.21304
[2026-07-01 17:34:07,455][root][INFO] - Epoch: 119  train_diff_loss: 0.53890  au_rec_loss: 0.04028  va_rec_loss: 0.02005  em_rec_loss: 0.03135  pred_loss: 0.21352
[2026-07-01 17:35:04,528][root][INFO] - Epoch: 120  train_diff_loss: 0.53621  au_rec_loss: 0.03998  va_rec_loss: 0.02012  em_rec_loss: 0.03129  pred_loss: 0.21143
[2026-07-01 17:35:11,723][root][INFO] - Epoch: 120  val_diff_loss: 0.65587  au_rec_loss: 0.04990  va_rec_loss: 0.03034  em_rec_loss: 0.03888  pred_loss: 0.22903
[2026-07-01 17:36:14,404][root][INFO] - Epoch: 121  train_diff_loss: 0.54531  au_rec_loss: 0.04103  va_rec_loss: 0.02010  em_rec_loss: 0.03161  pred_loss: 0.21832
[2026-07-01 17:37:11,704][root][INFO] - Epoch: 122  train_diff_loss: 0.54126  au_rec_loss: 0.04091  va_rec_loss: 0.01995  em_rec_loss: 0.03130  pred_loss: 0.21653
[2026-07-01 17:38:08,268][root][INFO] - Epoch: 123  train_diff_loss: 0.54586  au_rec_loss: 0.04065  va_rec_loss: 0.02041  em_rec_loss: 0.03136  pred_loss: 0.21887
[2026-07-01 17:39:04,872][root][INFO] - Epoch: 124  train_diff_loss: 0.54261  au_rec_loss: 0.04086  va_rec_loss: 0.02004  em_rec_loss: 0.03170  pred_loss: 0.21511
[2026-07-01 17:40:01,718][root][INFO] - Epoch: 125  train_diff_loss: 0.54945  au_rec_loss: 0.04054  va_rec_loss: 0.02129  em_rec_loss: 0.03139  pred_loss: 0.21739
[2026-07-01 17:40:58,813][root][INFO] - Epoch: 126  train_diff_loss: 0.53892  au_rec_loss: 0.04037  va_rec_loss: 0.02013  em_rec_loss: 0.03140  pred_loss: 0.21317
[2026-07-01 17:41:55,316][root][INFO] - Epoch: 127  train_diff_loss: 0.54579  au_rec_loss: 0.04036  va_rec_loss: 0.01993  em_rec_loss: 0.03141  pred_loss: 0.22099
[2026-07-01 17:42:52,183][root][INFO] - Epoch: 128  train_diff_loss: 0.54166  au_rec_loss: 0.04083  va_rec_loss: 0.02024  em_rec_loss: 0.03114  pred_loss: 0.21708
[2026-07-01 17:43:49,198][root][INFO] - Epoch: 129  train_diff_loss: 0.54275  au_rec_loss: 0.04055  va_rec_loss: 0.02023  em_rec_loss: 0.03114  pred_loss: 0.21838
[2026-07-01 17:44:46,383][root][INFO] - Epoch: 130  train_diff_loss: 0.53811  au_rec_loss: 0.04091  va_rec_loss: 0.01992  em_rec_loss: 0.03110  pred_loss: 0.21473
[2026-07-01 17:44:53,487][root][INFO] - Epoch: 130  val_diff_loss: 0.66229  au_rec_loss: 0.04923  va_rec_loss: 0.03105  em_rec_loss: 0.03889  pred_loss: 0.23212
[2026-07-01 17:45:56,660][root][INFO] - Epoch: 131  train_diff_loss: 0.54449  au_rec_loss: 0.04034  va_rec_loss: 0.02064  em_rec_loss: 0.03136  pred_loss: 0.21670
[2026-07-01 17:46:53,234][root][INFO] - Epoch: 132  train_diff_loss: 0.53398  au_rec_loss: 0.04096  va_rec_loss: 0.01922  em_rec_loss: 0.03108  pred_loss: 0.21436
[2026-07-01 17:47:49,817][root][INFO] - Epoch: 133  train_diff_loss: 0.54603  au_rec_loss: 0.04068  va_rec_loss: 0.01981  em_rec_loss: 0.03122  pred_loss: 0.22242
[2026-07-01 17:48:46,472][root][INFO] - Epoch: 134  train_diff_loss: 0.54502  au_rec_loss: 0.03977  va_rec_loss: 0.02019  em_rec_loss: 0.03101  pred_loss: 0.22226
[2026-07-01 17:49:43,156][root][INFO] - Epoch: 135  train_diff_loss: 0.53863  au_rec_loss: 0.03979  va_rec_loss: 0.02006  em_rec_loss: 0.03093  pred_loss: 0.21700
[2026-07-01 17:50:39,661][root][INFO] - Epoch: 136  train_diff_loss: 0.54118  au_rec_loss: 0.03992  va_rec_loss: 0.01947  em_rec_loss: 0.03045  pred_loss: 0.22397
[2026-07-01 17:51:36,714][root][INFO] - Epoch: 137  train_diff_loss: 0.53753  au_rec_loss: 0.04069  va_rec_loss: 0.02022  em_rec_loss: 0.03112  pred_loss: 0.21280
[2026-07-01 17:52:33,293][root][INFO] - Epoch: 138  train_diff_loss: 0.54197  au_rec_loss: 0.03938  va_rec_loss: 0.01965  em_rec_loss: 0.03095  pred_loss: 0.22276
[2026-07-01 17:53:29,875][root][INFO] - Epoch: 139  train_diff_loss: 0.53664  au_rec_loss: 0.04057  va_rec_loss: 0.02000  em_rec_loss: 0.03118  pred_loss: 0.21278
[2026-07-01 17:54:26,713][root][INFO] - Epoch: 140  train_diff_loss: 0.54318  au_rec_loss: 0.04016  va_rec_loss: 0.01989  em_rec_loss: 0.03110  pred_loss: 0.22031
[2026-07-01 17:54:33,878][root][INFO] - Epoch: 140  val_diff_loss: 0.66370  au_rec_loss: 0.04966  va_rec_loss: 0.02951  em_rec_loss: 0.03918  pred_loss: 0.23784
[2026-07-01 17:55:36,439][root][INFO] - Epoch: 141  train_diff_loss: 0.53161  au_rec_loss: 0.04034  va_rec_loss: 0.01979  em_rec_loss: 0.03091  pred_loss: 0.21092
[2026-07-01 17:56:32,995][root][INFO] - Epoch: 142  train_diff_loss: 0.53112  au_rec_loss: 0.04005  va_rec_loss: 0.01915  em_rec_loss: 0.03081  pred_loss: 0.21389
[2026-07-01 17:57:30,089][root][INFO] - Epoch: 143  train_diff_loss: 0.52978  au_rec_loss: 0.03962  va_rec_loss: 0.01942  em_rec_loss: 0.03064  pred_loss: 0.21307
[2026-07-01 17:58:26,650][root][INFO] - Epoch: 144  train_diff_loss: 0.53774  au_rec_loss: 0.03934  va_rec_loss: 0.01964  em_rec_loss: 0.03063  pred_loss: 0.21964
[2026-07-01 17:59:23,246][root][INFO] - Epoch: 145  train_diff_loss: 0.53267  au_rec_loss: 0.03973  va_rec_loss: 0.01958  em_rec_loss: 0.03061  pred_loss: 0.21522
[2026-07-01 18:00:20,103][root][INFO] - Epoch: 146  train_diff_loss: 0.53146  au_rec_loss: 0.03968  va_rec_loss: 0.01964  em_rec_loss: 0.03065  pred_loss: 0.21306
[2026-07-01 18:01:16,672][root][INFO] - Epoch: 147  train_diff_loss: 0.53507  au_rec_loss: 0.03909  va_rec_loss: 0.01914  em_rec_loss: 0.03000  pred_loss: 0.22328
[2026-07-01 18:02:13,798][root][INFO] - Epoch: 148  train_diff_loss: 0.53631  au_rec_loss: 0.03901  va_rec_loss: 0.01991  em_rec_loss: 0.03038  pred_loss: 0.21843
[2026-07-01 18:03:10,774][root][INFO] - Epoch: 149  train_diff_loss: 0.52207  au_rec_loss: 0.03926  va_rec_loss: 0.01865  em_rec_loss: 0.03001  pred_loss: 0.21245
[2026-07-01 18:04:07,685][root][INFO] - Epoch: 150  train_diff_loss: 0.54232  au_rec_loss: 0.03988  va_rec_loss: 0.02047  em_rec_loss: 0.03062  pred_loss: 0.22018
[2026-07-01 18:04:14,792][root][INFO] - Epoch: 150  val_diff_loss: 0.64821  au_rec_loss: 0.05041  va_rec_loss: 0.02809  em_rec_loss: 0.03942  pred_loss: 0.22963
[2026-07-01 18:04:14,792][root][INFO] - New best diff_decoder_loss (0.64821) at epoch 150, saving checkpoint
[2026-07-01 18:05:20,797][root][INFO] - Epoch: 151  train_diff_loss: 0.53761  au_rec_loss: 0.04003  va_rec_loss: 0.02034  em_rec_loss: 0.03070  pred_loss: 0.21565
[2026-07-01 18:06:17,403][root][INFO] - Epoch: 152  train_diff_loss: 0.53048  au_rec_loss: 0.03943  va_rec_loss: 0.01956  em_rec_loss: 0.02998  pred_loss: 0.21620
[2026-07-01 18:07:13,962][root][INFO] - Epoch: 153  train_diff_loss: 0.52284  au_rec_loss: 0.03915  va_rec_loss: 0.01936  em_rec_loss: 0.03023  pred_loss: 0.20849
[2026-07-01 18:08:10,620][root][INFO] - Epoch: 154  train_diff_loss: 0.52534  au_rec_loss: 0.03968  va_rec_loss: 0.01963  em_rec_loss: 0.03014  pred_loss: 0.21027
[2026-07-01 18:09:07,208][root][INFO] - Epoch: 155  train_diff_loss: 0.53037  au_rec_loss: 0.03924  va_rec_loss: 0.01941  em_rec_loss: 0.03038  pred_loss: 0.21479
[2026-07-01 18:10:04,214][root][INFO] - Epoch: 156  train_diff_loss: 0.52982  au_rec_loss: 0.03953  va_rec_loss: 0.01921  em_rec_loss: 0.03037  pred_loss: 0.21522
[2026-07-01 18:11:01,402][root][INFO] - Epoch: 157  train_diff_loss: 0.52369  au_rec_loss: 0.03892  va_rec_loss: 0.01875  em_rec_loss: 0.02992  pred_loss: 0.21476
[2026-07-01 18:11:58,157][root][INFO] - Epoch: 158  train_diff_loss: 0.52468  au_rec_loss: 0.03901  va_rec_loss: 0.01930  em_rec_loss: 0.02968  pred_loss: 0.21453
[2026-07-01 18:12:54,703][root][INFO] - Epoch: 159  train_diff_loss: 0.52227  au_rec_loss: 0.03908  va_rec_loss: 0.01882  em_rec_loss: 0.02990  pred_loss: 0.21298
[2026-07-01 18:13:51,807][root][INFO] - Epoch: 160  train_diff_loss: 0.53113  au_rec_loss: 0.03954  va_rec_loss: 0.01912  em_rec_loss: 0.03054  pred_loss: 0.21598
[2026-07-01 18:13:58,998][root][INFO] - Epoch: 160  val_diff_loss: 0.66098  au_rec_loss: 0.04862  va_rec_loss: 0.03163  em_rec_loss: 0.03827  pred_loss: 0.23277
[2026-07-01 18:15:01,779][root][INFO] - Epoch: 161  train_diff_loss: 0.53324  au_rec_loss: 0.03985  va_rec_loss: 0.01887  em_rec_loss: 0.03025  pred_loss: 0.22165
[2026-07-01 18:15:58,390][root][INFO] - Epoch: 162  train_diff_loss: 0.51291  au_rec_loss: 0.03833  va_rec_loss: 0.01862  em_rec_loss: 0.02975  pred_loss: 0.20635
[2026-07-01 18:16:55,091][root][INFO] - Epoch: 163  train_diff_loss: 0.53099  au_rec_loss: 0.03936  va_rec_loss: 0.01862  em_rec_loss: 0.03034  pred_loss: 0.22032
[2026-07-01 18:17:52,232][root][INFO] - Epoch: 164  train_diff_loss: 0.52561  au_rec_loss: 0.03955  va_rec_loss: 0.01925  em_rec_loss: 0.03050  pred_loss: 0.21046
[2026-07-01 18:18:48,897][root][INFO] - Epoch: 165  train_diff_loss: 0.52693  au_rec_loss: 0.03941  va_rec_loss: 0.01899  em_rec_loss: 0.02998  pred_loss: 0.21643
[2026-07-01 18:19:45,951][root][INFO] - Epoch: 166  train_diff_loss: 0.53055  au_rec_loss: 0.03906  va_rec_loss: 0.01936  em_rec_loss: 0.03010  pred_loss: 0.21758
[2026-07-01 18:20:42,484][root][INFO] - Epoch: 167  train_diff_loss: 0.52305  au_rec_loss: 0.03931  va_rec_loss: 0.01893  em_rec_loss: 0.03015  pred_loss: 0.21187
[2026-07-01 18:21:39,607][root][INFO] - Epoch: 168  train_diff_loss: 0.52574  au_rec_loss: 0.03847  va_rec_loss: 0.01893  em_rec_loss: 0.02995  pred_loss: 0.21660
[2026-07-01 18:22:36,217][root][INFO] - Epoch: 169  train_diff_loss: 0.52633  au_rec_loss: 0.03840  va_rec_loss: 0.01897  em_rec_loss: 0.02984  pred_loss: 0.21739
[2026-07-01 18:23:33,415][root][INFO] - Epoch: 170  train_diff_loss: 0.52218  au_rec_loss: 0.03798  va_rec_loss: 0.01934  em_rec_loss: 0.02965  pred_loss: 0.21277
[2026-07-01 18:23:40,569][root][INFO] - Epoch: 170  val_diff_loss: 0.66068  au_rec_loss: 0.04995  va_rec_loss: 0.03124  em_rec_loss: 0.03857  pred_loss: 0.23000
[2026-07-01 18:24:43,309][root][INFO] - Epoch: 171  train_diff_loss: 0.51966  au_rec_loss: 0.03886  va_rec_loss: 0.01802  em_rec_loss: 0.02981  pred_loss: 0.21479
[2026-07-01 18:25:40,114][root][INFO] - Epoch: 172  train_diff_loss: 0.52454  au_rec_loss: 0.03924  va_rec_loss: 0.01876  em_rec_loss: 0.02995  pred_loss: 0.21516
[2026-07-01 18:26:36,619][root][INFO] - Epoch: 173  train_diff_loss: 0.51629  au_rec_loss: 0.03931  va_rec_loss: 0.01895  em_rec_loss: 0.03028  pred_loss: 0.20425
[2026-07-01 18:27:33,190][root][INFO] - Epoch: 174  train_diff_loss: 0.52152  au_rec_loss: 0.03958  va_rec_loss: 0.01905  em_rec_loss: 0.02983  pred_loss: 0.21125
[2026-07-01 18:28:30,023][root][INFO] - Epoch: 175  train_diff_loss: 0.52545  au_rec_loss: 0.03902  va_rec_loss: 0.01858  em_rec_loss: 0.02991  pred_loss: 0.21708
[2026-07-01 18:29:26,541][root][INFO] - Epoch: 176  train_diff_loss: 0.51877  au_rec_loss: 0.03879  va_rec_loss: 0.01902  em_rec_loss: 0.02939  pred_loss: 0.21171
[2026-07-01 18:30:23,152][root][INFO] - Epoch: 177  train_diff_loss: 0.51671  au_rec_loss: 0.03803  va_rec_loss: 0.01851  em_rec_loss: 0.02943  pred_loss: 0.21242
[2026-07-01 18:31:19,745][root][INFO] - Epoch: 178  train_diff_loss: 0.52243  au_rec_loss: 0.03844  va_rec_loss: 0.01928  em_rec_loss: 0.02943  pred_loss: 0.21401
[2026-07-01 18:32:16,275][root][INFO] - Epoch: 179  train_diff_loss: 0.51923  au_rec_loss: 0.03907  va_rec_loss: 0.01922  em_rec_loss: 0.02957  pred_loss: 0.20987
[2026-07-01 18:33:13,450][root][INFO] - Epoch: 180  train_diff_loss: 0.51893  au_rec_loss: 0.03886  va_rec_loss: 0.01820  em_rec_loss: 0.02948  pred_loss: 0.21542
[2026-07-01 18:33:20,700][root][INFO] - Epoch: 180  val_diff_loss: 0.64092  au_rec_loss: 0.04847  va_rec_loss: 0.02958  em_rec_loss: 0.03732  pred_loss: 0.22652
[2026-07-01 18:33:20,700][root][INFO] - New best diff_decoder_loss (0.64092) at epoch 180, saving checkpoint
[2026-07-01 18:34:27,800][root][INFO] - Epoch: 181  train_diff_loss: 0.52503  au_rec_loss: 0.03904  va_rec_loss: 0.01897  em_rec_loss: 0.02988  pred_loss: 0.21552
[2026-07-01 18:35:24,343][root][INFO] - Epoch: 182  train_diff_loss: 0.51868  au_rec_loss: 0.03849  va_rec_loss: 0.01909  em_rec_loss: 0.02954  pred_loss: 0.21028
[2026-07-01 18:36:21,029][root][INFO] - Epoch: 183  train_diff_loss: 0.51212  au_rec_loss: 0.03779  va_rec_loss: 0.01841  em_rec_loss: 0.02945  pred_loss: 0.20856
[2026-07-01 18:37:17,649][root][INFO] - Epoch: 184  train_diff_loss: 0.52005  au_rec_loss: 0.03834  va_rec_loss: 0.01863  em_rec_loss: 0.02945  pred_loss: 0.21483
[2026-07-01 18:38:14,601][root][INFO] - Epoch: 185  train_diff_loss: 0.51978  au_rec_loss: 0.03768  va_rec_loss: 0.01823  em_rec_loss: 0.02940  pred_loss: 0.21728
[2026-07-01 18:39:11,189][root][INFO] - Epoch: 186  train_diff_loss: 0.51021  au_rec_loss: 0.03868  va_rec_loss: 0.01790  em_rec_loss: 0.02917  pred_loss: 0.20976
[2026-07-01 18:40:07,775][root][INFO] - Epoch: 187  train_diff_loss: 0.51178  au_rec_loss: 0.03782  va_rec_loss: 0.01853  em_rec_loss: 0.02921  pred_loss: 0.20934
[2026-07-01 18:41:04,330][root][INFO] - Epoch: 188  train_diff_loss: 0.51592  au_rec_loss: 0.03801  va_rec_loss: 0.01826  em_rec_loss: 0.02929  pred_loss: 0.21364
[2026-07-01 18:42:01,261][root][INFO] - Epoch: 189  train_diff_loss: 0.51566  au_rec_loss: 0.03881  va_rec_loss: 0.01811  em_rec_loss: 0.02928  pred_loss: 0.21335
[2026-07-01 18:42:57,817][root][INFO] - Epoch: 190  train_diff_loss: 0.51497  au_rec_loss: 0.03795  va_rec_loss: 0.01836  em_rec_loss: 0.02930  pred_loss: 0.21254
[2026-07-01 18:43:04,941][root][INFO] - Epoch: 190  val_diff_loss: 0.65447  au_rec_loss: 0.04893  va_rec_loss: 0.03058  em_rec_loss: 0.03864  pred_loss: 0.22872
[2026-07-01 18:44:09,608][root][INFO] - Epoch: 191  train_diff_loss: 0.51805  au_rec_loss: 0.03868  va_rec_loss: 0.01833  em_rec_loss: 0.02927  pred_loss: 0.21509
[2026-07-01 18:45:06,774][root][INFO] - Epoch: 192  train_diff_loss: 0.51343  au_rec_loss: 0.03749  va_rec_loss: 0.01850  em_rec_loss: 0.02878  pred_loss: 0.21332
[2026-07-01 18:46:04,060][root][INFO] - Epoch: 193  train_diff_loss: 0.51667  au_rec_loss: 0.03807  va_rec_loss: 0.01884  em_rec_loss: 0.02922  pred_loss: 0.21247
[2026-07-01 18:47:00,768][root][INFO] - Epoch: 194  train_diff_loss: 0.51426  au_rec_loss: 0.03816  va_rec_loss: 0.01803  em_rec_loss: 0.02926  pred_loss: 0.21296
[2026-07-01 18:47:57,770][root][INFO] - Epoch: 195  train_diff_loss: 0.51414  au_rec_loss: 0.03720  va_rec_loss: 0.01818  em_rec_loss: 0.02912  pred_loss: 0.21475
[2026-07-01 18:48:54,482][root][INFO] - Epoch: 196  train_diff_loss: 0.51666  au_rec_loss: 0.03822  va_rec_loss: 0.01758  em_rec_loss: 0.02935  pred_loss: 0.21812
[2026-07-01 18:49:51,420][root][INFO] - Epoch: 197  train_diff_loss: 0.50682  au_rec_loss: 0.03780  va_rec_loss: 0.01861  em_rec_loss: 0.02857  pred_loss: 0.20764
[2026-07-01 18:50:48,520][root][INFO] - Epoch: 198  train_diff_loss: 0.50214  au_rec_loss: 0.03758  va_rec_loss: 0.01739  em_rec_loss: 0.02893  pred_loss: 0.20687
[2026-07-01 18:51:45,744][root][INFO] - Epoch: 199  train_diff_loss: 0.51482  au_rec_loss: 0.03827  va_rec_loss: 0.01831  em_rec_loss: 0.02924  pred_loss: 0.21348
[2026-07-01 18:52:42,450][root][INFO] - Epoch: 200  train_diff_loss: 0.50742  au_rec_loss: 0.03762  va_rec_loss: 0.01795  em_rec_loss: 0.02880  pred_loss: 0.21000
[2026-07-01 18:52:49,699][root][INFO] - Epoch: 200  val_diff_loss: 0.65244  au_rec_loss: 0.04945  va_rec_loss: 0.02941  em_rec_loss: 0.03866  pred_loss: 0.23162
[2026-07-01 18:53:52,277][root][INFO] - Epoch: 201  train_diff_loss: 0.50573  au_rec_loss: 0.03717  va_rec_loss: 0.01791  em_rec_loss: 0.02852  pred_loss: 0.20994
[2026-07-01 18:54:48,877][root][INFO] - Epoch: 202  train_diff_loss: 0.50200  au_rec_loss: 0.03747  va_rec_loss: 0.01747  em_rec_loss: 0.02878  pred_loss: 0.20723
[2026-07-01 18:55:46,151][root][INFO] - Epoch: 203  train_diff_loss: 0.51333  au_rec_loss: 0.03819  va_rec_loss: 0.01842  em_rec_loss: 0.02896  pred_loss: 0.21225
[2026-07-01 18:56:42,738][root][INFO] - Epoch: 204  train_diff_loss: 0.51553  au_rec_loss: 0.03784  va_rec_loss: 0.01864  em_rec_loss: 0.02931  pred_loss: 0.21181
[2026-07-01 18:57:39,348][root][INFO] - Epoch: 205  train_diff_loss: 0.51005  au_rec_loss: 0.03675  va_rec_loss: 0.01771  em_rec_loss: 0.02832  pred_loss: 0.21697
[2026-07-01 18:58:36,058][root][INFO] - Epoch: 206  train_diff_loss: 0.49958  au_rec_loss: 0.03681  va_rec_loss: 0.01759  em_rec_loss: 0.02832  pred_loss: 0.20741
[2026-07-01 18:59:32,939][root][INFO] - Epoch: 207  train_diff_loss: 0.51209  au_rec_loss: 0.03817  va_rec_loss: 0.01783  em_rec_loss: 0.02877  pred_loss: 0.21501
[2026-07-01 19:00:29,587][root][INFO] - Epoch: 208  train_diff_loss: 0.50460  au_rec_loss: 0.03761  va_rec_loss: 0.01757  em_rec_loss: 0.02882  pred_loss: 0.20920
[2026-07-01 19:01:26,770][root][INFO] - Epoch: 209  train_diff_loss: 0.50720  au_rec_loss: 0.03790  va_rec_loss: 0.01744  em_rec_loss: 0.02892  pred_loss: 0.21105
[2026-07-01 19:02:23,765][root][INFO] - Epoch: 210  train_diff_loss: 0.50466  au_rec_loss: 0.03775  va_rec_loss: 0.01794  em_rec_loss: 0.02891  pred_loss: 0.20636
[2026-07-01 19:02:30,880][root][INFO] - Epoch: 210  val_diff_loss: 0.66357  au_rec_loss: 0.04870  va_rec_loss: 0.03068  em_rec_loss: 0.03855  pred_loss: 0.23856
[2026-07-01 19:03:33,671][root][INFO] - Epoch: 211  train_diff_loss: 0.50741  au_rec_loss: 0.03731  va_rec_loss: 0.01715  em_rec_loss: 0.02865  pred_loss: 0.21561
[2026-07-01 19:04:30,183][root][INFO] - Epoch: 212  train_diff_loss: 0.50866  au_rec_loss: 0.03750  va_rec_loss: 0.01783  em_rec_loss: 0.02864  pred_loss: 0.21302
[2026-07-01 19:05:26,903][root][INFO] - Epoch: 213  train_diff_loss: 0.50840  au_rec_loss: 0.03785  va_rec_loss: 0.01770  em_rec_loss: 0.02879  pred_loss: 0.21246
[2026-07-01 19:06:24,089][root][INFO] - Epoch: 214  train_diff_loss: 0.50631  au_rec_loss: 0.03735  va_rec_loss: 0.01808  em_rec_loss: 0.02833  pred_loss: 0.21082
[2026-07-01 19:07:21,001][root][INFO] - Epoch: 215  train_diff_loss: 0.50531  au_rec_loss: 0.03684  va_rec_loss: 0.01790  em_rec_loss: 0.02837  pred_loss: 0.21129
[2026-07-01 19:08:18,326][root][INFO] - Epoch: 216  train_diff_loss: 0.50715  au_rec_loss: 0.03809  va_rec_loss: 0.01707  em_rec_loss: 0.02863  pred_loss: 0.21486
[2026-07-01 19:09:15,265][root][INFO] - Epoch: 217  train_diff_loss: 0.49864  au_rec_loss: 0.03675  va_rec_loss: 0.01699  em_rec_loss: 0.02856  pred_loss: 0.20894
[2026-07-01 19:10:12,052][root][INFO] - Epoch: 218  train_diff_loss: 0.50878  au_rec_loss: 0.03684  va_rec_loss: 0.01744  em_rec_loss: 0.02828  pred_loss: 0.21745
[2026-07-01 19:11:08,681][root][INFO] - Epoch: 219  train_diff_loss: 0.50469  au_rec_loss: 0.03765  va_rec_loss: 0.01724  em_rec_loss: 0.02873  pred_loss: 0.21172
[2026-07-01 19:12:05,208][root][INFO] - Epoch: 220  train_diff_loss: 0.50384  au_rec_loss: 0.03690  va_rec_loss: 0.01741  em_rec_loss: 0.02843  pred_loss: 0.21175
[2026-07-01 19:12:12,415][root][INFO] - Epoch: 220  val_diff_loss: 0.63201  au_rec_loss: 0.04795  va_rec_loss: 0.02816  em_rec_loss: 0.03693  pred_loss: 0.22841
[2026-07-01 19:12:12,415][root][INFO] - New best diff_decoder_loss (0.63201) at epoch 220, saving checkpoint
[2026-07-01 19:13:18,391][root][INFO] - Epoch: 221  train_diff_loss: 0.49990  au_rec_loss: 0.03678  va_rec_loss: 0.01731  em_rec_loss: 0.02830  pred_loss: 0.20932
[2026-07-01 19:14:15,179][root][INFO] - Epoch: 222  train_diff_loss: 0.50764  au_rec_loss: 0.03778  va_rec_loss: 0.01781  em_rec_loss: 0.02882  pred_loss: 0.21057
[2026-07-01 19:15:11,759][root][INFO] - Epoch: 223  train_diff_loss: 0.50368  au_rec_loss: 0.03718  va_rec_loss: 0.01730  em_rec_loss: 0.02811  pred_loss: 0.21369
[2026-07-01 19:16:08,686][root][INFO] - Epoch: 224  train_diff_loss: 0.50599  au_rec_loss: 0.03769  va_rec_loss: 0.01769  em_rec_loss: 0.02859  pred_loss: 0.21137
[2026-07-01 19:17:05,389][root][INFO] - Epoch: 225  train_diff_loss: 0.50224  au_rec_loss: 0.03800  va_rec_loss: 0.01723  em_rec_loss: 0.02867  pred_loss: 0.20917
[2026-07-01 19:18:01,932][root][INFO] - Epoch: 226  train_diff_loss: 0.50809  au_rec_loss: 0.03777  va_rec_loss: 0.01761  em_rec_loss: 0.02854  pred_loss: 0.21391
[2026-07-01 19:18:58,764][root][INFO] - Epoch: 227  train_diff_loss: 0.49823  au_rec_loss: 0.03688  va_rec_loss: 0.01703  em_rec_loss: 0.02792  pred_loss: 0.21088
[2026-07-01 19:19:55,313][root][INFO] - Epoch: 228  train_diff_loss: 0.49766  au_rec_loss: 0.03689  va_rec_loss: 0.01714  em_rec_loss: 0.02813  pred_loss: 0.20868
[2026-07-01 19:20:51,978][root][INFO] - Epoch: 229  train_diff_loss: 0.49844  au_rec_loss: 0.03587  va_rec_loss: 0.01736  em_rec_loss: 0.02774  pred_loss: 0.21167
[2026-07-01 19:21:48,606][root][INFO] - Epoch: 230  train_diff_loss: 0.49511  au_rec_loss: 0.03624  va_rec_loss: 0.01638  em_rec_loss: 0.02803  pred_loss: 0.21105
[2026-07-01 19:21:55,737][root][INFO] - Epoch: 230  val_diff_loss: 0.64154  au_rec_loss: 0.04894  va_rec_loss: 0.02829  em_rec_loss: 0.03829  pred_loss: 0.22852
[2026-07-01 19:22:58,590][root][INFO] - Epoch: 231  train_diff_loss: 0.49851  au_rec_loss: 0.03636  va_rec_loss: 0.01679  em_rec_loss: 0.02793  pred_loss: 0.21276
[2026-07-01 19:23:55,814][root][INFO] - Epoch: 232  train_diff_loss: 0.49404  au_rec_loss: 0.03664  va_rec_loss: 0.01629  em_rec_loss: 0.02788  pred_loss: 0.21068
[2026-07-01 19:24:52,392][root][INFO] - Epoch: 233  train_diff_loss: 0.50144  au_rec_loss: 0.03742  va_rec_loss: 0.01726  em_rec_loss: 0.02836  pred_loss: 0.21020
[2026-07-01 19:25:48,939][root][INFO] - Epoch: 234  train_diff_loss: 0.49869  au_rec_loss: 0.03744  va_rec_loss: 0.01740  em_rec_loss: 0.02827  pred_loss: 0.20748
[2026-07-01 19:26:46,029][root][INFO] - Epoch: 235  train_diff_loss: 0.49421  au_rec_loss: 0.03713  va_rec_loss: 0.01694  em_rec_loss: 0.02795  pred_loss: 0.20643
[2026-07-01 19:27:42,588][root][INFO] - Epoch: 236  train_diff_loss: 0.50058  au_rec_loss: 0.03709  va_rec_loss: 0.01703  em_rec_loss: 0.02803  pred_loss: 0.21306
[2026-07-01 19:28:41,868][root][INFO] - Epoch: 237  train_diff_loss: 0.50037  au_rec_loss: 0.03723  va_rec_loss: 0.01754  em_rec_loss: 0.02809  pred_loss: 0.20958
[2026-07-01 19:29:38,913][root][INFO] - Epoch: 238  train_diff_loss: 0.49690  au_rec_loss: 0.03770  va_rec_loss: 0.01689  em_rec_loss: 0.02823  pred_loss: 0.20824
[2026-07-01 19:30:35,676][root][INFO] - Epoch: 239  train_diff_loss: 0.50236  au_rec_loss: 0.03679  va_rec_loss: 0.01711  em_rec_loss: 0.02780  pred_loss: 0.21579
[2026-07-01 19:31:32,289][root][INFO] - Epoch: 240  train_diff_loss: 0.48985  au_rec_loss: 0.03621  va_rec_loss: 0.01689  em_rec_loss: 0.02744  pred_loss: 0.20681
[2026-07-01 19:31:39,527][root][INFO] - Epoch: 240  val_diff_loss: 0.65770  au_rec_loss: 0.04997  va_rec_loss: 0.03049  em_rec_loss: 0.03846  pred_loss: 0.23130
[2026-07-01 19:32:42,268][root][INFO] - Epoch: 241  train_diff_loss: 0.49103  au_rec_loss: 0.03650  va_rec_loss: 0.01667  em_rec_loss: 0.02769  pred_loss: 0.20741
[2026-07-01 19:33:40,114][root][INFO] - Epoch: 242  train_diff_loss: 0.50207  au_rec_loss: 0.03659  va_rec_loss: 0.01692  em_rec_loss: 0.02768  pred_loss: 0.21677
[2026-07-01 19:34:37,023][root][INFO] - Epoch: 243  train_diff_loss: 0.49234  au_rec_loss: 0.03589  va_rec_loss: 0.01691  em_rec_loss: 0.02786  pred_loss: 0.20697
[2026-07-01 19:35:33,778][root][INFO] - Epoch: 244  train_diff_loss: 0.49828  au_rec_loss: 0.03666  va_rec_loss: 0.01720  em_rec_loss: 0.02815  pred_loss: 0.20976
[2026-07-01 19:36:30,750][root][INFO] - Epoch: 245  train_diff_loss: 0.49380  au_rec_loss: 0.03614  va_rec_loss: 0.01699  em_rec_loss: 0.02764  pred_loss: 0.20862
[2026-07-01 19:37:27,328][root][INFO] - Epoch: 246  train_diff_loss: 0.49855  au_rec_loss: 0.03627  va_rec_loss: 0.01678  em_rec_loss: 0.02783  pred_loss: 0.21392
[2026-07-01 19:38:24,281][root][INFO] - Epoch: 247  train_diff_loss: 0.49547  au_rec_loss: 0.03629  va_rec_loss: 0.01698  em_rec_loss: 0.02798  pred_loss: 0.20881
[2026-07-01 19:39:20,818][root][INFO] - Epoch: 248  train_diff_loss: 0.49001  au_rec_loss: 0.03623  va_rec_loss: 0.01687  em_rec_loss: 0.02737  pred_loss: 0.20693
[2026-07-01 19:40:17,369][root][INFO] - Epoch: 249  train_diff_loss: 0.49572  au_rec_loss: 0.03628  va_rec_loss: 0.01700  em_rec_loss: 0.02753  pred_loss: 0.21085
[2026-07-01 19:41:14,409][root][INFO] - Epoch: 250  train_diff_loss: 0.49214  au_rec_loss: 0.03653  va_rec_loss: 0.01659  em_rec_loss: 0.02757  pred_loss: 0.20923
[2026-07-01 19:41:21,731][root][INFO] - Epoch: 250  val_diff_loss: 0.62367  au_rec_loss: 0.04788  va_rec_loss: 0.02655  em_rec_loss: 0.03723  pred_loss: 0.22540
[2026-07-01 19:41:21,731][root][INFO] - New best diff_decoder_loss (0.62367) at epoch 250, saving checkpoint
[2026-07-01 19:42:27,683][root][INFO] - Epoch: 251  train_diff_loss: 0.48650  au_rec_loss: 0.03570  va_rec_loss: 0.01632  em_rec_loss: 0.02744  pred_loss: 0.20631
[2026-07-01 19:43:24,289][root][INFO] - Epoch: 252  train_diff_loss: 0.48973  au_rec_loss: 0.03506  va_rec_loss: 0.01647  em_rec_loss: 0.02722  pred_loss: 0.21092
[2026-07-01 19:44:21,395][root][INFO] - Epoch: 253  train_diff_loss: 0.49194  au_rec_loss: 0.03575  va_rec_loss: 0.01618  em_rec_loss: 0.02735  pred_loss: 0.21356
[2026-07-01 19:45:18,643][root][INFO] - Epoch: 254  train_diff_loss: 0.49050  au_rec_loss: 0.03533  va_rec_loss: 0.01588  em_rec_loss: 0.02676  pred_loss: 0.21668
[2026-07-01 19:46:15,675][root][INFO] - Epoch: 255  train_diff_loss: 0.48620  au_rec_loss: 0.03590  va_rec_loss: 0.01585  em_rec_loss: 0.02699  pred_loss: 0.21119
[2026-07-01 19:47:12,445][root][INFO] - Epoch: 256  train_diff_loss: 0.50053  au_rec_loss: 0.03577  va_rec_loss: 0.01639  em_rec_loss: 0.02726  pred_loss: 0.22154
[2026-07-01 19:48:09,514][root][INFO] - Epoch: 257  train_diff_loss: 0.49518  au_rec_loss: 0.03515  va_rec_loss: 0.01642  em_rec_loss: 0.02744  pred_loss: 0.21551
[2026-07-01 19:49:06,211][root][INFO] - Epoch: 258  train_diff_loss: 0.48790  au_rec_loss: 0.03579  va_rec_loss: 0.01644  em_rec_loss: 0.02758  pred_loss: 0.20685
[2026-07-01 19:50:02,824][root][INFO] - Epoch: 259  train_diff_loss: 0.48469  au_rec_loss: 0.03481  va_rec_loss: 0.01634  em_rec_loss: 0.02707  pred_loss: 0.20776
[2026-07-01 19:50:59,461][root][INFO] - Epoch: 260  train_diff_loss: 0.48029  au_rec_loss: 0.03556  va_rec_loss: 0.01596  em_rec_loss: 0.02728  pred_loss: 0.20313
[2026-07-01 19:51:06,561][root][INFO] - Epoch: 260  val_diff_loss: 0.63974  au_rec_loss: 0.04848  va_rec_loss: 0.02780  em_rec_loss: 0.03706  pred_loss: 0.23616
[2026-07-01 19:52:09,849][root][INFO] - Epoch: 261  train_diff_loss: 0.49167  au_rec_loss: 0.03514  va_rec_loss: 0.01661  em_rec_loss: 0.02721  pred_loss: 0.21187
[2026-07-01 19:53:06,424][root][INFO] - Epoch: 262  train_diff_loss: 0.48939  au_rec_loss: 0.03613  va_rec_loss: 0.01635  em_rec_loss: 0.02733  pred_loss: 0.20942
[2026-07-01 19:54:03,022][root][INFO] - Epoch: 263  train_diff_loss: 0.48217  au_rec_loss: 0.03496  va_rec_loss: 0.01637  em_rec_loss: 0.02704  pred_loss: 0.20467
[2026-07-01 19:54:59,608][root][INFO] - Epoch: 264  train_diff_loss: 0.49693  au_rec_loss: 0.03571  va_rec_loss: 0.01614  em_rec_loss: 0.02740  pred_loss: 0.21830
[2026-07-01 19:55:56,636][root][INFO] - Epoch: 265  train_diff_loss: 0.48278  au_rec_loss: 0.03570  va_rec_loss: 0.01545  em_rec_loss: 0.02719  pred_loss: 0.20846
[2026-07-01 19:56:53,174][root][INFO] - Epoch: 266  train_diff_loss: 0.49207  au_rec_loss: 0.03441  va_rec_loss: 0.01655  em_rec_loss: 0.02721  pred_loss: 0.21364
[2026-07-01 19:57:49,758][root][INFO] - Epoch: 267  train_diff_loss: 0.48858  au_rec_loss: 0.03660  va_rec_loss: 0.01651  em_rec_loss: 0.02753  pred_loss: 0.20688
[2026-07-01 19:58:46,410][root][INFO] - Epoch: 268  train_diff_loss: 0.48560  au_rec_loss: 0.03572  va_rec_loss: 0.01578  em_rec_loss: 0.02718  pred_loss: 0.20971
[2026-07-01 19:59:43,440][root][INFO] - Epoch: 269  train_diff_loss: 0.48580  au_rec_loss: 0.03490  va_rec_loss: 0.01586  em_rec_loss: 0.02665  pred_loss: 0.21352
[2026-07-01 20:00:40,331][root][INFO] - Epoch: 270  train_diff_loss: 0.49214  au_rec_loss: 0.03599  va_rec_loss: 0.01639  em_rec_loss: 0.02723  pred_loss: 0.21314
[2026-07-01 20:00:47,429][root][INFO] - Epoch: 270  val_diff_loss: 0.65118  au_rec_loss: 0.04855  va_rec_loss: 0.03046  em_rec_loss: 0.03756  pred_loss: 0.23216
[2026-07-01 20:01:50,253][root][INFO] - Epoch: 271  train_diff_loss: 0.48543  au_rec_loss: 0.03643  va_rec_loss: 0.01598  em_rec_loss: 0.02734  pred_loss: 0.20670
[2026-07-01 20:02:47,086][root][INFO] - Epoch: 272  train_diff_loss: 0.48796  au_rec_loss: 0.03590  va_rec_loss: 0.01632  em_rec_loss: 0.02707  pred_loss: 0.21020
[2026-07-01 20:03:43,750][root][INFO] - Epoch: 273  train_diff_loss: 0.48378  au_rec_loss: 0.03529  va_rec_loss: 0.01552  em_rec_loss: 0.02674  pred_loss: 0.21203
[2026-07-01 20:04:40,726][root][INFO] - Epoch: 274  train_diff_loss: 0.48723  au_rec_loss: 0.03603  va_rec_loss: 0.01609  em_rec_loss: 0.02707  pred_loss: 0.21020
[2026-07-01 20:05:37,296][root][INFO] - Epoch: 275  train_diff_loss: 0.48163  au_rec_loss: 0.03554  va_rec_loss: 0.01553  em_rec_loss: 0.02701  pred_loss: 0.20838
[2026-07-01 20:06:34,476][root][INFO] - Epoch: 276  train_diff_loss: 0.48298  au_rec_loss: 0.03573  va_rec_loss: 0.01578  em_rec_loss: 0.02727  pred_loss: 0.20701
[2026-07-01 20:07:31,614][root][INFO] - Epoch: 277  train_diff_loss: 0.48427  au_rec_loss: 0.03466  va_rec_loss: 0.01601  em_rec_loss: 0.02667  pred_loss: 0.21134
[2026-07-01 20:08:28,256][root][INFO] - Epoch: 278  train_diff_loss: 0.48891  au_rec_loss: 0.03476  va_rec_loss: 0.01622  em_rec_loss: 0.02683  pred_loss: 0.21350
[2026-07-01 20:09:25,175][root][INFO] - Epoch: 279  train_diff_loss: 0.48775  au_rec_loss: 0.03463  va_rec_loss: 0.01571  em_rec_loss: 0.02645  pred_loss: 0.21688
[2026-07-01 20:10:22,154][root][INFO] - Epoch: 280  train_diff_loss: 0.48186  au_rec_loss: 0.03615  va_rec_loss: 0.01596  em_rec_loss: 0.02678  pred_loss: 0.20724
[2026-07-01 20:10:29,331][root][INFO] - Epoch: 280  val_diff_loss: 0.64277  au_rec_loss: 0.04793  va_rec_loss: 0.02974  em_rec_loss: 0.03791  pred_loss: 0.22497
[2026-07-01 20:11:32,231][root][INFO] - Epoch: 281  train_diff_loss: 0.47418  au_rec_loss: 0.03528  va_rec_loss: 0.01564  em_rec_loss: 0.02692  pred_loss: 0.20110
[2026-07-01 20:12:29,146][root][INFO] - Epoch: 282  train_diff_loss: 0.49756  au_rec_loss: 0.03630  va_rec_loss: 0.01632  em_rec_loss: 0.02738  pred_loss: 0.21742
[2026-07-01 20:13:25,874][root][INFO] - Epoch: 283  train_diff_loss: 0.48091  au_rec_loss: 0.03577  va_rec_loss: 0.01604  em_rec_loss: 0.02679  pred_loss: 0.20571
[2026-07-01 20:14:24,772][root][INFO] - Epoch: 284  train_diff_loss: 0.48656  au_rec_loss: 0.03514  va_rec_loss: 0.01587  em_rec_loss: 0.02663  pred_loss: 0.21364
[2026-07-01 20:15:21,500][root][INFO] - Epoch: 285  train_diff_loss: 0.48280  au_rec_loss: 0.03625  va_rec_loss: 0.01585  em_rec_loss: 0.02675  pred_loss: 0.20835
[2026-07-01 20:16:18,211][root][INFO] - Epoch: 286  train_diff_loss: 0.48817  au_rec_loss: 0.03507  va_rec_loss: 0.01594  em_rec_loss: 0.02697  pred_loss: 0.21351
[2026-07-01 20:17:14,772][root][INFO] - Epoch: 287  train_diff_loss: 0.48129  au_rec_loss: 0.03493  va_rec_loss: 0.01594  em_rec_loss: 0.02663  pred_loss: 0.20858
[2026-07-01 20:18:11,930][root][INFO] - Epoch: 288  train_diff_loss: 0.48492  au_rec_loss: 0.03542  va_rec_loss: 0.01593  em_rec_loss: 0.02661  pred_loss: 0.21127
[2026-07-01 20:19:08,546][root][INFO] - Epoch: 289  train_diff_loss: 0.48447  au_rec_loss: 0.03482  va_rec_loss: 0.01597  em_rec_loss: 0.02658  pred_loss: 0.21147
[2026-07-01 20:20:05,462][root][INFO] - Epoch: 290  train_diff_loss: 0.48442  au_rec_loss: 0.03532  va_rec_loss: 0.01569  em_rec_loss: 0.02696  pred_loss: 0.21113
[2026-07-01 20:20:12,643][root][INFO] - Epoch: 290  val_diff_loss: 0.63838  au_rec_loss: 0.04928  va_rec_loss: 0.02850  em_rec_loss: 0.03760  pred_loss: 0.22801
[2026-07-01 20:21:16,487][root][INFO] - Epoch: 291  train_diff_loss: 0.48316  au_rec_loss: 0.03473  va_rec_loss: 0.01511  em_rec_loss: 0.02622  pred_loss: 0.21709
[2026-07-01 20:22:13,723][root][INFO] - Epoch: 292  train_diff_loss: 0.48833  au_rec_loss: 0.03511  va_rec_loss: 0.01552  em_rec_loss: 0.02667  pred_loss: 0.21773
[2026-07-01 20:23:11,279][root][INFO] - Epoch: 293  train_diff_loss: 0.48743  au_rec_loss: 0.03509  va_rec_loss: 0.01587  em_rec_loss: 0.02660  pred_loss: 0.21508
[2026-07-01 20:24:07,896][root][INFO] - Epoch: 294  train_diff_loss: 0.48324  au_rec_loss: 0.03512  va_rec_loss: 0.01599  em_rec_loss: 0.02661  pred_loss: 0.21014
[2026-07-01 20:25:04,414][root][INFO] - Epoch: 295  train_diff_loss: 0.47261  au_rec_loss: 0.03448  va_rec_loss: 0.01545  em_rec_loss: 0.02629  pred_loss: 0.20450
[2026-07-01 20:26:01,092][root][INFO] - Epoch: 296  train_diff_loss: 0.47650  au_rec_loss: 0.03450  va_rec_loss: 0.01538  em_rec_loss: 0.02630  pred_loss: 0.20847
[2026-07-01 20:26:57,854][root][INFO] - Epoch: 297  train_diff_loss: 0.48133  au_rec_loss: 0.03474  va_rec_loss: 0.01571  em_rec_loss: 0.02659  pred_loss: 0.21048
[2026-07-01 20:27:54,886][root][INFO] - Epoch: 298  train_diff_loss: 0.48041  au_rec_loss: 0.03465  va_rec_loss: 0.01541  em_rec_loss: 0.02619  pred_loss: 0.21292
[2026-07-01 20:28:51,450][root][INFO] - Epoch: 299  train_diff_loss: 0.48004  au_rec_loss: 0.03495  va_rec_loss: 0.01539  em_rec_loss: 0.02668  pred_loss: 0.21009
[2026-07-01 20:29:48,016][root][INFO] - Epoch: 300  train_diff_loss: 0.48521  au_rec_loss: 0.03475  va_rec_loss: 0.01579  em_rec_loss: 0.02641  pred_loss: 0.21429
[2026-07-01 20:29:55,279][root][INFO] - Epoch: 300  val_diff_loss: 0.65944  au_rec_loss: 0.04981  va_rec_loss: 0.03037  em_rec_loss: 0.03769  pred_loss: 0.23782
[2026-07-01 20:30:58,551][root][INFO] - Epoch: 301  train_diff_loss: 0.47866  au_rec_loss: 0.03404  va_rec_loss: 0.01530  em_rec_loss: 0.02616  pred_loss: 0.21241
[2026-07-01 20:31:55,551][root][INFO] - Epoch: 302  train_diff_loss: 0.47136  au_rec_loss: 0.03444  va_rec_loss: 0.01559  em_rec_loss: 0.02621  pred_loss: 0.20237
[2026-07-01 20:32:52,739][root][INFO] - Epoch: 303  train_diff_loss: 0.47550  au_rec_loss: 0.03447  va_rec_loss: 0.01566  em_rec_loss: 0.02598  pred_loss: 0.20821
[2026-07-01 20:33:49,466][root][INFO] - Epoch: 304  train_diff_loss: 0.47582  au_rec_loss: 0.03401  va_rec_loss: 0.01509  em_rec_loss: 0.02563  pred_loss: 0.21292
[2026-07-01 20:34:46,597][root][INFO] - Epoch: 305  train_diff_loss: 0.47491  au_rec_loss: 0.03541  va_rec_loss: 0.01497  em_rec_loss: 0.02641  pred_loss: 0.20778
[2026-07-01 20:35:43,572][root][INFO] - Epoch: 306  train_diff_loss: 0.47150  au_rec_loss: 0.03515  va_rec_loss: 0.01514  em_rec_loss: 0.02631  pred_loss: 0.20420
[2026-07-01 20:36:40,068][root][INFO] - Epoch: 307  train_diff_loss: 0.47707  au_rec_loss: 0.03445  va_rec_loss: 0.01502  em_rec_loss: 0.02609  pred_loss: 0.21178
[2026-07-01 20:37:36,644][root][INFO] - Epoch: 308  train_diff_loss: 0.47291  au_rec_loss: 0.03479  va_rec_loss: 0.01496  em_rec_loss: 0.02640  pred_loss: 0.20669
[2026-07-01 20:38:33,702][root][INFO] - Epoch: 309  train_diff_loss: 0.47692  au_rec_loss: 0.03393  va_rec_loss: 0.01519  em_rec_loss: 0.02577  pred_loss: 0.21357
[2026-07-01 20:39:30,623][root][INFO] - Epoch: 310  train_diff_loss: 0.47394  au_rec_loss: 0.03411  va_rec_loss: 0.01520  em_rec_loss: 0.02589  pred_loss: 0.20967
[2026-07-01 20:39:37,893][root][INFO] - Epoch: 310  val_diff_loss: 0.64948  au_rec_loss: 0.04902  va_rec_loss: 0.02984  em_rec_loss: 0.03772  pred_loss: 0.23163
[2026-07-01 20:40:41,166][root][INFO] - Epoch: 311  train_diff_loss: 0.47560  au_rec_loss: 0.03445  va_rec_loss: 0.01580  em_rec_loss: 0.02648  pred_loss: 0.20451
[2026-07-01 20:41:37,812][root][INFO] - Epoch: 312  train_diff_loss: 0.46919  au_rec_loss: 0.03418  va_rec_loss: 0.01512  em_rec_loss: 0.02623  pred_loss: 0.20330
[2026-07-01 20:42:34,400][root][INFO] - Epoch: 313  train_diff_loss: 0.47361  au_rec_loss: 0.03335  va_rec_loss: 0.01488  em_rec_loss: 0.02549  pred_loss: 0.21306
[2026-07-01 20:43:30,992][root][INFO] - Epoch: 314  train_diff_loss: 0.47091  au_rec_loss: 0.03445  va_rec_loss: 0.01549  em_rec_loss: 0.02620  pred_loss: 0.20323
[2026-07-01 20:44:28,156][root][INFO] - Epoch: 315  train_diff_loss: 0.46767  au_rec_loss: 0.03336  va_rec_loss: 0.01473  em_rec_loss: 0.02536  pred_loss: 0.20914
[2026-07-01 20:45:24,714][root][INFO] - Epoch: 316  train_diff_loss: 0.47503  au_rec_loss: 0.03458  va_rec_loss: 0.01519  em_rec_loss: 0.02581  pred_loss: 0.21109
[2026-07-01 20:46:21,270][root][INFO] - Epoch: 317  train_diff_loss: 0.48044  au_rec_loss: 0.03468  va_rec_loss: 0.01546  em_rec_loss: 0.02633  pred_loss: 0.21142
[2026-07-01 20:47:17,844][root][INFO] - Epoch: 318  train_diff_loss: 0.47469  au_rec_loss: 0.03444  va_rec_loss: 0.01497  em_rec_loss: 0.02602  pred_loss: 0.21045
[2026-07-01 20:48:14,986][root][INFO] - Epoch: 319  train_diff_loss: 0.47155  au_rec_loss: 0.03445  va_rec_loss: 0.01538  em_rec_loss: 0.02584  pred_loss: 0.20602
[2026-07-01 20:49:12,241][root][INFO] - Epoch: 320  train_diff_loss: 0.47759  au_rec_loss: 0.03410  va_rec_loss: 0.01537  em_rec_loss: 0.02583  pred_loss: 0.21283
[2026-07-01 20:49:19,345][root][INFO] - Epoch: 320  val_diff_loss: 0.65507  au_rec_loss: 0.05047  va_rec_loss: 0.02980  em_rec_loss: 0.03812  pred_loss: 0.23405
[2026-07-01 20:50:22,158][root][INFO] - Epoch: 321  train_diff_loss: 0.46670  au_rec_loss: 0.03394  va_rec_loss: 0.01479  em_rec_loss: 0.02567  pred_loss: 0.20588
[2026-07-01 20:51:19,267][root][INFO] - Epoch: 322  train_diff_loss: 0.47799  au_rec_loss: 0.03462  va_rec_loss: 0.01517  em_rec_loss: 0.02599  pred_loss: 0.21322
[2026-07-01 20:52:16,340][root][INFO] - Epoch: 323  train_diff_loss: 0.47225  au_rec_loss: 0.03458  va_rec_loss: 0.01526  em_rec_loss: 0.02604  pred_loss: 0.20644
[2026-07-01 20:53:13,481][root][INFO] - Epoch: 324  train_diff_loss: 0.47201  au_rec_loss: 0.03413  va_rec_loss: 0.01472  em_rec_loss: 0.02569  pred_loss: 0.21114
[2026-07-01 20:54:10,499][root][INFO] - Epoch: 325  train_diff_loss: 0.46833  au_rec_loss: 0.03439  va_rec_loss: 0.01500  em_rec_loss: 0.02588  pred_loss: 0.20481
[2026-07-01 20:55:07,731][root][INFO] - Epoch: 326  train_diff_loss: 0.47158  au_rec_loss: 0.03391  va_rec_loss: 0.01471  em_rec_loss: 0.02585  pred_loss: 0.21047
[2026-07-01 20:56:04,502][root][INFO] - Epoch: 327  train_diff_loss: 0.46510  au_rec_loss: 0.03348  va_rec_loss: 0.01471  em_rec_loss: 0.02576  pred_loss: 0.20444
[2026-07-01 20:57:01,043][root][INFO] - Epoch: 328  train_diff_loss: 0.47113  au_rec_loss: 0.03449  va_rec_loss: 0.01472  em_rec_loss: 0.02617  pred_loss: 0.20792
[2026-07-01 20:57:58,164][root][INFO] - Epoch: 329  train_diff_loss: 0.47333  au_rec_loss: 0.03434  va_rec_loss: 0.01538  em_rec_loss: 0.02593  pred_loss: 0.20782
[2026-07-01 20:58:55,032][root][INFO] - Epoch: 330  train_diff_loss: 0.46534  au_rec_loss: 0.03325  va_rec_loss: 0.01486  em_rec_loss: 0.02540  pred_loss: 0.20584
[2026-07-01 20:59:02,460][root][INFO] - Epoch: 330  val_diff_loss: 0.64844  au_rec_loss: 0.04834  va_rec_loss: 0.02912  em_rec_loss: 0.03813  pred_loss: 0.23218
[2026-07-01 21:00:05,294][root][INFO] - Epoch: 331  train_diff_loss: 0.47666  au_rec_loss: 0.03426  va_rec_loss: 0.01500  em_rec_loss: 0.02550  pred_loss: 0.21512
[2026-07-01 21:01:02,252][root][INFO] - Epoch: 332  train_diff_loss: 0.47621  au_rec_loss: 0.03459  va_rec_loss: 0.01475  em_rec_loss: 0.02557  pred_loss: 0.21548
[2026-07-01 21:01:59,295][root][INFO] - Epoch: 333  train_diff_loss: 0.47389  au_rec_loss: 0.03440  va_rec_loss: 0.01510  em_rec_loss: 0.02613  pred_loss: 0.20848
[2026-07-01 21:02:55,950][root][INFO] - Epoch: 334  train_diff_loss: 0.47086  au_rec_loss: 0.03470  va_rec_loss: 0.01462  em_rec_loss: 0.02564  pred_loss: 0.20990
[2026-07-01 21:03:52,490][root][INFO] - Epoch: 335  train_diff_loss: 0.46909  au_rec_loss: 0.03356  va_rec_loss: 0.01445  em_rec_loss: 0.02525  pred_loss: 0.21271
[2026-07-01 21:04:49,657][root][INFO] - Epoch: 336  train_diff_loss: 0.47439  au_rec_loss: 0.03407  va_rec_loss: 0.01510  em_rec_loss: 0.02591  pred_loss: 0.21071
[2026-07-01 21:05:46,682][root][INFO] - Epoch: 337  train_diff_loss: 0.46676  au_rec_loss: 0.03396  va_rec_loss: 0.01466  em_rec_loss: 0.02584  pred_loss: 0.20535
[2026-07-01 21:06:43,662][root][INFO] - Epoch: 338  train_diff_loss: 0.47188  au_rec_loss: 0.03344  va_rec_loss: 0.01480  em_rec_loss: 0.02563  pred_loss: 0.21169
[2026-07-01 21:07:40,178][root][INFO] - Epoch: 339  train_diff_loss: 0.47475  au_rec_loss: 0.03383  va_rec_loss: 0.01509  em_rec_loss: 0.02608  pred_loss: 0.21022
[2026-07-01 21:08:36,781][root][INFO] - Epoch: 340  train_diff_loss: 0.46358  au_rec_loss: 0.03346  va_rec_loss: 0.01492  em_rec_loss: 0.02542  pred_loss: 0.20348
[2026-07-01 21:08:43,867][root][INFO] - Epoch: 340  val_diff_loss: 0.66467  au_rec_loss: 0.05070  va_rec_loss: 0.03128  em_rec_loss: 0.03892  pred_loss: 0.23191
[2026-07-01 21:09:47,010][root][INFO] - Epoch: 341  train_diff_loss: 0.47124  au_rec_loss: 0.03351  va_rec_loss: 0.01503  em_rec_loss: 0.02571  pred_loss: 0.20932
[2026-07-01 21:10:43,993][root][INFO] - Epoch: 342  train_diff_loss: 0.47264  au_rec_loss: 0.03422  va_rec_loss: 0.01483  em_rec_loss: 0.02574  pred_loss: 0.21069
[2026-07-01 21:11:40,940][root][INFO] - Epoch: 343  train_diff_loss: 0.47554  au_rec_loss: 0.03427  va_rec_loss: 0.01499  em_rec_loss: 0.02575  pred_loss: 0.21322
[2026-07-01 21:12:38,065][root][INFO] - Epoch: 344  train_diff_loss: 0.46837  au_rec_loss: 0.03428  va_rec_loss: 0.01470  em_rec_loss: 0.02586  pred_loss: 0.20665
[2026-07-01 21:13:34,699][root][INFO] - Epoch: 345  train_diff_loss: 0.46863  au_rec_loss: 0.03354  va_rec_loss: 0.01502  em_rec_loss: 0.02524  pred_loss: 0.20894
[2026-07-01 21:14:31,255][root][INFO] - Epoch: 346  train_diff_loss: 0.47162  au_rec_loss: 0.03389  va_rec_loss: 0.01473  em_rec_loss: 0.02561  pred_loss: 0.21139
[2026-07-01 21:15:27,858][root][INFO] - Epoch: 347  train_diff_loss: 0.46985  au_rec_loss: 0.03407  va_rec_loss: 0.01446  em_rec_loss: 0.02550  pred_loss: 0.21081
[2026-07-01 21:16:24,745][root][INFO] - Epoch: 348  train_diff_loss: 0.46802  au_rec_loss: 0.03379  va_rec_loss: 0.01424  em_rec_loss: 0.02530  pred_loss: 0.21199
[2026-07-01 21:17:21,696][root][INFO] - Epoch: 349  train_diff_loss: 0.47045  au_rec_loss: 0.03370  va_rec_loss: 0.01422  em_rec_loss: 0.02533  pred_loss: 0.21408
[2026-07-01 21:18:18,897][root][INFO] - Epoch: 350  train_diff_loss: 0.46275  au_rec_loss: 0.03344  va_rec_loss: 0.01458  em_rec_loss: 0.02526  pred_loss: 0.20541
[2026-07-01 21:18:26,123][root][INFO] - Epoch: 350  val_diff_loss: 0.63840  au_rec_loss: 0.04935  va_rec_loss: 0.02844  em_rec_loss: 0.03724  pred_loss: 0.22920
[2026-07-01 21:19:29,409][root][INFO] - Epoch: 351  train_diff_loss: 0.46634  au_rec_loss: 0.03356  va_rec_loss: 0.01438  em_rec_loss: 0.02547  pred_loss: 0.20962
[2026-07-01 21:20:26,447][root][INFO] - Epoch: 352  train_diff_loss: 0.46180  au_rec_loss: 0.03307  va_rec_loss: 0.01432  em_rec_loss: 0.02559  pred_loss: 0.20462
[2026-07-01 21:21:23,233][root][INFO] - Epoch: 353  train_diff_loss: 0.45919  au_rec_loss: 0.03211  va_rec_loss: 0.01404  em_rec_loss: 0.02489  pred_loss: 0.20749
[2026-07-01 21:22:20,033][root][INFO] - Epoch: 354  train_diff_loss: 0.46144  au_rec_loss: 0.03348  va_rec_loss: 0.01428  em_rec_loss: 0.02541  pred_loss: 0.20500
[2026-07-01 21:23:16,588][root][INFO] - Epoch: 355  train_diff_loss: 0.47098  au_rec_loss: 0.03323  va_rec_loss: 0.01460  em_rec_loss: 0.02516  pred_loss: 0.21427
[2026-07-01 21:24:13,385][root][INFO] - Epoch: 356  train_diff_loss: 0.46608  au_rec_loss: 0.03317  va_rec_loss: 0.01473  em_rec_loss: 0.02506  pred_loss: 0.20959
[2026-07-01 21:25:10,531][root][INFO] - Epoch: 357  train_diff_loss: 0.45891  au_rec_loss: 0.03340  va_rec_loss: 0.01456  em_rec_loss: 0.02499  pred_loss: 0.20318
[2026-07-01 21:26:07,630][root][INFO] - Epoch: 358  train_diff_loss: 0.46473  au_rec_loss: 0.03339  va_rec_loss: 0.01426  em_rec_loss: 0.02532  pred_loss: 0.20919
[2026-07-01 21:27:04,755][root][INFO] - Epoch: 359  train_diff_loss: 0.46782  au_rec_loss: 0.03356  va_rec_loss: 0.01456  em_rec_loss: 0.02536  pred_loss: 0.21041
[2026-07-01 21:28:01,727][root][INFO] - Epoch: 360  train_diff_loss: 0.46794  au_rec_loss: 0.03374  va_rec_loss: 0.01462  em_rec_loss: 0.02569  pred_loss: 0.20795
[2026-07-01 21:28:08,956][root][INFO] - Epoch: 360  val_diff_loss: 0.65235  au_rec_loss: 0.05069  va_rec_loss: 0.02951  em_rec_loss: 0.03829  pred_loss: 0.23112
[2026-07-01 21:29:12,387][root][INFO] - Epoch: 361  train_diff_loss: 0.46244  au_rec_loss: 0.03442  va_rec_loss: 0.01412  em_rec_loss: 0.02510  pred_loss: 0.20706
[2026-07-01 21:30:09,310][root][INFO] - Epoch: 362  train_diff_loss: 0.45859  au_rec_loss: 0.03321  va_rec_loss: 0.01452  em_rec_loss: 0.02514  pred_loss: 0.20274
[2026-07-01 21:31:06,363][root][INFO] - Epoch: 363  train_diff_loss: 0.45663  au_rec_loss: 0.03276  va_rec_loss: 0.01429  em_rec_loss: 0.02496  pred_loss: 0.20286
[2026-07-01 21:32:03,321][root][INFO] - Epoch: 364  train_diff_loss: 0.46652  au_rec_loss: 0.03370  va_rec_loss: 0.01428  em_rec_loss: 0.02522  pred_loss: 0.21097
[2026-07-01 21:32:59,946][root][INFO] - Epoch: 365  train_diff_loss: 0.46444  au_rec_loss: 0.03343  va_rec_loss: 0.01401  em_rec_loss: 0.02534  pred_loss: 0.20951
[2026-07-01 21:33:56,602][root][INFO] - Epoch: 366  train_diff_loss: 0.46174  au_rec_loss: 0.03291  va_rec_loss: 0.01417  em_rec_loss: 0.02536  pred_loss: 0.20650
[2026-07-01 21:34:53,390][root][INFO] - Epoch: 367  train_diff_loss: 0.47378  au_rec_loss: 0.03355  va_rec_loss: 0.01512  em_rec_loss: 0.02528  pred_loss: 0.21368
[2026-07-01 21:35:49,918][root][INFO] - Epoch: 368  train_diff_loss: 0.46737  au_rec_loss: 0.03302  va_rec_loss: 0.01393  em_rec_loss: 0.02488  pred_loss: 0.21535
[2026-07-01 21:36:46,490][root][INFO] - Epoch: 369  train_diff_loss: 0.45997  au_rec_loss: 0.03287  va_rec_loss: 0.01417  em_rec_loss: 0.02508  pred_loss: 0.20593
[2026-07-01 21:37:43,402][root][INFO] - Epoch: 370  train_diff_loss: 0.46467  au_rec_loss: 0.03270  va_rec_loss: 0.01439  em_rec_loss: 0.02501  pred_loss: 0.21079
[2026-07-01 21:37:50,598][root][INFO] - Epoch: 370  val_diff_loss: 0.64797  au_rec_loss: 0.04944  va_rec_loss: 0.03025  em_rec_loss: 0.03799  pred_loss: 0.22608
[2026-07-01 21:38:54,020][root][INFO] - Epoch: 371  train_diff_loss: 0.47074  au_rec_loss: 0.03455  va_rec_loss: 0.01464  em_rec_loss: 0.02557  pred_loss: 0.21062
[2026-07-01 21:39:50,707][root][INFO] - Epoch: 372  train_diff_loss: 0.46681  au_rec_loss: 0.03325  va_rec_loss: 0.01449  em_rec_loss: 0.02526  pred_loss: 0.21023
[2026-07-01 21:40:47,327][root][INFO] - Epoch: 373  train_diff_loss: 0.47247  au_rec_loss: 0.03416  va_rec_loss: 0.01475  em_rec_loss: 0.02554  pred_loss: 0.21198
[2026-07-01 21:41:43,940][root][INFO] - Epoch: 374  train_diff_loss: 0.46558  au_rec_loss: 0.03377  va_rec_loss: 0.01430  em_rec_loss: 0.02549  pred_loss: 0.20857
[2026-07-01 21:42:40,489][root][INFO] - Epoch: 375  train_diff_loss: 0.46574  au_rec_loss: 0.03354  va_rec_loss: 0.01406  em_rec_loss: 0.02492  pred_loss: 0.21272
[2026-07-01 21:43:37,087][root][INFO] - Epoch: 376  train_diff_loss: 0.46067  au_rec_loss: 0.03313  va_rec_loss: 0.01419  em_rec_loss: 0.02492  pred_loss: 0.20744
[2026-07-01 21:44:33,606][root][INFO] - Epoch: 377  train_diff_loss: 0.45830  au_rec_loss: 0.03256  va_rec_loss: 0.01437  em_rec_loss: 0.02488  pred_loss: 0.20495
[2026-07-01 21:45:30,117][root][INFO] - Epoch: 378  train_diff_loss: 0.45547  au_rec_loss: 0.03259  va_rec_loss: 0.01359  em_rec_loss: 0.02476  pred_loss: 0.20638
[2026-07-01 21:46:27,156][root][INFO] - Epoch: 379  train_diff_loss: 0.46542  au_rec_loss: 0.03383  va_rec_loss: 0.01438  em_rec_loss: 0.02552  pred_loss: 0.20705
[2026-07-01 21:47:23,741][root][INFO] - Epoch: 380  train_diff_loss: 0.46029  au_rec_loss: 0.03243  va_rec_loss: 0.01398  em_rec_loss: 0.02476  pred_loss: 0.21012
[2026-07-01 21:47:30,946][root][INFO] - Epoch: 380  val_diff_loss: 0.66423  au_rec_loss: 0.05174  va_rec_loss: 0.03237  em_rec_loss: 0.03925  pred_loss: 0.22278
[2026-07-01 21:48:34,127][root][INFO] - Epoch: 381  train_diff_loss: 0.45882  au_rec_loss: 0.03236  va_rec_loss: 0.01417  em_rec_loss: 0.02473  pred_loss: 0.20757
[2026-07-01 21:49:31,293][root][INFO] - Epoch: 382  train_diff_loss: 0.46546  au_rec_loss: 0.03342  va_rec_loss: 0.01406  em_rec_loss: 0.02518  pred_loss: 0.21093
[2026-07-01 21:50:28,197][root][INFO] - Epoch: 383  train_diff_loss: 0.45998  au_rec_loss: 0.03286  va_rec_loss: 0.01392  em_rec_loss: 0.02511  pred_loss: 0.20701
[2026-07-01 21:51:25,007][root][INFO] - Epoch: 384  train_diff_loss: 0.45491  au_rec_loss: 0.03267  va_rec_loss: 0.01445  em_rec_loss: 0.02513  pred_loss: 0.19955
[2026-07-01 21:52:21,557][root][INFO] - Epoch: 385  train_diff_loss: 0.46433  au_rec_loss: 0.03308  va_rec_loss: 0.01453  em_rec_loss: 0.02501  pred_loss: 0.20889
[2026-07-01 21:53:18,571][root][INFO] - Epoch: 386  train_diff_loss: 0.46242  au_rec_loss: 0.03260  va_rec_loss: 0.01400  em_rec_loss: 0.02534  pred_loss: 0.20857
[2026-07-01 21:54:15,286][root][INFO] - Epoch: 387  train_diff_loss: 0.46678  au_rec_loss: 0.03302  va_rec_loss: 0.01460  em_rec_loss: 0.02506  pred_loss: 0.21028
[2026-07-01 21:55:11,964][root][INFO] - Epoch: 388  train_diff_loss: 0.46382  au_rec_loss: 0.03359  va_rec_loss: 0.01415  em_rec_loss: 0.02543  pred_loss: 0.20802
[2026-07-01 21:56:08,497][root][INFO] - Epoch: 389  train_diff_loss: 0.46502  au_rec_loss: 0.03272  va_rec_loss: 0.01441  em_rec_loss: 0.02519  pred_loss: 0.20921
[2026-07-01 21:57:05,167][root][INFO] - Epoch: 390  train_diff_loss: 0.46517  au_rec_loss: 0.03248  va_rec_loss: 0.01408  em_rec_loss: 0.02457  pred_loss: 0.21504
[2026-07-01 21:57:12,547][root][INFO] - Epoch: 390  val_diff_loss: 0.64667  au_rec_loss: 0.05041  va_rec_loss: 0.03078  em_rec_loss: 0.03870  pred_loss: 0.21696
[2026-07-01 21:58:15,591][root][INFO] - Epoch: 391  train_diff_loss: 0.46609  au_rec_loss: 0.03287  va_rec_loss: 0.01423  em_rec_loss: 0.02492  pred_loss: 0.21273
[2026-07-01 21:59:12,917][root][INFO] - Epoch: 392  train_diff_loss: 0.46095  au_rec_loss: 0.03280  va_rec_loss: 0.01406  em_rec_loss: 0.02480  pred_loss: 0.20914
[2026-07-01 22:00:10,027][root][INFO] - Epoch: 393  train_diff_loss: 0.46629  au_rec_loss: 0.03315  va_rec_loss: 0.01449  em_rec_loss: 0.02527  pred_loss: 0.20991
[2026-07-01 22:01:06,651][root][INFO] - Epoch: 394  train_diff_loss: 0.46370  au_rec_loss: 0.03333  va_rec_loss: 0.01415  em_rec_loss: 0.02504  pred_loss: 0.20998
[2026-07-01 22:02:03,212][root][INFO] - Epoch: 395  train_diff_loss: 0.46710  au_rec_loss: 0.03402  va_rec_loss: 0.01416  em_rec_loss: 0.02548  pred_loss: 0.21022
[2026-07-01 22:03:00,476][root][INFO] - Epoch: 396  train_diff_loss: 0.46229  au_rec_loss: 0.03282  va_rec_loss: 0.01376  em_rec_loss: 0.02497  pred_loss: 0.21155
[2026-07-01 22:03:57,065][root][INFO] - Epoch: 397  train_diff_loss: 0.46668  au_rec_loss: 0.03348  va_rec_loss: 0.01434  em_rec_loss: 0.02518  pred_loss: 0.21103
[2026-07-01 22:04:54,118][root][INFO] - Epoch: 398  train_diff_loss: 0.46096  au_rec_loss: 0.03191  va_rec_loss: 0.01443  em_rec_loss: 0.02480  pred_loss: 0.20845
[2026-07-01 22:05:51,092][root][INFO] - Epoch: 399  train_diff_loss: 0.46647  au_rec_loss: 0.03326  va_rec_loss: 0.01445  em_rec_loss: 0.02505  pred_loss: 0.21086
[2026-07-01 22:06:47,660][root][INFO] - Epoch: 400  train_diff_loss: 0.46333  au_rec_loss: 0.03336  va_rec_loss: 0.01415  em_rec_loss: 0.02512  pred_loss: 0.20899
[2026-07-01 22:06:54,937][root][INFO] - Epoch: 400  val_diff_loss: 0.65659  au_rec_loss: 0.05034  va_rec_loss: 0.03054  em_rec_loss: 0.03786  pred_loss: 0.23290
[2026-07-01 22:07:57,626][root][INFO] - Epoch: 401  train_diff_loss: 0.46320  au_rec_loss: 0.03271  va_rec_loss: 0.01452  em_rec_loss: 0.02477  pred_loss: 0.20950
[2026-07-01 22:08:54,738][root][INFO] - Epoch: 402  train_diff_loss: 0.45701  au_rec_loss: 0.03301  va_rec_loss: 0.01380  em_rec_loss: 0.02509  pred_loss: 0.20507
[2026-07-01 22:09:51,649][root][INFO] - Epoch: 403  train_diff_loss: 0.45927  au_rec_loss: 0.03282  va_rec_loss: 0.01383  em_rec_loss: 0.02487  pred_loss: 0.20818
[2026-07-01 22:10:48,222][root][INFO] - Epoch: 404  train_diff_loss: 0.44962  au_rec_loss: 0.03246  va_rec_loss: 0.01356  em_rec_loss: 0.02462  pred_loss: 0.20148
[2026-07-01 22:11:44,910][root][INFO] - Epoch: 405  train_diff_loss: 0.45920  au_rec_loss: 0.03342  va_rec_loss: 0.01395  em_rec_loss: 0.02487  pred_loss: 0.20754
[2026-07-01 22:12:41,518][root][INFO] - Epoch: 406  train_diff_loss: 0.46727  au_rec_loss: 0.03295  va_rec_loss: 0.01415  em_rec_loss: 0.02490  pred_loss: 0.21417
[2026-07-01 22:13:38,604][root][INFO] - Epoch: 407  train_diff_loss: 0.45904  au_rec_loss: 0.03267  va_rec_loss: 0.01413  em_rec_loss: 0.02478  pred_loss: 0.20765
[2026-07-01 22:14:35,162][root][INFO] - Epoch: 408  train_diff_loss: 0.46772  au_rec_loss: 0.03245  va_rec_loss: 0.01403  em_rec_loss: 0.02446  pred_loss: 0.21877
[2026-07-01 22:15:31,784][root][INFO] - Epoch: 409  train_diff_loss: 0.45526  au_rec_loss: 0.03295  va_rec_loss: 0.01410  em_rec_loss: 0.02488  pred_loss: 0.20275
[2026-07-01 22:16:28,364][root][INFO] - Epoch: 410  train_diff_loss: 0.46384  au_rec_loss: 0.03357  va_rec_loss: 0.01390  em_rec_loss: 0.02479  pred_loss: 0.21248
[2026-07-01 22:16:35,691][root][INFO] - Epoch: 410  val_diff_loss: 0.64719  au_rec_loss: 0.05003  va_rec_loss: 0.02965  em_rec_loss: 0.03813  pred_loss: 0.22709
[2026-07-01 22:17:38,641][root][INFO] - Epoch: 411  train_diff_loss: 0.46800  au_rec_loss: 0.03353  va_rec_loss: 0.01438  em_rec_loss: 0.02524  pred_loss: 0.21204
[2026-07-01 22:18:35,890][root][INFO] - Epoch: 412  train_diff_loss: 0.45850  au_rec_loss: 0.03222  va_rec_loss: 0.01415  em_rec_loss: 0.02497  pred_loss: 0.20643
[2026-07-01 22:19:32,620][root][INFO] - Epoch: 413  train_diff_loss: 0.46197  au_rec_loss: 0.03241  va_rec_loss: 0.01414  em_rec_loss: 0.02479  pred_loss: 0.20996
[2026-07-01 22:20:29,507][root][INFO] - Epoch: 414  train_diff_loss: 0.46027  au_rec_loss: 0.03448  va_rec_loss: 0.01423  em_rec_loss: 0.02521  pred_loss: 0.20421
[2026-07-01 22:21:26,099][root][INFO] - Epoch: 415  train_diff_loss: 0.45885  au_rec_loss: 0.03219  va_rec_loss: 0.01409  em_rec_loss: 0.02437  pred_loss: 0.21009
[2026-07-01 22:22:22,684][root][INFO] - Epoch: 416  train_diff_loss: 0.45684  au_rec_loss: 0.03307  va_rec_loss: 0.01416  em_rec_loss: 0.02511  pred_loss: 0.20297
[2026-07-01 22:23:19,855][root][INFO] - Epoch: 417  train_diff_loss: 0.45796  au_rec_loss: 0.03226  va_rec_loss: 0.01396  em_rec_loss: 0.02468  pred_loss: 0.20821
[2026-07-01 22:24:16,435][root][INFO] - Epoch: 418  train_diff_loss: 0.45727  au_rec_loss: 0.03317  va_rec_loss: 0.01385  em_rec_loss: 0.02493  pred_loss: 0.20520
[2026-07-01 22:25:13,446][root][INFO] - Epoch: 419  train_diff_loss: 0.45784  au_rec_loss: 0.03268  va_rec_loss: 0.01398  em_rec_loss: 0.02473  pred_loss: 0.20679
[2026-07-01 22:26:10,092][root][INFO] - Epoch: 420  train_diff_loss: 0.46065  au_rec_loss: 0.03245  va_rec_loss: 0.01380  em_rec_loss: 0.02483  pred_loss: 0.20992
[2026-07-01 22:26:17,318][root][INFO] - Epoch: 420  val_diff_loss: 0.64162  au_rec_loss: 0.04930  va_rec_loss: 0.02956  em_rec_loss: 0.03760  pred_loss: 0.22547
[2026-07-01 22:27:20,534][root][INFO] - Epoch: 421  train_diff_loss: 0.46090  au_rec_loss: 0.03306  va_rec_loss: 0.01416  em_rec_loss: 0.02505  pred_loss: 0.20794
[2026-07-01 22:28:17,293][root][INFO] - Epoch: 422  train_diff_loss: 0.45917  au_rec_loss: 0.03209  va_rec_loss: 0.01414  em_rec_loss: 0.02452  pred_loss: 0.20896
[2026-07-01 22:29:13,830][root][INFO] - Epoch: 423  train_diff_loss: 0.46444  au_rec_loss: 0.03375  va_rec_loss: 0.01411  em_rec_loss: 0.02523  pred_loss: 0.20964
[2026-07-01 22:30:11,003][root][INFO] - Epoch: 424  train_diff_loss: 0.46210  au_rec_loss: 0.03287  va_rec_loss: 0.01426  em_rec_loss: 0.02463  pred_loss: 0.21015
[2026-07-01 22:31:07,586][root][INFO] - Epoch: 425  train_diff_loss: 0.46559  au_rec_loss: 0.03410  va_rec_loss: 0.01416  em_rec_loss: 0.02535  pred_loss: 0.20931
[2026-07-01 22:32:04,192][root][INFO] - Epoch: 426  train_diff_loss: 0.46635  au_rec_loss: 0.03256  va_rec_loss: 0.01433  em_rec_loss: 0.02490  pred_loss: 0.21327
[2026-07-01 22:33:00,804][root][INFO] - Epoch: 427  train_diff_loss: 0.46925  au_rec_loss: 0.03324  va_rec_loss: 0.01429  em_rec_loss: 0.02503  pred_loss: 0.21402
[2026-07-01 22:33:57,575][root][INFO] - Epoch: 428  train_diff_loss: 0.46426  au_rec_loss: 0.03307  va_rec_loss: 0.01393  em_rec_loss: 0.02489  pred_loss: 0.21242
[2026-07-01 22:34:54,078][root][INFO] - Epoch: 429  train_diff_loss: 0.45604  au_rec_loss: 0.03301  va_rec_loss: 0.01382  em_rec_loss: 0.02484  pred_loss: 0.20540
[2026-07-01 22:35:51,314][root][INFO] - Epoch: 430  train_diff_loss: 0.45918  au_rec_loss: 0.03311  va_rec_loss: 0.01400  em_rec_loss: 0.02506  pred_loss: 0.20639
[2026-07-01 22:35:58,655][root][INFO] - Epoch: 430  val_diff_loss: 0.66234  au_rec_loss: 0.05071  va_rec_loss: 0.03141  em_rec_loss: 0.03863  pred_loss: 0.23000
[2026-07-01 22:37:01,955][root][INFO] - Epoch: 431  train_diff_loss: 0.45928  au_rec_loss: 0.03259  va_rec_loss: 0.01374  em_rec_loss: 0.02479  pred_loss: 0.20963
[2026-07-01 22:38:00,265][root][INFO] - Epoch: 432  train_diff_loss: 0.46494  au_rec_loss: 0.03409  va_rec_loss: 0.01423  em_rec_loss: 0.02557  pred_loss: 0.20735
[2026-07-01 22:38:57,211][root][INFO] - Epoch: 433  train_diff_loss: 0.46215  au_rec_loss: 0.03283  va_rec_loss: 0.01394  em_rec_loss: 0.02504  pred_loss: 0.20999
[2026-07-01 22:39:54,287][root][INFO] - Epoch: 434  train_diff_loss: 0.45848  au_rec_loss: 0.03214  va_rec_loss: 0.01391  em_rec_loss: 0.02478  pred_loss: 0.20794
[2026-07-01 22:40:51,079][root][INFO] - Epoch: 435  train_diff_loss: 0.46046  au_rec_loss: 0.03318  va_rec_loss: 0.01418  em_rec_loss: 0.02497  pred_loss: 0.20674
[2026-07-01 22:41:47,813][root][INFO] - Epoch: 436  train_diff_loss: 0.46379  au_rec_loss: 0.03297  va_rec_loss: 0.01417  em_rec_loss: 0.02474  pred_loss: 0.21114
[2026-07-01 22:42:44,534][root][INFO] - Epoch: 437  train_diff_loss: 0.46266  au_rec_loss: 0.03335  va_rec_loss: 0.01410  em_rec_loss: 0.02508  pred_loss: 0.20881
[2026-07-01 22:43:41,159][root][INFO] - Epoch: 438  train_diff_loss: 0.46231  au_rec_loss: 0.03322  va_rec_loss: 0.01359  em_rec_loss: 0.02486  pred_loss: 0.21200
[2026-07-01 22:44:38,105][root][INFO] - Epoch: 439  train_diff_loss: 0.46019  au_rec_loss: 0.03330  va_rec_loss: 0.01421  em_rec_loss: 0.02530  pred_loss: 0.20466
[2026-07-01 22:45:35,012][root][INFO] - Epoch: 440  train_diff_loss: 0.45796  au_rec_loss: 0.03372  va_rec_loss: 0.01400  em_rec_loss: 0.02493  pred_loss: 0.20550
[2026-07-01 22:45:42,265][root][INFO] - Epoch: 440  val_diff_loss: 0.64754  au_rec_loss: 0.05000  va_rec_loss: 0.02935  em_rec_loss: 0.03817  pred_loss: 0.22996
[2026-07-01 22:46:45,017][root][INFO] - Epoch: 441  train_diff_loss: 0.46162  au_rec_loss: 0.03350  va_rec_loss: 0.01426  em_rec_loss: 0.02499  pred_loss: 0.20719
[2026-07-01 22:47:48,207][root][INFO] - Epoch: 442  train_diff_loss: 0.45439  au_rec_loss: 0.03321  va_rec_loss: 0.01383  em_rec_loss: 0.02488  pred_loss: 0.20297
[2026-07-01 22:48:45,172][root][INFO] - Epoch: 443  train_diff_loss: 0.46006  au_rec_loss: 0.03280  va_rec_loss: 0.01416  em_rec_loss: 0.02518  pred_loss: 0.20607
[2026-07-01 22:49:41,786][root][INFO] - Epoch: 444  train_diff_loss: 0.46067  au_rec_loss: 0.03367  va_rec_loss: 0.01364  em_rec_loss: 0.02508  pred_loss: 0.20906
[2026-07-01 22:50:38,327][root][INFO] - Epoch: 445  train_diff_loss: 0.45683  au_rec_loss: 0.03352  va_rec_loss: 0.01374  em_rec_loss: 0.02526  pred_loss: 0.20386
[2026-07-01 22:51:35,300][root][INFO] - Epoch: 446  train_diff_loss: 0.46492  au_rec_loss: 0.03375  va_rec_loss: 0.01429  em_rec_loss: 0.02500  pred_loss: 0.21011
[2026-07-01 22:52:31,852][root][INFO] - Epoch: 447  train_diff_loss: 0.46297  au_rec_loss: 0.03263  va_rec_loss: 0.01384  em_rec_loss: 0.02479  pred_loss: 0.21225
[2026-07-01 22:53:28,459][root][INFO] - Epoch: 448  train_diff_loss: 0.46404  au_rec_loss: 0.03349  va_rec_loss: 0.01410  em_rec_loss: 0.02515  pred_loss: 0.20939
[2026-07-01 22:54:25,239][root][INFO] - Epoch: 449  train_diff_loss: 0.47002  au_rec_loss: 0.03216  va_rec_loss: 0.01392  em_rec_loss: 0.02464  pred_loss: 0.22067
[2026-07-01 22:55:22,415][root][INFO] - Epoch: 450  train_diff_loss: 0.45748  au_rec_loss: 0.03264  va_rec_loss: 0.01384  em_rec_loss: 0.02476  pred_loss: 0.20738
[2026-07-01 22:55:29,568][root][INFO] - Epoch: 450  val_diff_loss: 0.64853  au_rec_loss: 0.04924  va_rec_loss: 0.03113  em_rec_loss: 0.03792  pred_loss: 0.22224
[2026-07-01 22:56:32,473][root][INFO] - Epoch: 451  train_diff_loss: 0.46516  au_rec_loss: 0.03378  va_rec_loss: 0.01423  em_rec_loss: 0.02545  pred_loss: 0.20843
[2026-07-01 22:57:29,102][root][INFO] - Epoch: 452  train_diff_loss: 0.45428  au_rec_loss: 0.03193  va_rec_loss: 0.01373  em_rec_loss: 0.02457  pred_loss: 0.20683
[2026-07-01 22:58:25,893][root][INFO] - Epoch: 453  train_diff_loss: 0.45653  au_rec_loss: 0.03317  va_rec_loss: 0.01408  em_rec_loss: 0.02514  pred_loss: 0.20264
[2026-07-01 22:59:22,719][root][INFO] - Epoch: 454  train_diff_loss: 0.46156  au_rec_loss: 0.03412  va_rec_loss: 0.01383  em_rec_loss: 0.02543  pred_loss: 0.20657
[2026-07-01 23:00:19,423][root][INFO] - Epoch: 455  train_diff_loss: 0.46104  au_rec_loss: 0.03331  va_rec_loss: 0.01418  em_rec_loss: 0.02501  pred_loss: 0.20682
[2026-07-01 23:01:16,154][root][INFO] - Epoch: 456  train_diff_loss: 0.46486  au_rec_loss: 0.03256  va_rec_loss: 0.01437  em_rec_loss: 0.02499  pred_loss: 0.21059
[2026-07-01 23:02:12,636][root][INFO] - Epoch: 457  train_diff_loss: 0.46675  au_rec_loss: 0.03369  va_rec_loss: 0.01398  em_rec_loss: 0.02524  pred_loss: 0.21222
[2026-07-01 23:03:09,243][root][INFO] - Epoch: 458  train_diff_loss: 0.46339  au_rec_loss: 0.03206  va_rec_loss: 0.01424  em_rec_loss: 0.02481  pred_loss: 0.21145
[2026-07-01 23:04:05,830][root][INFO] - Epoch: 459  train_diff_loss: 0.46239  au_rec_loss: 0.03248  va_rec_loss: 0.01334  em_rec_loss: 0.02445  pred_loss: 0.21672
[2026-07-01 23:05:02,442][root][INFO] - Epoch: 460  train_diff_loss: 0.45995  au_rec_loss: 0.03311  va_rec_loss: 0.01356  em_rec_loss: 0.02462  pred_loss: 0.21130
[2026-07-01 23:05:09,791][root][INFO] - Epoch: 460  val_diff_loss: 0.65419  au_rec_loss: 0.04949  va_rec_loss: 0.03055  em_rec_loss: 0.03812  pred_loss: 0.22964
[2026-07-01 23:06:12,825][root][INFO] - Epoch: 461  train_diff_loss: 0.46805  au_rec_loss: 0.03273  va_rec_loss: 0.01415  em_rec_loss: 0.02516  pred_loss: 0.21418
[2026-07-01 23:07:09,421][root][INFO] - Epoch: 462  train_diff_loss: 0.45779  au_rec_loss: 0.03304  va_rec_loss: 0.01410  em_rec_loss: 0.02498  pred_loss: 0.20505
[2026-07-01 23:08:06,606][root][INFO] - Epoch: 463  train_diff_loss: 0.45685  au_rec_loss: 0.03290  va_rec_loss: 0.01444  em_rec_loss: 0.02505  pred_loss: 0.20148
[2026-07-01 23:09:03,115][root][INFO] - Epoch: 464  train_diff_loss: 0.46270  au_rec_loss: 0.03292  va_rec_loss: 0.01391  em_rec_loss: 0.02501  pred_loss: 0.21072
[2026-07-01 23:09:59,685][root][INFO] - Epoch: 465  train_diff_loss: 0.46576  au_rec_loss: 0.03317  va_rec_loss: 0.01377  em_rec_loss: 0.02489  pred_loss: 0.21476
[2026-07-01 23:10:56,624][root][INFO] - Epoch: 466  train_diff_loss: 0.46418  au_rec_loss: 0.03304  va_rec_loss: 0.01404  em_rec_loss: 0.02518  pred_loss: 0.21037
[2026-07-01 23:11:53,207][root][INFO] - Epoch: 467  train_diff_loss: 0.45988  au_rec_loss: 0.03357  va_rec_loss: 0.01397  em_rec_loss: 0.02499  pred_loss: 0.20688
[2026-07-01 23:12:49,785][root][INFO] - Epoch: 468  train_diff_loss: 0.45986  au_rec_loss: 0.03328  va_rec_loss: 0.01399  em_rec_loss: 0.02510  pred_loss: 0.20633
[2026-07-01 23:13:46,389][root][INFO] - Epoch: 469  train_diff_loss: 0.46516  au_rec_loss: 0.03230  va_rec_loss: 0.01420  em_rec_loss: 0.02493  pred_loss: 0.21228
[2026-07-01 23:14:43,025][root][INFO] - Epoch: 470  train_diff_loss: 0.46810  au_rec_loss: 0.03370  va_rec_loss: 0.01412  em_rec_loss: 0.02474  pred_loss: 0.21627
[2026-07-01 23:14:50,225][root][INFO] - Epoch: 470  val_diff_loss: 0.64840  au_rec_loss: 0.05103  va_rec_loss: 0.02965  em_rec_loss: 0.03821  pred_loss: 0.22665
[2026-07-01 23:15:53,040][root][INFO] - Epoch: 471  train_diff_loss: 0.46267  au_rec_loss: 0.03335  va_rec_loss: 0.01403  em_rec_loss: 0.02518  pred_loss: 0.20849
[2026-07-01 23:16:50,367][root][INFO] - Epoch: 472  train_diff_loss: 0.46158  au_rec_loss: 0.03343  va_rec_loss: 0.01408  em_rec_loss: 0.02514  pred_loss: 0.20712
[2026-07-01 23:17:46,957][root][INFO] - Epoch: 473  train_diff_loss: 0.46042  au_rec_loss: 0.03293  va_rec_loss: 0.01417  em_rec_loss: 0.02498  pred_loss: 0.20735
[2026-07-01 23:18:43,714][root][INFO] - Epoch: 474  train_diff_loss: 0.45747  au_rec_loss: 0.03308  va_rec_loss: 0.01394  em_rec_loss: 0.02479  pred_loss: 0.20631
[2026-07-01 23:19:40,696][root][INFO] - Epoch: 475  train_diff_loss: 0.45749  au_rec_loss: 0.03195  va_rec_loss: 0.01402  em_rec_loss: 0.02421  pred_loss: 0.20998
[2026-07-01 23:20:37,298][root][INFO] - Epoch: 476  train_diff_loss: 0.45826  au_rec_loss: 0.03276  va_rec_loss: 0.01381  em_rec_loss: 0.02449  pred_loss: 0.20960
[2026-07-01 23:21:34,304][root][INFO] - Epoch: 477  train_diff_loss: 0.45405  au_rec_loss: 0.03220  va_rec_loss: 0.01372  em_rec_loss: 0.02469  pred_loss: 0.20518
[2026-07-01 23:22:31,326][root][INFO] - Epoch: 478  train_diff_loss: 0.47193  au_rec_loss: 0.03288  va_rec_loss: 0.01435  em_rec_loss: 0.02538  pred_loss: 0.21573
[2026-07-01 23:23:28,016][root][INFO] - Epoch: 479  train_diff_loss: 0.46651  au_rec_loss: 0.03402  va_rec_loss: 0.01470  em_rec_loss: 0.02542  pred_loss: 0.20721
[2026-07-01 23:24:24,630][root][INFO] - Epoch: 480  train_diff_loss: 0.45971  au_rec_loss: 0.03322  va_rec_loss: 0.01415  em_rec_loss: 0.02509  pred_loss: 0.20554
[2026-07-01 23:24:32,029][root][INFO] - Epoch: 480  val_diff_loss: 0.66499  au_rec_loss: 0.05047  va_rec_loss: 0.03161  em_rec_loss: 0.03912  pred_loss: 0.22998
[2026-07-01 23:25:35,132][root][INFO] - Epoch: 481  train_diff_loss: 0.46521  au_rec_loss: 0.03254  va_rec_loss: 0.01399  em_rec_loss: 0.02492  pred_loss: 0.21340
[2026-07-01 23:26:31,711][root][INFO] - Epoch: 482  train_diff_loss: 0.46849  au_rec_loss: 0.03264  va_rec_loss: 0.01425  em_rec_loss: 0.02525  pred_loss: 0.21362
[2026-07-01 23:27:28,428][root][INFO] - Epoch: 483  train_diff_loss: 0.46064  au_rec_loss: 0.03230  va_rec_loss: 0.01365  em_rec_loss: 0.02473  pred_loss: 0.21196
[2026-07-01 23:28:25,306][root][INFO] - Epoch: 484  train_diff_loss: 0.46370  au_rec_loss: 0.03250  va_rec_loss: 0.01366  em_rec_loss: 0.02508  pred_loss: 0.21275
[2026-07-01 23:29:22,083][root][INFO] - Epoch: 485  train_diff_loss: 0.46243  au_rec_loss: 0.03284  va_rec_loss: 0.01414  em_rec_loss: 0.02510  pred_loss: 0.20887
[2026-07-01 23:30:18,727][root][INFO] - Epoch: 486  train_diff_loss: 0.46159  au_rec_loss: 0.03268  va_rec_loss: 0.01391  em_rec_loss: 0.02467  pred_loss: 0.21178
[2026-07-01 23:31:15,827][root][INFO] - Epoch: 487  train_diff_loss: 0.45904  au_rec_loss: 0.03204  va_rec_loss: 0.01420  em_rec_loss: 0.02486  pred_loss: 0.20695
[2026-07-01 23:32:12,372][root][INFO] - Epoch: 488  train_diff_loss: 0.46219  au_rec_loss: 0.03186  va_rec_loss: 0.01421  em_rec_loss: 0.02489  pred_loss: 0.21005
[2026-07-01 23:33:08,960][root][INFO] - Epoch: 489  train_diff_loss: 0.46045  au_rec_loss: 0.03288  va_rec_loss: 0.01371  em_rec_loss: 0.02464  pred_loss: 0.21137
[2026-07-01 23:34:05,840][root][INFO] - Epoch: 490  train_diff_loss: 0.46615  au_rec_loss: 0.03304  va_rec_loss: 0.01457  em_rec_loss: 0.02500  pred_loss: 0.21030
[2026-07-01 23:34:13,109][root][INFO] - Epoch: 490  val_diff_loss: 0.65489  au_rec_loss: 0.05079  va_rec_loss: 0.02943  em_rec_loss: 0.03866  pred_loss: 0.23229
[2026-07-01 23:35:16,305][root][INFO] - Epoch: 491  train_diff_loss: 0.45726  au_rec_loss: 0.03317  va_rec_loss: 0.01410  em_rec_loss: 0.02486  pred_loss: 0.20475
[2026-07-01 23:36:12,954][root][INFO] - Epoch: 492  train_diff_loss: 0.46189  au_rec_loss: 0.03401  va_rec_loss: 0.01422  em_rec_loss: 0.02508  pred_loss: 0.20710
[2026-07-01 23:37:10,070][root][INFO] - Epoch: 493  train_diff_loss: 0.46029  au_rec_loss: 0.03321  va_rec_loss: 0.01399  em_rec_loss: 0.02491  pred_loss: 0.20780
[2026-07-01 23:38:06,684][root][INFO] - Epoch: 494  train_diff_loss: 0.45776  au_rec_loss: 0.03275  va_rec_loss: 0.01359  em_rec_loss: 0.02488  pred_loss: 0.20831
[2026-07-01 23:39:03,283][root][INFO] - Epoch: 495  train_diff_loss: 0.46580  au_rec_loss: 0.03315  va_rec_loss: 0.01417  em_rec_loss: 0.02490  pred_loss: 0.21279
[2026-07-01 23:39:59,853][root][INFO] - Epoch: 496  train_diff_loss: 0.45296  au_rec_loss: 0.03324  va_rec_loss: 0.01380  em_rec_loss: 0.02450  pred_loss: 0.20299
[2026-07-01 23:40:56,431][root][INFO] - Epoch: 497  train_diff_loss: 0.45822  au_rec_loss: 0.03276  va_rec_loss: 0.01425  em_rec_loss: 0.02512  pred_loss: 0.20402
[2026-07-01 23:41:53,299][root][INFO] - Epoch: 498  train_diff_loss: 0.46267  au_rec_loss: 0.03263  va_rec_loss: 0.01410  em_rec_loss: 0.02489  pred_loss: 0.21026
[2026-07-01 23:42:49,856][root][INFO] - Epoch: 499  train_diff_loss: 0.45491  au_rec_loss: 0.03245  va_rec_loss: 0.01409  em_rec_loss: 0.02483  pred_loss: 0.20351
[2026-07-01 23:43:46,410][root][INFO] - Epoch: 500  train_diff_loss: 0.47537  au_rec_loss: 0.03464  va_rec_loss: 0.01445  em_rec_loss: 0.02528  pred_loss: 0.21780
[2026-07-01 23:43:53,610][root][INFO] - Epoch: 500  val_diff_loss: 0.64144  au_rec_loss: 0.04875  va_rec_loss: 0.02992  em_rec_loss: 0.03796  pred_loss: 0.22316
[2026-07-01 23:44:56,792][root][INFO] - Epoch: 501  train_diff_loss: 0.46530  au_rec_loss: 0.03435  va_rec_loss: 0.01429  em_rec_loss: 0.02537  pred_loss: 0.20780
[2026-07-01 23:45:53,443][root][INFO] - Epoch: 502  train_diff_loss: 0.45949  au_rec_loss: 0.03342  va_rec_loss: 0.01414  em_rec_loss: 0.02503  pred_loss: 0.20571
[2026-07-01 23:46:50,208][root][INFO] - Epoch: 503  train_diff_loss: 0.46215  au_rec_loss: 0.03355  va_rec_loss: 0.01498  em_rec_loss: 0.02549  pred_loss: 0.20163
[2026-07-01 23:47:47,153][root][INFO] - Epoch: 504  train_diff_loss: 0.46553  au_rec_loss: 0.03285  va_rec_loss: 0.01426  em_rec_loss: 0.02533  pred_loss: 0.20992
[2026-07-01 23:48:43,714][root][INFO] - Epoch: 505  train_diff_loss: 0.45541  au_rec_loss: 0.03258  va_rec_loss: 0.01458  em_rec_loss: 0.02471  pred_loss: 0.20203
[2026-07-01 23:49:40,323][root][INFO] - Epoch: 506  train_diff_loss: 0.46376  au_rec_loss: 0.03354  va_rec_loss: 0.01420  em_rec_loss: 0.02513  pred_loss: 0.20873
[2026-07-01 23:50:37,215][root][INFO] - Epoch: 507  train_diff_loss: 0.46956  au_rec_loss: 0.03290  va_rec_loss: 0.01419  em_rec_loss: 0.02500  pred_loss: 0.21637
[2026-07-01 23:51:33,916][root][INFO] - Epoch: 508  train_diff_loss: 0.47193  au_rec_loss: 0.03357  va_rec_loss: 0.01471  em_rec_loss: 0.02528  pred_loss: 0.21405
[2026-07-01 23:52:30,493][root][INFO] - Epoch: 509  train_diff_loss: 0.46726  au_rec_loss: 0.03251  va_rec_loss: 0.01412  em_rec_loss: 0.02449  pred_loss: 0.21642
[2026-07-01 23:53:27,438][root][INFO] - Epoch: 510  train_diff_loss: 0.45921  au_rec_loss: 0.03256  va_rec_loss: 0.01344  em_rec_loss: 0.02482  pred_loss: 0.21052
[2026-07-01 23:53:34,651][root][INFO] - Epoch: 510  val_diff_loss: 0.66637  au_rec_loss: 0.05132  va_rec_loss: 0.03172  em_rec_loss: 0.03890  pred_loss: 0.23051
[2026-07-01 23:53:40,741][__main__][INFO] - Fitting done
